#
# There is insufficient memory for the Java Runtime Environment to continue.
# Native memory allocation (malloc) failed to allocate 894096 bytes for Chunk::new
# Possible reasons:
#   The system is out of physical RAM or swap space
#   In 32 bit mode, the process size limit was hit
# Possible solutions:
#   Reduce memory load on the system
#   Increase physical memory or swap space
#   Check if swap backing store is full
#   Use 64 bit Java on a 64 bit OS
#   Decrease Java heap size (-Xmx/-Xms)
#   Decrease number of Java threads
#   Decrease Java thread stack sizes (-Xss)
#   Set larger code cache with -XX:ReservedCodeCacheSize=
# This output file may be truncated or incomplete.
#
#  Out of Memory Error (allocation.cpp:390), pid=9572, tid=11628
#
# JRE version: Java(TM) SE Runtime Environment (8.0_66-b18) (build 1.8.0_66-b18)
# Java VM: Java HotSpot(TM) 64-Bit Server VM (25.66-b18 mixed mode windows-amd64 compressed oops)
# Failed to write core dump. Minidumps are not enabled by default on client versions of Windows
#

---------------  T H R E A D  ---------------

Current thread (0x00000000151eb000):  JavaThread "C2 CompilerThread1" daemon [_thread_in_native, id=11628, stack(0x0000000016aa0000,0x0000000016ba0000)]

Stack: [0x0000000016aa0000,0x0000000016ba0000]
[error occurred during error reporting (printing stack bounds), id 0xc0000005]

Native frames: (J=compiled Java code, j=interpreted, Vv=VM code, C=native code)


Current CompileTask:
C2:   5586 1554       4       com.android.dx.ssa.SCCP::simulatePhiBlock (50 bytes)


---------------  P R O C E S S  ---------------

Java Threads: ( => current thread )
  0x0000000016e2f800 JavaThread "pool-1-thread-4" [_thread_blocked, id=4868, stack(0x00000000179e0000,0x0000000017ae0000)]
  0x0000000016e2b800 JavaThread "pool-1-thread-3" [_thread_blocked, id=9020, stack(0x0000000017770000,0x0000000017870000)]
  0x0000000016e25000 JavaThread "pool-1-thread-2" [_thread_blocked, id=11156, stack(0x00000000175c0000,0x00000000176c0000)]
  0x0000000016e23800 JavaThread "pool-2-thread-1" [_thread_blocked, id=11540, stack(0x0000000016400000,0x0000000016500000)]
  0x0000000016e23000 JavaThread "pool-1-thread-1" [_thread_blocked, id=8728, stack(0x00000000174b0000,0x00000000175b0000)]
  0x0000000016ba1800 JavaThread "Service Thread" daemon [_thread_blocked, id=10456, stack(0x00000000171c0000,0x00000000172c0000)]
  0x00000000151eb800 JavaThread "C1 CompilerThread2" daemon [_thread_blocked, id=10788, stack(0x0000000017060000,0x0000000017160000)]
=>0x00000000151eb000 JavaThread "C2 CompilerThread1" daemon [_thread_in_native, id=11628, stack(0x0000000016aa0000,0x0000000016ba0000)]
  0x00000000151e5800 JavaThread "C2 CompilerThread0" daemon [_thread_in_native, id=10768, stack(0x0000000016930000,0x0000000016a30000)]
  0x00000000151e4000 JavaThread "Attach Listener" daemon [_thread_blocked, id=8344, stack(0x0000000016800000,0x0000000016900000)]
  0x00000000151e1000 JavaThread "Signal Dispatcher" daemon [_thread_blocked, id=10776, stack(0x00000000166d0000,0x00000000167d0000)]
  0x0000000015181800 JavaThread "Finalizer" daemon [_thread_blocked, id=7528, stack(0x0000000016580000,0x0000000016680000)]
  0x0000000015180000 JavaThread "Reference Handler" daemon [_thread_blocked, id=9104, stack(0x00000000162e0000,0x00000000163e0000)]
  0x00000000021cf800 JavaThread "main" [_thread_blocked, id=10872, stack(0x0000000002490000,0x0000000002590000)]

Other Threads:
  0x000000001517a800 VMThread [stack: 0x0000000016180000,0x0000000016280000] [id=9304]
  0x0000000016ba9000 WatcherThread [stack: 0x0000000017360000,0x0000000017460000] [id=9652]

VM state:not at safepoint (normal execution)

VM Mutex/Monitor currently owned by a thread: None

Heap:
 PSYoungGen      total 35328K, used 14780K [0x00000000eab00000, 0x00000000ed000000, 0x0000000100000000)
  eden space 32768K, 37% used [0x00000000eab00000,0x00000000eb6f6ff0,0x00000000ecb00000)
  from space 2560K, 98% used [0x00000000ecb00000,0x00000000ecd78130,0x00000000ecd80000)
  to   space 2560K, 0% used [0x00000000ecd80000,0x00000000ecd80000,0x00000000ed000000)
 ParOldGen       total 44032K, used 8877K [0x00000000c0000000, 0x00000000c2b00000, 0x00000000eab00000)
  object space 44032K, 20% used [0x00000000c0000000,0x00000000c08ab560,0x00000000c2b00000)
 Metaspace       used 6147K, capacity 7128K, committed 7424K, reserved 1056768K
  class space    used 615K, capacity 656K, committed 768K, reserved 1048576K

Card table byte_map: [0x0000000011c20000,0x0000000011e30000] byte_map_base: 0x0000000011620000

Marking Bits: (ParMarkBitMap*) 0x0000000054eba5b0
 Begin Bits: [0x00000000125f0000, 0x00000000135f0000)
 End Bits:   [0x00000000135f0000, 0x00000000145f0000)

Polling page: 0x0000000000250000

CodeCache: size=245760Kb used=7157Kb max_used=7159Kb free=238602Kb
 bounds [0x0000000002860000, 0x0000000002f70000, 0x0000000011860000]
 total_blobs=1840 nmethods=1571 adapters=182
 compilation: enabled

Compilation events (10 events):
Event: 5.458 Thread 0x00000000151eb800 1587       3       com.android.dx.cf.code.Ropper$LabelAllocator::<init> (10 bytes)
Event: 5.458 Thread 0x00000000151eb800 nmethod 1587 0x0000000002f5d890 code [0x0000000002f5d9e0, 0x0000000002f5db90]
Event: 5.458 Thread 0x00000000151eb800 1591       3       com.android.dx.cf.code.Ropper::<init> (213 bytes)
Event: 5.460 Thread 0x00000000151eb800 nmethod 1591 0x0000000002f5dc50 code [0x0000000002f5df60, 0x0000000002f5f978]
Event: 5.464 Thread 0x00000000151e5800 nmethod 1568 0x0000000002f63990 code [0x0000000002f63b00, 0x0000000002f64098]
Event: 5.464 Thread 0x00000000151e5800 1561   !   4       com.android.dx.cf.code.Ropper::processBlock (1101 bytes)
Event: 5.472 Thread 0x00000000151eb800 1592       3       com.android.dx.cf.direct.FieldListParser::set (30 bytes)
Event: 5.473 Thread 0x00000000151eb800 nmethod 1592 0x0000000002f62550 code [0x0000000002f62740, 0x0000000002f63198]
Event: 5.473 Thread 0x00000000151eb800 1593       3       com.android.dx.cf.direct.AttributeFactory::parse0 (53 bytes)
Event: 5.474 Thread 0x00000000151eb800 nmethod 1593 0x0000000002f612d0 code [0x0000000002f614c0, 0x0000000002f61e28]

GC Heap History (6 events):
Event: 1.195 GC heap before
{Heap before GC invocations=1 (full 0):
 PSYoungGen      total 18944K, used 16384K [0x00000000eab00000, 0x00000000ec000000, 0x0000000100000000)
  eden space 16384K, 100% used [0x00000000eab00000,0x00000000ebb00000,0x00000000ebb00000)
  from space 2560K, 0% used [0x00000000ebd80000,0x00000000ebd80000,0x00000000ec000000)
  to   space 2560K, 0% used [0x00000000ebb00000,0x00000000ebb00000,0x00000000ebd80000)
 ParOldGen       total 44032K, used 0K [0x00000000c0000000, 0x00000000c2b00000, 0x00000000eab00000)
  object space 44032K, 0% used [0x00000000c0000000,0x00000000c0000000,0x00000000c2b00000)
 Metaspace       used 5689K, capacity 6768K, committed 7040K, reserved 1056768K
  class space    used 588K, capacity 616K, committed 640K, reserved 1048576K
Event: 1.372 GC heap after
Heap after GC invocations=1 (full 0):
 PSYoungGen      total 18944K, used 2554K [0x00000000eab00000, 0x00000000ed000000, 0x0000000100000000)
  eden space 16384K, 0% used [0x00000000eab00000,0x00000000eab00000,0x00000000ebb00000)
  from space 2560K, 99% used [0x00000000ebb00000,0x00000000ebd7eaa0,0x00000000ebd80000)
  to   space 2560K, 0% used [0x00000000ecd80000,0x00000000ecd80000,0x00000000ed000000)
 ParOldGen       total 44032K, used 1852K [0x00000000c0000000, 0x00000000c2b00000, 0x00000000eab00000)
  object space 44032K, 4% used [0x00000000c0000000,0x00000000c01cf028,0x00000000c2b00000)
 Metaspace       used 5689K, capacity 6768K, committed 7040K, reserved 1056768K
  class space    used 588K, capacity 616K, committed 640K, reserved 1048576K
}
Event: 1.729 GC heap before
{Heap before GC invocations=2 (full 0):
 PSYoungGen      total 18944K, used 18938K [0x00000000eab00000, 0x00000000ed000000, 0x0000000100000000)
  eden space 16384K, 100% used [0x00000000eab00000,0x00000000ebb00000,0x00000000ebb00000)
  from space 2560K, 99% used [0x00000000ebb00000,0x00000000ebd7eaa0,0x00000000ebd80000)
  to   space 2560K, 0% used [0x00000000ecd80000,0x00000000ecd80000,0x00000000ed000000)
 ParOldGen       total 44032K, used 1852K [0x00000000c0000000, 0x00000000c2b00000, 0x00000000eab00000)
  object space 44032K, 4% used [0x00000000c0000000,0x00000000c01cf028,0x00000000c2b00000)
 Metaspace       used 5809K, capacity 6832K, committed 7040K, reserved 1056768K
  class space    used 594K, capacity 616K, committed 640K, reserved 1048576K
Event: 1.793 GC heap after
Heap after GC invocations=2 (full 0):
 PSYoungGen      total 35328K, used 2544K [0x00000000eab00000, 0x00000000ed000000, 0x0000000100000000)
  eden space 32768K, 0% used [0x00000000eab00000,0x00000000eab00000,0x00000000ecb00000)
  from space 2560K, 99% used [0x00000000ecd80000,0x00000000ecffc140,0x00000000ed000000)
  to   space 2560K, 0% used [0x00000000ecb00000,0x00000000ecb00000,0x00000000ecd80000)
 ParOldGen       total 44032K, used 4105K [0x00000000c0000000, 0x00000000c2b00000, 0x00000000eab00000)
  object space 44032K, 9% used [0x00000000c0000000,0x00000000c0402688,0x00000000c2b00000)
 Metaspace       used 5809K, capacity 6832K, committed 7040K, reserved 1056768K
  class space    used 594K, capacity 616K, committed 640K, reserved 1048576K
}
Event: 4.625 GC heap before
{Heap before GC invocations=3 (full 0):
 PSYoungGen      total 35328K, used 35312K [0x00000000eab00000, 0x00000000ed000000, 0x0000000100000000)
  eden space 32768K, 100% used [0x00000000eab00000,0x00000000ecb00000,0x00000000ecb00000)
  from space 2560K, 99% used [0x00000000ecd80000,0x00000000ecffc140,0x00000000ed000000)
  to   space 2560K, 0% used [0x00000000ecb00000,0x00000000ecb00000,0x00000000ecd80000)
 ParOldGen       total 44032K, used 4105K [0x00000000c0000000, 0x00000000c2b00000, 0x00000000eab00000)
  object space 44032K, 9% used [0x00000000c0000000,0x00000000c0402688,0x00000000c2b00000)
 Metaspace       used 6023K, capacity 7024K, committed 7296K, reserved 1056768K
  class space    used 595K, capacity 616K, committed 640K, reserved 1048576K
Event: 4.789 GC heap after
Heap after GC invocations=3 (full 0):
 PSYoungGen      total 35328K, used 2528K [0x00000000eab00000, 0x00000000ed000000, 0x0000000100000000)
  eden space 32768K, 0% used [0x00000000eab00000,0x00000000eab00000,0x00000000ecb00000)
  from space 2560K, 98% used [0x00000000ecb00000,0x00000000ecd78130,0x00000000ecd80000)
  to   space 2560K, 0% used [0x00000000ecd80000,0x00000000ecd80000,0x00000000ed000000)
 ParOldGen       total 44032K, used 8877K [0x00000000c0000000, 0x00000000c2b00000, 0x00000000eab00000)
  object space 44032K, 20% used [0x00000000c0000000,0x00000000c08ab560,0x00000000c2b00000)
 Metaspace       used 6023K, capacity 7024K, committed 7296K, reserved 1056768K
  class space    used 595K, capacity 616K, committed 640K, reserved 1048576K
}

Deoptimization events (10 events):
Event: 3.154 Thread 0x0000000016e23000 Uncommon trap: reason=unstable_if action=reinterpret pc=0x0000000002d4a96c method=com.android.dx.rop.code.RegisterSpecSet.put(Lcom/android/dx/rop/code/RegisterSpec;)V @ 77
Event: 3.154 Thread 0x0000000016e23000 Uncommon trap: reason=unstable_if action=reinterpret pc=0x0000000002bae854 method=com.android.dx.rop.code.RegisterSpecSet.put(Lcom/android/dx/rop/code/RegisterSpec;)V @ 77
Event: 3.154 Thread 0x0000000016e23000 Uncommon trap: reason=unstable_if action=reinterpret pc=0x0000000002b2a21c method=com.android.dx.rop.code.RegisterSpecSet.put(Lcom/android/dx/rop/code/RegisterSpec;)V @ 77
Event: 3.154 Thread 0x0000000016e23000 Uncommon trap: reason=class_check action=maybe_recompile pc=0x0000000002c21e14 method=java.util.HashMap.putVal(ILjava/lang/Object;Ljava/lang/Object;ZZ)Ljava/lang/Object; @ 203
Event: 3.155 Thread 0x0000000016e23000 Uncommon trap: reason=bimorphic action=maybe_recompile pc=0x0000000002bf8cac method=java.util.HashMap.getNode(ILjava/lang/Object;)Ljava/util/HashMap$Node; @ 126
Event: 3.167 Thread 0x0000000016e23000 Uncommon trap: reason=unstable_if action=reinterpret pc=0x0000000002d38a4c method=com.android.dx.rop.code.RegisterSpecSet.put(Lcom/android/dx/rop/code/RegisterSpec;)V @ 77
Event: 3.168 Thread 0x0000000016e23000 Uncommon trap: reason=uninitialized action=reinterpret pc=0x0000000002dd2f90 method=com.android.dx.cf.code.BytecodeArray.parseInstruction(ILcom/android/dx/cf/code/BytecodeArray$Visitor;)I @ 1015
Event: 3.487 Thread 0x0000000016e23000 Uncommon trap: reason=unstable_if action=reinterpret pc=0x0000000002db6c84 method=com.android.dx.ssa.SCCP.simulateBranch(Lcom/android/dx/ssa/SsaInsn;)V @ 64
Event: 5.429 Thread 0x0000000016e23000 Uncommon trap: reason=unstable_if action=reinterpret pc=0x0000000002af55bc method=java.util.HashMap.putVal(ILjava/lang/Object;Ljava/lang/Object;ZZ)Ljava/lang/Object; @ 162
Event: 5.445 Thread 0x0000000016e23000 Uncommon trap: reason=unstable_if action=reinterpret pc=0x0000000002db4200 method=java.util.HashMap.getNode(ILjava/lang/Object;)Ljava/util/HashMap$Node; @ 84

Internal exceptions (6 events):
Event: 0.256 Thread 0x00000000021cf800 Exception <a 'java/lang/NoSuchMethodError': Method sun.misc.Unsafe.defineClass(Ljava/lang/String;[BII)Ljava/lang/Class; name or signature does not match> (0x00000000eab0db18) thrown at [C:\re\workspace\8-2-build-windows-amd64-cygwin\jdk8u66\5298\hotspot\sr¿eŠù·dÐ?
Event: 0.256 Thread 0x00000000021cf800 Exception <a 'java/lang/NoSuchMethodError': Method sun.misc.Unsafe.prefetchRead(Ljava/lang/Object;J)V name or signature does not match> (0x00000000eab0de00) thrown at [C:\re\workspace\8-2-build-windows-amd64-cygwin\jdk8u66\5298\hotspot\src\share\vm\prims\j»7ÒIþò?
Event: 1.187 Thread 0x00000000021cf800 Implicit null exception at 0x0000000002b03a26 to 0x0000000002b051b5
Event: 5.439 Thread 0x0000000016e23000 Exception <a 'java/lang/ArrayIndexOutOfBoundsException': 18> (0x00000000eb4270b8) thrown at [C:\re\workspace\8-2-build-windows-amd64-cygwin\jdk8u66\5298\hotspot\src\share\vm\interpreter\interpreterRuntime.cpp, line 366]
Event: 5.440 Thread 0x0000000016e23000 Exception <a 'java/lang/ArrayIndexOutOfBoundsException': 145> (0x00000000eb428c38) thrown at [C:\re\workspace\8-2-build-windows-amd64-cygwin\jdk8u66\5298\hotspot\src\share\vm\interpreter\interpreterRuntime.cpp, line 366]
Event: 5.442 Thread 0x0000000016e23000 Exception <a 'java/lang/ArrayIndexOutOfBoundsException'> (0x00000000eb429f20) thrown at [C:\re\workspace\8-2-build-windows-amd64-cygwin\jdk8u66\5298\hotspot\src\share\vm\runtime\sharedRuntime.cpp, line 605]

Events (10 events):
Event: 5.442 loading class sun/reflect/generics/reflectiveObjects/ParameterizedTypeImpl done
Event: 5.442 loading class java/lang/reflect/TypeVariable
Event: 5.442 loading class java/lang/reflect/TypeVariable done
Event: 5.442 loading class sun/reflect/generics/reflectiveObjects/TypeVariableImpl
Event: 5.442 loading class sun/reflect/generics/reflectiveObjects/LazyReflectiveObjectGenerator
Event: 5.442 loading class sun/reflect/generics/reflectiveObjects/LazyReflectiveObjectGenerator done
Event: 5.442 loading class sun/reflect/generics/reflectiveObjects/TypeVariableImpl done
Event: 5.445 Thread 0x0000000016e23000 Uncommon trap: trap_request=0xffffff65 fr.pc=0x0000000002db4200
Event: 5.445 Thread 0x0000000016e23000 DEOPT PACKING pc=0x0000000002db4200 sp=0x00000000175ae630
Event: 5.445 Thread 0x0000000016e23000 DEOPT UNPACKING pc=0x00000000028a582a sp=0x00000000175ae5a8 mode 2


Dynamic libraries:
0x000000013f690000 - 0x000000013f6c7000 	C:\Program Files\Java\jdk1.8.0_66\bin\java.exe
0x0000000077a00000 - 0x0000000077ba9000 	C:\windows\SYSTEM32\ntdll.dll
0x00000000777e0000 - 0x00000000778ff000 	C:\windows\system32\kernel32.dll
0x000007fefc4e0000 - 0x000007fefc54c000 	C:\windows\system32\KERNELBASE.dll
0x000007fefe920000 - 0x000007fefe9fb000 	C:\windows\system32\ADVAPI32.dll
0x000007fefe420000 - 0x000007fefe4bf000 	C:\windows\system32\msvcrt.dll
0x000007fefd520000 - 0x000007fefd53f000 	C:\windows\SYSTEM32\sechost.dll
0x000007fefe7f0000 - 0x000007fefe91d000 	C:\windows\system32\RPCRT4.dll
0x0000000077900000 - 0x00000000779fa000 	C:\windows\system32\USER32.dll
0x000007fefd3d0000 - 0x000007fefd437000 	C:\windows\system32\GDI32.dll
0x000007fefcc60000 - 0x000007fefcc6e000 	C:\windows\system32\LPK.dll
0x000007fefcac0000 - 0x000007fefcb8a000 	C:\windows\system32\USP10.dll
0x000007fefadf0000 - 0x000007fefafe4000 	C:\windows\WinSxS\amd64_microsoft.windows.common-controls_6595b64144ccf1df_6.0.7601.18837_none_fa3b1e3d17594757\COMCTL32.dll
0x000007fefd540000 - 0x000007fefd5b1000 	C:\windows\system32\SHLWAPI.dll
0x000007fefd660000 - 0x000007fefd68e000 	C:\windows\system32\IMM32.DLL
0x000007fefe4c0000 - 0x000007fefe5c9000 	C:\windows\system32\MSCTF.dll
0x000007fef6400000 - 0x000007fef6491000 	C:\Program Files (x86)\AVG\AVG2015\avghooka.dll
0x000000005aa30000 - 0x000000005ab02000 	C:\Program Files\Java\jdk1.8.0_66\jre\bin\msvcr100.dll
0x00000000546b0000 - 0x0000000054f39000 	C:\Program Files\Java\jdk1.8.0_66\jre\bin\server\jvm.dll
0x000007fef95c0000 - 0x000007fef95c9000 	C:\windows\system32\WSOCK32.dll
0x000007fefcb90000 - 0x000007fefcbdd000 	C:\windows\system32\WS2_32.dll
0x000007fefe7e0000 - 0x000007fefe7e8000 	C:\windows\system32\NSI.dll
0x000007fefa570000 - 0x000007fefa5ab000 	C:\windows\system32\WINMM.dll
0x000007fefb780000 - 0x000007fefb78c000 	C:\windows\system32\VERSION.dll
0x0000000077bd0000 - 0x0000000077bd7000 	C:\windows\system32\PSAPI.DLL
0x0000000075140000 - 0x000000007514f000 	C:\Program Files\Java\jdk1.8.0_66\jre\bin\verify.dll
0x0000000064170000 - 0x0000000064199000 	C:\Program Files\Java\jdk1.8.0_66\jre\bin\java.dll
0x0000000075060000 - 0x0000000075076000 	C:\Program Files\Java\jdk1.8.0_66\jre\bin\zip.dll
0x000007fefd690000 - 0x000007fefe419000 	C:\windows\system32\SHELL32.dll
0x000007fefe5d0000 - 0x000007fefe7d3000 	C:\windows\system32\ole32.dll
0x000007fefc490000 - 0x000007fefc49f000 	C:\windows\system32\profapi.dll

VM Arguments:
jvm_args: -Djava.awt.headless=true -Xmx1024M -Dfile.encoding=windows-1252 -Duser.country=US -Duser.language=en -Duser.variant 
java_command: com.android.dx.command.Main --dex --num-threads=4 --output C:\Users\DABBY(3pleMinds)\AndroidStudioProjects\Wacos\app\build\intermediates\pre-dexed\debug\com.android.support-recyclerview-v7-23.1.1_78b37018ad5b24240d1d94e899086a2e928e38ed.jar C:\Users\DABBY(3pleMinds)\AndroidStudioProjects\Wacos\app\build\intermediates\exploded-aar\com.android.support\recyclerview-v7\23.1.1\jars\classes.jar
java_class_path (initial): C:\Android\sdk\SDK\sdk\build-tools\23.0.1\lib\dx.jar
Launcher Type: SUN_STANDARD

Environment Variables:
PATH=C:\ProgramData\Oracle\Java\javapath;C:\xampp\apache\bin;C:\xampp\mysql\bin;C:\Program Files\Java\jre1.8.0_66\bin; C:\Program Files\Java\jdk1.8.0_66\bin;C:\Program Files (x86)\PC Connectivity Solution\;C:\Program Files\Common Files\Microsoft Shared\WindowsLive; C:\windows\system32;C:\windows;C:\windows\System32\Wbem;C:\windows\System32\WindowsPowerShell\v1.0\;C:\Program Files (x86)\Common Files\Roxio Shared\DLLShared\;C:\Program Files (x86)\Common Files\Roxio Shared\OEM\DLLShared\;C:\Program Files (x86)\Common Files\Roxio Shared\OEM\DLLShared\;C:\Program Files (x86)\Common Files\Roxio Shared\OEM\12.0\DLLShared\;C:\Program Files (x86)\Roxio\OEM\AudioCore\;C:\Program Files (x86)\Intel\Services\IPT\; C:\Program Files (x86)\MySQL\sqlite-shell-win32-x86-3080500;C:\cygwin64\bin;C:\Program Files\nodejs\node.exe;C:\wamp\bin\php\php5.5.12;C:\ProgramData\ComposerSetup\bin;C:\windows\system32;C:\Program Files\nodejs\node.exe;%ANT_HOME%;%ANDROID_HOME%;%ANDROID_TOOL%;C:\\Users\DABBY(3pleMinds)\AppData\Roaming\Composer\vendor\bin
USERNAME=DABBY(3pleMinds)
OS=Windows_NT
PROCESSOR_IDENTIFIER=Intel64 Family 6 Model 42 Stepping 7, GenuineIntel



---------------  S Y S T E M  ---------------

OS: Windows 7 , 64 bit Build 7601 (6.1.7601.19110)

CPU:total 4 (2 cores per cpu, 2 threads per core) family 6 model 42 stepping 7, cmov, cx8, fxsr, mmx, sse, sse2, sse3, ssse3, sse4.1, sse4.2, popcnt, avx, aes, clmul, ht, tsc, tscinvbit

Memory: 4k page, physical 4127084k(139932k free), swap 8716012k(11628k free)

vm_info: Java HotSpot(TM) 64-Bit Server VM (25.66-b18) for windows-amd64 JRE (1.8.0_66-b18), built on Nov  9 2015 10:51:13 by "java_re" with MS VC++ 10.0 (VS2010)

time: Wed Jan 27 03:21:56 2016
elapsed time: 5 seconds (0d 0h 0m 5s)

