#
# There is insufficient memory for the Java Runtime Environment to continue.
# Native memory allocation (malloc) failed to allocate 32744 bytes for ChunkPool::allocate
# Possible reasons:
#   The system is out of physical RAM or swap space
#   In 32 bit mode, the process size limit was hit
# Possible solutions:
#   Reduce memory load on the system
#   Increase physical memory or swap space
#   Check if swap backing store is full
#   Use 64 bit Java on a 64 bit OS
#   Decrease Java heap size (-Xmx/-Xms)
#   Decrease number of Java threads
#   Decrease Java thread stack sizes (-Xss)
#   Set larger code cache with -XX:ReservedCodeCacheSize=
# This output file may be truncated or incomplete.
#
#  Out of Memory Error (allocation.cpp:273), pid=11588, tid=9816
#
# JRE version: Java(TM) SE Runtime Environment (8.0_66-b18) (build 1.8.0_66-b18)
# Java VM: Java HotSpot(TM) 64-Bit Server VM (25.66-b18 mixed mode windows-amd64 compressed oops)
# Failed to write core dump. Minidumps are not enabled by default on client versions of Windows
#

---------------  T H R E A D  ---------------

Current thread (0x0000000015295800):  JavaThread "C2 CompilerThread0" daemon [_thread_in_vm, id=9816, stack(0x0000000016d80000,0x0000000016e80000)]

Stack: [0x0000000016d80000,0x0000000016e80000]
[error occurred during error reporting (printing stack bounds), id 0xc0000005]

Native frames: (J=compiled Java code, j=interpreted, Vv=VM code, C=native code)


Current CompileTask:
C2:   6908 1293       4       com.android.dx.ssa.LiteralOpUpgrader$1::visitNonMoveInsn (203 bytes)


---------------  P R O C E S S  ---------------

Java Threads: ( => current thread )
  0x00000000167e8000 JavaThread "pool-1-thread-4" [_thread_blocked, id=9572, stack(0x0000000017b90000,0x0000000017c90000)]
  0x00000000167e7000 JavaThread "pool-1-thread-3" [_thread_blocked, id=11980, stack(0x0000000017930000,0x0000000017a30000)]
  0x00000000167b7000 JavaThread "pool-1-thread-2" [_thread_blocked, id=8300, stack(0x0000000017740000,0x0000000017840000)]
  0x0000000016612800 JavaThread "pool-2-thread-1" [_thread_blocked, id=2360, stack(0x00000000175f0000,0x00000000176f0000)]
  0x000000001660d000 JavaThread "pool-1-thread-1" [_thread_blocked, id=7856, stack(0x00000000168f0000,0x00000000169f0000)]
  0x0000000016529800 JavaThread "Service Thread" daemon [_thread_blocked, id=11620, stack(0x00000000172a0000,0x00000000173a0000)]
  0x0000000016528800 JavaThread "C1 CompilerThread2" daemon [_thread_blocked, id=2960, stack(0x00000000170e0000,0x00000000171e0000)]
  0x0000000016527000 JavaThread "C2 CompilerThread1" daemon [_thread_in_vm, id=2416, stack(0x0000000016f20000,0x0000000017020000)]
=>0x0000000015295800 JavaThread "C2 CompilerThread0" daemon [_thread_in_vm, id=9816, stack(0x0000000016d80000,0x0000000016e80000)]
  0x0000000015294800 JavaThread "Attach Listener" daemon [_thread_blocked, id=9084, stack(0x0000000016bb0000,0x0000000016cb0000)]
  0x0000000015293800 JavaThread "Signal Dispatcher" daemon [_thread_blocked, id=9472, stack(0x0000000016aa0000,0x0000000016ba0000)]
  0x0000000015231800 JavaThread "Finalizer" daemon [_thread_blocked, id=1268, stack(0x00000000163d0000,0x00000000164d0000)]
  0x0000000015230000 JavaThread "Reference Handler" daemon [_thread_blocked, id=10788, stack(0x0000000016280000,0x0000000016380000)]
  0x000000000031f800 JavaThread "main" [_thread_blocked, id=6152, stack(0x0000000002510000,0x0000000002610000)]

Other Threads:
  0x000000001522a800 VMThread [stack: 0x0000000016120000,0x0000000016220000] [id=4704]
  0x000000001653f800 WatcherThread [stack: 0x0000000017440000,0x0000000017540000] [id=5924]

VM state:not at safepoint (normal execution)

VM Mutex/Monitor currently owned by a thread: None

Heap:
 PSYoungGen      total 18944K, used 18476K [0x00000000eab00000, 0x00000000ed000000, 0x0000000100000000)
  eden space 16384K, 97% used [0x00000000eab00000,0x00000000eba91b18,0x00000000ebb00000)
  from space 2560K, 98% used [0x00000000ebb00000,0x00000000ebd79518,0x00000000ebd80000)
  to   space 2560K, 0% used [0x00000000ecd80000,0x00000000ecd80000,0x00000000ed000000)
 ParOldGen       total 44032K, used 2165K [0x00000000c0000000, 0x00000000c2b00000, 0x00000000eab00000)
  object space 44032K, 4% used [0x00000000c0000000,0x00000000c021d4d8,0x00000000c2b00000)
 Metaspace       used 5750K, capacity 6960K, committed 7040K, reserved 1056768K
  class space    used 579K, capacity 616K, committed 640K, reserved 1048576K

Card table byte_map: [0x0000000011ca0000,0x0000000011eb0000] byte_map_base: 0x00000000116a0000

Marking Bits: (ParMarkBitMap*) 0x0000000054d6a5b0
 Begin Bits: [0x00000000126a0000, 0x00000000136a0000)
 End Bits:   [0x00000000136a0000, 0x00000000146a0000)

Polling page: 0x0000000000150000

CodeCache: size=245760Kb used=5666Kb max_used=5680Kb free=240093Kb
 bounds [0x00000000028e0000, 0x0000000002e80000, 0x00000000118e0000]
 total_blobs=1554 nmethods=1292 adapters=175
 compilation: enabled

Compilation events (10 events):
Event: 6.525 Thread 0x0000000016527000 1289       4       com.android.dx.ssa.back.FirstFitLocalCombiningAllocator$1::processInsn (169 bytes)
Event: 6.543 Thread 0x0000000016528800 1290       1       com.android.dx.rop.code.Insn$BaseVisitor::visitThrowingCstInsn (1 bytes)
Event: 6.543 Thread 0x0000000016528800 nmethod 1290 0x0000000002e2f190 code [0x0000000002e2f2e0, 0x0000000002e2f3f0]
Event: 6.543 Thread 0x0000000016528800 1291       3       java.util.Arrays::rangeCheck (74 bytes)
Event: 6.544 Thread 0x0000000016528800 nmethod 1291 0x0000000002e6b190 code [0x0000000002e6b3e0, 0x0000000002e6c108]
Event: 6.579 Thread 0x0000000016527000 nmethod 1289 0x0000000002e6ef90 code [0x0000000002e6f1c0, 0x0000000002e70268]
Event: 6.895 Thread 0x0000000016528800 1292       3       com.android.dx.rop.annotation.NameValuePair::<init> (43 bytes)
Event: 6.895 Thread 0x0000000016528800 nmethod 1292 0x0000000002e6aad0 code [0x0000000002e6ac60, 0x0000000002e6b018]
Event: 6.896 Thread 0x0000000015295800 1293       4       com.android.dx.ssa.LiteralOpUpgrader$1::visitNonMoveInsn (203 bytes)
Event: 6.904 Thread 0x0000000016527000 1294       4       com.android.dx.ssa.LiteralOpUpgrader::tryReplacingWithConstant (161 bytes)

GC Heap History (2 events):
Event: 3.717 GC heap before
{Heap before GC invocations=1 (full 0):
 PSYoungGen      total 18944K, used 16384K [0x00000000eab00000, 0x00000000ec000000, 0x0000000100000000)
  eden space 16384K, 100% used [0x00000000eab00000,0x00000000ebb00000,0x00000000ebb00000)
  from space 2560K, 0% used [0x00000000ebd80000,0x00000000ebd80000,0x00000000ec000000)
  to   space 2560K, 0% used [0x00000000ebb00000,0x00000000ebb00000,0x00000000ebd80000)
 ParOldGen       total 44032K, used 0K [0x00000000c0000000, 0x00000000c2b00000, 0x00000000eab00000)
  object space 44032K, 0% used [0x00000000c0000000,0x00000000c0000000,0x00000000c2b00000)
 Metaspace       used 5526K, capacity 6768K, committed 7040K, reserved 1056768K
  class space    used 572K, capacity 616K, committed 640K, reserved 1048576K
Event: 3.899 GC heap after
Heap after GC invocations=1 (full 0):
 PSYoungGen      total 18944K, used 2533K [0x00000000eab00000, 0x00000000ed000000, 0x0000000100000000)
  eden space 16384K, 0% used [0x00000000eab00000,0x00000000eab00000,0x00000000ebb00000)
  from space 2560K, 98% used [0x00000000ebb00000,0x00000000ebd79518,0x00000000ebd80000)
  to   space 2560K, 0% used [0x00000000ecd80000,0x00000000ecd80000,0x00000000ed000000)
 ParOldGen       total 44032K, used 2165K [0x00000000c0000000, 0x00000000c2b00000, 0x00000000eab00000)
  object space 44032K, 4% used [0x00000000c0000000,0x00000000c021d4d8,0x00000000c2b00000)
 Metaspace       used 5526K, capacity 6768K, committed 7040K, reserved 1056768K
  class space    used 572K, capacity 616K, committed 640K, reserved 1048576K
}

Deoptimization events (10 events):
Event: 4.182 Thread 0x00000000167e8000 Uncommon trap: reason=class_check action=maybe_recompile pc=0x0000000002b64860 method=com.android.dx.ssa.NormalSsaInsn.accept(Lcom/android/dx/ssa/SsaInsn$Visitor;)V @ 9
Event: 4.182 Thread 0x00000000167e8000 Uncommon trap: reason=class_check action=maybe_recompile pc=0x0000000002b64860 method=com.android.dx.ssa.NormalSsaInsn.accept(Lcom/android/dx/ssa/SsaInsn$Visitor;)V @ 9
Event: 4.337 Thread 0x00000000167e7000 Uncommon trap: reason=unstable_if action=reinterpret pc=0x0000000002cfe0bc method=com.android.dx.rop.code.RegisterSpecSet.put(Lcom/android/dx/rop/code/RegisterSpec;)V @ 77
Event: 4.337 Thread 0x00000000167e7000 Uncommon trap: reason=unstable_if action=reinterpret pc=0x0000000002d218ec method=com.android.dx.rop.code.RegisterSpecSet.put(Lcom/android/dx/rop/code/RegisterSpec;)V @ 77
Event: 4.355 Thread 0x000000001660d000 Uncommon trap: reason=unstable_if action=reinterpret pc=0x0000000002c8b7d8 method=com.android.dx.rop.code.LocalItem.hashCode()I @ 25
Event: 4.731 Thread 0x00000000167b7000 Uncommon trap: reason=uninitialized action=reinterpret pc=0x0000000002d56f24 method=com.android.dx.cf.code.BytecodeArray.parseInstruction(ILcom/android/dx/cf/code/BytecodeArray$Visitor;)I @ 1047
Event: 5.687 Thread 0x000000000031f800 Uncommon trap: reason=unstable_if action=reinterpret pc=0x0000000002de8af0 method=com.android.dx.rop.type.Type.intern(Ljava/lang/String;)Lcom/android/dx/rop/type/Type; @ 67
Event: 5.744 Thread 0x00000000167e7000 Uncommon trap: reason=null_check action=make_not_entrant pc=0x0000000002ce2010 method=com.android.dx.rop.type.Type.equals(Ljava/lang/Object;)Z @ 8
Event: 6.194 Thread 0x000000000031f800 Uncommon trap: reason=unstable_if action=reinterpret pc=0x0000000002df49ac method=com.android.dx.cf.direct.StdAttributeFactory.parse0(Lcom/android/dx/cf/direct/DirectClassFile;ILjava/lang/String;IILcom/android/dx/cf/iface/ParseObserver;)Lcom/android/dx/cf//O?≥<b@
Event: 6.346 Thread 0x00000000167b7000 Uncommon trap: reason=unstable_if action=reinterpret pc=0x0000000002e33820 method=com.android.dx.ssa.SCCP.simulateBranch(Lcom/android/dx/ssa/SsaInsn;)V @ 81

Internal exceptions (3 events):
Event: 1.193 Thread 0x000000000031f800 Exception <a 'java/lang/NoSuchMethodError': Method sun.misc.Unsafe.defineClass(Ljava/lang/String;[BII)Ljava/lang/Class; name or signature does not match> (0x00000000eab0da58) thrown at [C:\re\workspace\8-2-build-windows-amd64-cygwin\jdk8u66\5298\hotspot\srAö/ Û?
Event: 1.193 Thread 0x000000000031f800 Exception <a 'java/lang/NoSuchMethodError': Method sun.misc.Unsafe.prefetchRead(Ljava/lang/Object;J)V name or signature does not match> (0x00000000eab0dd40) thrown at [C:\re\workspace\8-2-build-windows-amd64-cygwin\jdk8u66\5298\hotspot\src\share\vm\prims\j_mùò˙@
Event: 5.744 Thread 0x00000000167e7000 Implicit null exception at 0x0000000002ce1f12 to 0x0000000002ce2002

Events (10 events):
Event: 5.687 Thread 0x000000000031f800 DEOPT UNPACKING pc=0x000000000292582a sp=0x000000000260e298 mode 2
Event: 5.744 Thread 0x00000000167e7000 Uncommon trap: trap_request=0xfffffff4 fr.pc=0x0000000002ce2010
Event: 5.744 Thread 0x00000000167e7000 DEOPT PACKING pc=0x0000000002ce2010 sp=0x0000000017a2e5f0
Event: 5.744 Thread 0x00000000167e7000 DEOPT UNPACKING pc=0x000000000292582a sp=0x0000000017a2e588 mode 2
Event: 6.194 Thread 0x000000000031f800 Uncommon trap: trap_request=0xffffff65 fr.pc=0x0000000002df49ac
Event: 6.194 Thread 0x000000000031f800 DEOPT PACKING pc=0x0000000002df49ac sp=0x000000000260e400
Event: 6.194 Thread 0x000000000031f800 DEOPT UNPACKING pc=0x000000000292582a sp=0x000000000260e398 mode 2
Event: 6.346 Thread 0x00000000167b7000 Uncommon trap: trap_request=0xffffff65 fr.pc=0x0000000002e33820
Event: 6.346 Thread 0x00000000167b7000 DEOPT PACKING pc=0x0000000002e33820 sp=0x000000001783ea90
Event: 6.346 Thread 0x00000000167b7000 DEOPT UNPACKING pc=0x000000000292582a sp=0x000000001783ea50 mode 2


Dynamic libraries:
0x000000013f270000 - 0x000000013f2a7000 	C:\Program Files\Java\jdk1.8.0_66\bin\java.exe
0x0000000077a00000 - 0x0000000077ba9000 	C:\windows\SYSTEM32\ntdll.dll
0x00000000777e0000 - 0x00000000778ff000 	C:\windows\system32\kernel32.dll
0x000007fefc4e0000 - 0x000007fefc54c000 	C:\windows\system32\KERNELBASE.dll
0x000007fefe920000 - 0x000007fefe9fb000 	C:\windows\system32\ADVAPI32.dll
0x000007fefe420000 - 0x000007fefe4bf000 	C:\windows\system32\msvcrt.dll
0x000007fefd520000 - 0x000007fefd53f000 	C:\windows\SYSTEM32\sechost.dll
0x000007fefe7f0000 - 0x000007fefe91d000 	C:\windows\system32\RPCRT4.dll
0x0000000077900000 - 0x00000000779fa000 	C:\windows\system32\USER32.dll
0x000007fefd3d0000 - 0x000007fefd437000 	C:\windows\system32\GDI32.dll
0x000007fefcc60000 - 0x000007fefcc6e000 	C:\windows\system32\LPK.dll
0x000007fefcac0000 - 0x000007fefcb8a000 	C:\windows\system32\USP10.dll
0x000007fefadf0000 - 0x000007fefafe4000 	C:\windows\WinSxS\amd64_microsoft.windows.common-controls_6595b64144ccf1df_6.0.7601.18837_none_fa3b1e3d17594757\COMCTL32.dll
0x000007fefd540000 - 0x000007fefd5b1000 	C:\windows\system32\SHLWAPI.dll
0x000007fefd660000 - 0x000007fefd68e000 	C:\windows\system32\IMM32.DLL
0x000007fefe4c0000 - 0x000007fefe5c9000 	C:\windows\system32\MSCTF.dll
0x000007fef6400000 - 0x000007fef6491000 	C:\Program Files (x86)\AVG\AVG2015\avghooka.dll
0x000000005c020000 - 0x000000005c0f2000 	C:\Program Files\Java\jdk1.8.0_66\jre\bin\msvcr100.dll
0x0000000054560000 - 0x0000000054de9000 	C:\Program Files\Java\jdk1.8.0_66\jre\bin\server\jvm.dll
0x000007fef95c0000 - 0x000007fef95c9000 	C:\windows\system32\WSOCK32.dll
0x000007fefcb90000 - 0x000007fefcbdd000 	C:\windows\system32\WS2_32.dll
0x000007fefe7e0000 - 0x000007fefe7e8000 	C:\windows\system32\NSI.dll
0x000007fefa570000 - 0x000007fefa5ab000 	C:\windows\system32\WINMM.dll
0x000007fefb780000 - 0x000007fefb78c000 	C:\windows\system32\VERSION.dll
0x0000000077bd0000 - 0x0000000077bd7000 	C:\windows\system32\PSAPI.DLL
0x0000000075150000 - 0x000000007515f000 	C:\Program Files\Java\jdk1.8.0_66\jre\bin\verify.dll
0x0000000075050000 - 0x0000000075079000 	C:\Program Files\Java\jdk1.8.0_66\jre\bin\java.dll
0x0000000064540000 - 0x0000000064556000 	C:\Program Files\Java\jdk1.8.0_66\jre\bin\zip.dll
0x000007fefd690000 - 0x000007fefe419000 	C:\windows\system32\SHELL32.dll
0x000007fefe5d0000 - 0x000007fefe7d3000 	C:\windows\system32\ole32.dll
0x000007fefc490000 - 0x000007fefc49f000 	C:\windows\system32\profapi.dll

VM Arguments:
jvm_args: -Djava.awt.headless=true -Xmx1024M -Dfile.encoding=windows-1252 -Duser.country=US -Duser.language=en -Duser.variant 
java_command: com.android.dx.command.Main --dex --num-threads=4 --output C:\Users\DABBY(3pleMinds)\AndroidStudioProjects\Wacos\app\build\intermediates\pre-dexed\debug\debug_28ad991036fe0ccb0c828adf6011e3b751e003d8.jar C:\Users\DABBY(3pleMinds)\AndroidStudioProjects\Wacos\app\build\intermediates\classes\debug
java_class_path (initial): C:\Android\sdk\SDK\sdk\build-tools\23.0.1\lib\dx.jar
Launcher Type: SUN_STANDARD

Environment Variables:
PATH=C:\ProgramData\Oracle\Java\javapath;C:\xampp\apache\bin;C:\xampp\mysql\bin;C:\Program Files\Java\jre1.8.0_66\bin; C:\Program Files\Java\jdk1.8.0_66\bin;C:\Program Files (x86)\PC Connectivity Solution\;C:\Program Files\Common Files\Microsoft Shared\WindowsLive; C:\windows\system32;C:\windows;C:\windows\System32\Wbem;C:\windows\System32\WindowsPowerShell\v1.0\;C:\Program Files (x86)\Common Files\Roxio Shared\DLLShared\;C:\Program Files (x86)\Common Files\Roxio Shared\OEM\DLLShared\;C:\Program Files (x86)\Common Files\Roxio Shared\OEM\DLLShared\;C:\Program Files (x86)\Common Files\Roxio Shared\OEM\12.0\DLLShared\;C:\Program Files (x86)\Roxio\OEM\AudioCore\;C:\Program Files (x86)\Intel\Services\IPT\; C:\Program Files (x86)\MySQL\sqlite-shell-win32-x86-3080500;C:\cygwin64\bin;C:\Program Files\nodejs\node.exe;C:\wamp\bin\php\php5.5.12;C:\ProgramData\ComposerSetup\bin;C:\windows\system32;C:\Program Files\nodejs\node.exe;%ANT_HOME%;%ANDROID_HOME%;%ANDROID_TOOL%;C:\\Users\DABBY(3pleMinds)\AppData\Roaming\Composer\vendor\bin
USERNAME=DABBY(3pleMinds)
OS=Windows_NT
PROCESSOR_IDENTIFIER=Intel64 Family 6 Model 42 Stepping 7, GenuineIntel



---------------  S Y S T E M  ---------------

OS: Windows 7 , 64 bit Build 7601 (6.1.7601.19110)

CPU:total 4 (2 cores per cpu, 2 threads per core) family 6 model 42 stepping 7, cmov, cx8, fxsr, mmx, sse, sse2, sse3, ssse3, sse4.1, sse4.2, popcnt, avx, aes, clmul, ht, tsc, tscinvbit

Memory: 4k page, physical 4127084k(7328k free), swap 8716012k(5132k free)

vm_info: Java HotSpot(TM) 64-Bit Server VM (25.66-b18) for windows-amd64 JRE (1.8.0_66-b18), built on Nov  9 2015 10:51:13 by "java_re" with MS VC++ 10.0 (VS2010)

time: Wed Jan 27 04:28:11 2016
elapsed time: 6 seconds (0d 0h 0m 6s)

