#
# There is insufficient memory for the Java Runtime Environment to continue.
# Native memory allocation (malloc) failed to allocate 1281136 bytes for Chunk::new
# Possible reasons:
#   The system is out of physical RAM or swap space
#   In 32 bit mode, the process size limit was hit
# Possible solutions:
#   Reduce memory load on the system
#   Increase physical memory or swap space
#   Check if swap backing store is full
#   Use 64 bit Java on a 64 bit OS
#   Decrease Java heap size (-Xmx/-Xms)
#   Decrease number of Java threads
#   Decrease Java thread stack sizes (-Xss)
#   Set larger code cache with -XX:ReservedCodeCacheSize=
# This output file may be truncated or incomplete.
#
#  Out of Memory Error (allocation.cpp:390), pid=9900, tid=13216
#
# JRE version: Java(TM) SE Runtime Environment (8.0_66-b18) (build 1.8.0_66-b18)
# Java VM: Java HotSpot(TM) 64-Bit Server VM (25.66-b18 mixed mode windows-amd64 compressed oops)
# Failed to write core dump. Minidumps are not enabled by default on client versions of Windows
#

---------------  T H R E A D  ---------------

Current thread (0x000000005639a800):  JavaThread "C2 CompilerThread1" daemon [_thread_in_native, id=13216, stack(0x0000000056d10000,0x0000000056e10000)]

Stack: [0x0000000056d10000,0x0000000056e10000]
[error occurred during error reporting (printing stack bounds), id 0xc0000005]

Native frames: (J=compiled Java code, j=interpreted, Vv=VM code, C=native code)


Current CompileTask:
C2:   9213 1892       4       com.android.dx.cf.code.Simulator$SimVisitor::visitConstant (332 bytes)


---------------  P R O C E S S  ---------------

Java Threads: ( => current thread )
  0x00000000563bd800 JavaThread "Service Thread" daemon [_thread_blocked, id=7884, stack(0x0000000056be0000,0x0000000056ce0000)]
  0x000000005639b000 JavaThread "C1 CompilerThread2" daemon [_thread_in_native, id=5004, stack(0x0000000056ec0000,0x0000000056fc0000)]
=>0x000000005639a800 JavaThread "C2 CompilerThread1" daemon [_thread_in_native, id=13216, stack(0x0000000056d10000,0x0000000056e10000)]
  0x0000000055146800 JavaThread "C2 CompilerThread0" daemon [_thread_in_native, id=2816, stack(0x0000000056ae0000,0x0000000056be0000)]
  0x0000000055145000 JavaThread "Attach Listener" daemon [_thread_blocked, id=12616, stack(0x00000000568f0000,0x00000000569f0000)]
  0x0000000055142800 JavaThread "Signal Dispatcher" daemon [_thread_blocked, id=8592, stack(0x00000000567b0000,0x00000000568b0000)]
  0x00000000550e7000 JavaThread "Finalizer" daemon [_thread_blocked, id=8388, stack(0x0000000056190000,0x0000000056290000)]
  0x00000000550e0000 JavaThread "Reference Handler" daemon [_thread_blocked, id=12728, stack(0x0000000056290000,0x0000000056390000)]
  0x00000000021ef800 JavaThread "main" [_thread_in_Java, id=10480, stack(0x00000000022e0000,0x00000000023e0000)]

Other Threads:
  0x00000000550da800 VMThread [stack: 0x0000000055fc0000,0x00000000560c0000] [id=8072]
  0x00000000563c3000 WatcherThread [stack: 0x0000000056fc0000,0x00000000570c0000] [id=13024]

VM state:not at safepoint (normal execution)

VM Mutex/Monitor currently owned by a thread: None

Heap:
 PSYoungGen      total 35328K, used 10012K [0x00000000eab00000, 0x00000000ed000000, 0x0000000100000000)
  eden space 32768K, 22% used [0x00000000eab00000,0x00000000eb24f398,0x00000000ecb00000)
  from space 2560K, 98% used [0x00000000ecb00000,0x00000000ecd78028,0x00000000ecd80000)
  to   space 2560K, 0% used [0x00000000ecd80000,0x00000000ecd80000,0x00000000ed000000)
 ParOldGen       total 44032K, used 14548K [0x00000000c0000000, 0x00000000c2b00000, 0x00000000eab00000)
  object space 44032K, 33% used [0x00000000c0000000,0x00000000c0e353c0,0x00000000c2b00000)
 Metaspace       used 6282K, capacity 7152K, committed 7296K, reserved 1056768K
  class space    used 600K, capacity 616K, committed 640K, reserved 1048576K

Card table byte_map: [0x0000000011a70000,0x0000000011c80000] byte_map_base: 0x0000000011470000

Marking Bits: (ParMarkBitMap*) 0x000000005a57a5b0
 Begin Bits: [0x0000000012550000, 0x0000000013550000)
 End Bits:   [0x0000000013550000, 0x0000000014550000)

Polling page: 0x0000000000450000

CodeCache: size=245760Kb used=8105Kb max_used=8105Kb free=237654Kb
 bounds [0x00000000026b0000, 0x0000000002eb0000, 0x00000000116b0000]
 total_blobs=2185 nmethods=1914 adapters=182
 compilation: enabled

Compilation events (10 events):
Event: 9.206 Thread 0x000000005639b000 nmethod 1926 0x0000000002e9d510 code [0x0000000002e9d680, 0x0000000002e9dab8]
Event: 9.207 Thread 0x000000005639b000 1927       3       java.util.Collections::sort (8 bytes)
Event: 9.207 Thread 0x000000005639b000 nmethod 1927 0x0000000002e9dc10 code [0x0000000002e9dd80, 0x0000000002e9df88]
Event: 9.207 Thread 0x000000005639b000 1928       3       java.util.ComparableTimSort::binarySort (223 bytes)
Event: 9.207 Thread 0x000000005639b000 nmethod 1928 0x0000000002e9e050 code [0x0000000002e9e240, 0x0000000002e9ecd8]
Event: 9.207 Thread 0x000000005639b000 1929       3       com.android.dx.dex.file.EncodedField::addContents (15 bytes)
Event: 9.208 Thread 0x000000005639b000 nmethod 1929 0x0000000002e9f150 code [0x0000000002e9f2c0, 0x0000000002e9f568]
Event: 9.208 Thread 0x000000005639b000 1930       3       java.util.ComparableTimSort::sort (219 bytes)
Event: 9.208 Thread 0x000000005639b000 nmethod 1930 0x0000000002e9f650 code [0x0000000002e9f840, 0x0000000002e9fed8]
Event: 9.208 Thread 0x000000005639b000 1931       3       com.android.dx.dex.file.ClassDataItem::addContents (207 bytes)

GC Heap History (10 events):
Event: 1.392 GC heap before
{Heap before GC invocations=1 (full 0):
 PSYoungGen      total 18944K, used 16384K [0x00000000eab00000, 0x00000000ec000000, 0x0000000100000000)
  eden space 16384K, 100% used [0x00000000eab00000,0x00000000ebb00000,0x00000000ebb00000)
  from space 2560K, 0% used [0x00000000ebd80000,0x00000000ebd80000,0x00000000ec000000)
  to   space 2560K, 0% used [0x00000000ebb00000,0x00000000ebb00000,0x00000000ebd80000)
 ParOldGen       total 44032K, used 0K [0x00000000c0000000, 0x00000000c2b00000, 0x00000000eab00000)
  object space 44032K, 0% used [0x00000000c0000000,0x00000000c0000000,0x00000000c2b00000)
 Metaspace       used 5653K, capacity 6704K, committed 6784K, reserved 1056768K
  class space    used 591K, capacity 616K, committed 640K, reserved 1048576K
Event: 1.399 GC heap after
Heap after GC invocations=1 (full 0):
 PSYoungGen      total 18944K, used 2554K [0x00000000eab00000, 0x00000000ec000000, 0x0000000100000000)
  eden space 16384K, 0% used [0x00000000eab00000,0x00000000eab00000,0x00000000ebb00000)
  from space 2560K, 99% used [0x00000000ebb00000,0x00000000ebd7eab8,0x00000000ebd80000)
  to   space 2560K, 0% used [0x00000000ebd80000,0x00000000ebd80000,0x00000000ec000000)
 ParOldGen       total 44032K, used 1707K [0x00000000c0000000, 0x00000000c2b00000, 0x00000000eab00000)
  object space 44032K, 3% used [0x00000000c0000000,0x00000000c01aac20,0x00000000c2b00000)
 Metaspace       used 5653K, capacity 6704K, committed 6784K, reserved 1056768K
  class space    used 591K, capacity 616K, committed 640K, reserved 1048576K
}
Event: 2.889 GC heap before
{Heap before GC invocations=2 (full 0):
 PSYoungGen      total 18944K, used 18938K [0x00000000eab00000, 0x00000000ec000000, 0x0000000100000000)
  eden space 16384K, 100% used [0x00000000eab00000,0x00000000ebb00000,0x00000000ebb00000)
  from space 2560K, 99% used [0x00000000ebb00000,0x00000000ebd7eab8,0x00000000ebd80000)
  to   space 2560K, 0% used [0x00000000ebd80000,0x00000000ebd80000,0x00000000ec000000)
 ParOldGen       total 44032K, used 1707K [0x00000000c0000000, 0x00000000c2b00000, 0x00000000eab00000)
  object space 44032K, 3% used [0x00000000c0000000,0x00000000c01aac20,0x00000000c2b00000)
 Metaspace       used 5937K, capacity 6960K, committed 7040K, reserved 1056768K
  class space    used 594K, capacity 616K, committed 640K, reserved 1048576K
Event: 2.977 GC heap after
Heap after GC invocations=2 (full 0):
 PSYoungGen      total 18944K, used 2528K [0x00000000eab00000, 0x00000000ed000000, 0x0000000100000000)
  eden space 16384K, 0% used [0x00000000eab00000,0x00000000eab00000,0x00000000ebb00000)
  from space 2560K, 98% used [0x00000000ebd80000,0x00000000ebff8048,0x00000000ec000000)
  to   space 2560K, 0% used [0x00000000ebb00000,0x00000000ebb00000,0x00000000ebd80000)
 ParOldGen       total 44032K, used 4094K [0x00000000c0000000, 0x00000000c2b00000, 0x00000000eab00000)
  object space 44032K, 9% used [0x00000000c0000000,0x00000000c03ff870,0x00000000c2b00000)
 Metaspace       used 5937K, capacity 6960K, committed 7040K, reserved 1056768K
  class space    used 594K, capacity 616K, committed 640K, reserved 1048576K
}
Event: 3.372 GC heap before
{Heap before GC invocations=3 (full 0):
 PSYoungGen      total 18944K, used 18912K [0x00000000eab00000, 0x00000000ed000000, 0x0000000100000000)
  eden space 16384K, 100% used [0x00000000eab00000,0x00000000ebb00000,0x00000000ebb00000)
  from space 2560K, 98% used [0x00000000ebd80000,0x00000000ebff8048,0x00000000ec000000)
  to   space 2560K, 0% used [0x00000000ebb00000,0x00000000ebb00000,0x00000000ebd80000)
 ParOldGen       total 44032K, used 4094K [0x00000000c0000000, 0x00000000c2b00000, 0x00000000eab00000)
  object space 44032K, 9% used [0x00000000c0000000,0x00000000c03ff870,0x00000000c2b00000)
 Metaspace       used 6092K, capacity 7088K, committed 7296K, reserved 1056768K
  class space    used 594K, capacity 616K, committed 640K, reserved 1048576K
Event: 3.435 GC heap after
Heap after GC invocations=3 (full 0):
 PSYoungGen      total 18944K, used 2544K [0x00000000eab00000, 0x00000000ed000000, 0x0000000100000000)
  eden space 16384K, 0% used [0x00000000eab00000,0x00000000eab00000,0x00000000ebb00000)
  from space 2560K, 99% used [0x00000000ebb00000,0x00000000ebd7c038,0x00000000ebd80000)
  to   space 2560K, 0% used [0x00000000ecd80000,0x00000000ecd80000,0x00000000ed000000)
 ParOldGen       total 44032K, used 6475K [0x00000000c0000000, 0x00000000c2b00000, 0x00000000eab00000)
  object space 44032K, 14% used [0x00000000c0000000,0x00000000c0652e00,0x00000000c2b00000)
 Metaspace       used 6092K, capacity 7088K, committed 7296K, reserved 1056768K
  class space    used 594K, capacity 616K, committed 640K, reserved 1048576K
}
Event: 7.394 GC heap before
{Heap before GC invocations=4 (full 0):
 PSYoungGen      total 18944K, used 18928K [0x00000000eab00000, 0x00000000ed000000, 0x0000000100000000)
  eden space 16384K, 100% used [0x00000000eab00000,0x00000000ebb00000,0x00000000ebb00000)
  from space 2560K, 99% used [0x00000000ebb00000,0x00000000ebd7c038,0x00000000ebd80000)
  to   space 2560K, 0% used [0x00000000ecd80000,0x00000000ecd80000,0x00000000ed000000)
 ParOldGen       total 44032K, used 6475K [0x00000000c0000000, 0x00000000c2b00000, 0x00000000eab00000)
  object space 44032K, 14% used [0x00000000c0000000,0x00000000c0652e00,0x00000000c2b00000)
 Metaspace       used 6144K, capacity 7088K, committed 7296K, reserved 1056768K
  class space    used 594K, capacity 616K, committed 640K, reserved 1048576K
Event: 7.433 GC heap after
Heap after GC invocations=4 (full 0):
 PSYoungGen      total 35328K, used 2528K [0x00000000eab00000, 0x00000000ed000000, 0x0000000100000000)
  eden space 32768K, 0% used [0x00000000eab00000,0x00000000eab00000,0x00000000ecb00000)
  from space 2560K, 98% used [0x00000000ecd80000,0x00000000ecff8028,0x00000000ed000000)
  to   space 2560K, 0% used [0x00000000ecb00000,0x00000000ecb00000,0x00000000ecd80000)
 ParOldGen       total 44032K, used 9184K [0x00000000c0000000, 0x00000000c2b00000, 0x00000000eab00000)
  object space 44032K, 20% used [0x00000000c0000000,0x00000000c08f83c0,0x00000000c2b00000)
 Metaspace       used 6144K, capacity 7088K, committed 7296K, reserved 1056768K
  class space    used 594K, capacity 616K, committed 640K, reserved 1048576K
}
Event: 9.101 GC heap before
{Heap before GC invocations=5 (full 0):
 PSYoungGen      total 35328K, used 35296K [0x00000000eab00000, 0x00000000ed000000, 0x0000000100000000)
  eden space 32768K, 100% used [0x00000000eab00000,0x00000000ecb00000,0x00000000ecb00000)
  from space 2560K, 98% used [0x00000000ecd80000,0x00000000ecff8028,0x00000000ed000000)
  to   space 2560K, 0% used [0x00000000ecb00000,0x00000000ecb00000,0x00000000ecd80000)
 ParOldGen       total 44032K, used 9184K [0x00000000c0000000, 0x00000000c2b00000, 0x00000000eab00000)
  object space 44032K, 20% used [0x00000000c0000000,0x00000000c08f83c0,0x00000000c2b00000)
 Metaspace       used 6214K, capacity 7152K, committed 7296K, reserved 1056768K
  class space    used 595K, capacity 616K, committed 640K, reserved 1048576K
Event: 9.136 GC heap after
Heap after GC invocations=5 (full 0):
 PSYoungGen      total 35328K, used 2528K [0x00000000eab00000, 0x00000000ed000000, 0x0000000100000000)
  eden space 32768K, 0% used [0x00000000eab00000,0x00000000eab00000,0x00000000ecb00000)
  from space 2560K, 98% used [0x00000000ecb00000,0x00000000ecd78028,0x00000000ecd80000)
  to   space 2560K, 0% used [0x00000000ecd80000,0x00000000ecd80000,0x00000000ed000000)
 ParOldGen       total 44032K, used 14548K [0x00000000c0000000, 0x00000000c2b00000, 0x00000000eab00000)
  object space 44032K, 33% used [0x00000000c0000000,0x00000000c0e353c0,0x00000000c2b00000)
 Metaspace       used 6214K, capacity 7152K, committed 7296K, reserved 1056768K
  class space    used 595K, capacity 616K, committed 640K, reserved 1048576K
}

Deoptimization events (10 events):
Event: 9.150 Thread 0x0000000056639000 Uncommon trap: reason=unstable_if action=reinterpret pc=0x0000000002ce4d2c method=com.android.dx.dex.code.OutputFinisher.hasLocalInfo(Lcom/android/dx/dex/code/DalvInsn;)Z @ 24
Event: 9.198 Thread 0x00000000021ef800 Uncommon trap: reason=class_check action=maybe_recompile pc=0x0000000002a6f308 method=java.util.Arrays.hashCode([Ljava/lang/Object;)I @ 43
Event: 9.198 Thread 0x00000000021ef800 Uncommon trap: reason=class_check action=maybe_recompile pc=0x0000000002a6f308 method=java.util.Arrays.hashCode([Ljava/lang/Object;)I @ 43
Event: 9.198 Thread 0x00000000021ef800 Uncommon trap: reason=class_check action=maybe_recompile pc=0x0000000002a6f308 method=java.util.Arrays.hashCode([Ljava/lang/Object;)I @ 43
Event: 9.198 Thread 0x00000000021ef800 Uncommon trap: reason=class_check action=maybe_recompile pc=0x0000000002a6f308 method=java.util.Arrays.hashCode([Ljava/lang/Object;)I @ 43
Event: 9.199 Thread 0x00000000021ef800 Uncommon trap: reason=class_check action=maybe_recompile pc=0x0000000002a5f538 method=java.util.Arrays.hashCode([Ljava/lang/Object;)I @ 43
Event: 9.200 Thread 0x00000000021ef800 Uncommon trap: reason=bimorphic action=maybe_recompile pc=0x00000000028d2520 method=java.util.HashMap.getNode(ILjava/lang/Object;)Ljava/util/HashMap$Node; @ 126
Event: 9.201 Thread 0x00000000021ef800 Uncommon trap: reason=bimorphic action=maybe_recompile pc=0x00000000028d2520 method=java.util.HashMap.getNode(ILjava/lang/Object;)Ljava/util/HashMap$Node; @ 126
Event: 9.201 Thread 0x00000000021ef800 Uncommon trap: reason=bimorphic action=maybe_recompile pc=0x00000000028d2520 method=java.util.HashMap.getNode(ILjava/lang/Object;)Ljava/util/HashMap$Node; @ 126
Event: 9.201 Thread 0x00000000021ef800 Uncommon trap: reason=bimorphic action=maybe_recompile pc=0x00000000028d2520 method=java.util.HashMap.getNode(ILjava/lang/Object;)Ljava/util/HashMap$Node; @ 126

Internal exceptions (4 events):
Event: 0.154 Thread 0x00000000021ef800 Exception <a 'java/lang/NoSuchMethodError': Method sun.misc.Unsafe.defineClass(Ljava/lang/String;[BII)Ljava/lang/Class; name or signature does not match> (0x00000000eab0d970) thrown at [C:\re\workspace\8-2-build-windows-amd64-cygwin\jdk8u66\5298\hotspot\srf{ØU½ÆÃ?
Event: 0.155 Thread 0x00000000021ef800 Exception <a 'java/lang/NoSuchMethodError': Method sun.misc.Unsafe.prefetchRead(Ljava/lang/Object;J)V name or signature does not match> (0x00000000eab0dc58) thrown at [C:\re\workspace\8-2-build-windows-amd64-cygwin\jdk8u66\5298\hotspot\src\share\vm\prims\j;£ZË·ÿ?
Event: 1.982 Thread 0x00000000021ef800 Implicit null exception at 0x00000000029d6f30 to 0x00000000029d7f21
Event: 1.982 Thread 0x00000000021ef800 Implicit null exception at 0x00000000029ab13a to 0x00000000029acd19

Events (10 events):
Event: 9.200 Thread 0x00000000021ef800 DEOPT UNPACKING pc=0x00000000026f582a sp=0x00000000023dedb0 mode 2
Event: 9.201 Thread 0x00000000021ef800 Uncommon trap: trap_request=0xffffffc6 fr.pc=0x00000000028d2520
Event: 9.201 Thread 0x00000000021ef800 DEOPT PACKING pc=0x00000000028d2520 sp=0x00000000023dee30
Event: 9.201 Thread 0x00000000021ef800 DEOPT UNPACKING pc=0x00000000026f582a sp=0x00000000023dedb0 mode 2
Event: 9.201 Thread 0x00000000021ef800 Uncommon trap: trap_request=0xffffffc6 fr.pc=0x00000000028d2520
Event: 9.201 Thread 0x00000000021ef800 DEOPT PACKING pc=0x00000000028d2520 sp=0x00000000023dee30
Event: 9.201 Thread 0x00000000021ef800 DEOPT UNPACKING pc=0x00000000026f582a sp=0x00000000023dedb0 mode 2
Event: 9.201 Thread 0x00000000021ef800 Uncommon trap: trap_request=0xffffffc6 fr.pc=0x00000000028d2520
Event: 9.201 Thread 0x00000000021ef800 DEOPT PACKING pc=0x00000000028d2520 sp=0x00000000023dee30
Event: 9.201 Thread 0x00000000021ef800 DEOPT UNPACKING pc=0x00000000026f582a sp=0x00000000023dedb0 mode 2


Dynamic libraries:
0x000000013fa10000 - 0x000000013fa47000 	C:\Program Files\Java\jdk1.8.0_66\bin\java.exe
0x0000000076fe0000 - 0x0000000077189000 	C:\windows\SYSTEM32\ntdll.dll
0x0000000076ec0000 - 0x0000000076fdf000 	C:\windows\system32\kernel32.dll
0x000007fefbc30000 - 0x000007fefbc9c000 	C:\windows\system32\KERNELBASE.dll
0x000007fefbe30000 - 0x000007fefbf0b000 	C:\windows\system32\ADVAPI32.dll
0x000007fefdc40000 - 0x000007fefdcdf000 	C:\windows\system32\msvcrt.dll
0x000007fefd0a0000 - 0x000007fefd0bf000 	C:\windows\SYSTEM32\sechost.dll
0x000007fefcf70000 - 0x000007fefd09d000 	C:\windows\system32\RPCRT4.dll
0x0000000076dc0000 - 0x0000000076eba000 	C:\windows\system32\USER32.dll
0x000007fefd0c0000 - 0x000007fefd127000 	C:\windows\system32\GDI32.dll
0x000007fefd8b0000 - 0x000007fefd8be000 	C:\windows\system32\LPK.dll
0x000007fefdd80000 - 0x000007fefde4a000 	C:\windows\system32\USP10.dll
0x000007fefa3a0000 - 0x000007fefa594000 	C:\windows\WinSxS\amd64_microsoft.windows.common-controls_6595b64144ccf1df_6.0.7601.18837_none_fa3b1e3d17594757\COMCTL32.dll
0x000007fefd700000 - 0x000007fefd771000 	C:\windows\system32\SHLWAPI.dll
0x000007fefd8c0000 - 0x000007fefd8ee000 	C:\windows\system32\IMM32.DLL
0x000007fefd130000 - 0x000007fefd239000 	C:\windows\system32\MSCTF.dll
0x000007fef5420000 - 0x000007fef54b1000 	C:\Program Files (x86)\AVG\AVG2015\avghooka.dll
0x0000000068610000 - 0x00000000686e2000 	C:\Program Files\Java\jdk1.8.0_66\jre\bin\msvcr100.dll
0x0000000059d70000 - 0x000000005a5f9000 	C:\Program Files\Java\jdk1.8.0_66\jre\bin\server\jvm.dll
0x000007fef8650000 - 0x000007fef8659000 	C:\windows\system32\WSOCK32.dll
0x000007fefd860000 - 0x000007fefd8ad000 	C:\windows\system32\WS2_32.dll
0x000007fefd6f0000 - 0x000007fefd6f8000 	C:\windows\system32\NSI.dll
0x000007fef9ed0000 - 0x000007fef9f0b000 	C:\windows\system32\WINMM.dll
0x000007fefada0000 - 0x000007fefadac000 	C:\windows\system32\VERSION.dll
0x00000000771b0000 - 0x00000000771b7000 	C:\windows\system32\PSAPI.DLL
0x000000006b8b0000 - 0x000000006b8bf000 	C:\Program Files\Java\jdk1.8.0_66\jre\bin\verify.dll
0x0000000065430000 - 0x0000000065459000 	C:\Program Files\Java\jdk1.8.0_66\jre\bin\java.dll
0x0000000065370000 - 0x0000000065386000 	C:\Program Files\Java\jdk1.8.0_66\jre\bin\zip.dll
0x000007fefc1e0000 - 0x000007fefcf69000 	C:\windows\system32\SHELL32.dll
0x000007fefbf10000 - 0x000007fefc113000 	C:\windows\system32\ole32.dll
0x000007fefba80000 - 0x000007fefba8f000 	C:\windows\system32\profapi.dll

VM Arguments:
jvm_args: -Djava.awt.headless=true -Xmx1024M -Dfile.encoding=windows-1252 -Duser.country=US -Duser.language=en -Duser.variant 
java_command: com.android.dx.command.Main --dex --num-threads=4 --output C:\Users\DABBY(3pleMinds)\AndroidStudioProjects\Wacos\app\build\intermediates\pre-dexed\debug\internal_impl-23.1.1_03ead1c80cb8d16803605b86bf211f2617771c0f.jar C:\Users\DABBY(3pleMinds)\AndroidStudioProjects\Wacos\app\build\intermediates\exploded-aar\com.android.support\support-v4\23.1.1\jars\libs\internal_impl-23.1.1.jar
java_class_path (initial): C:\Android\sdk\SDK\sdk\build-tools\23.0.1\lib\dx.jar
Launcher Type: SUN_STANDARD

Environment Variables:
PATH=C:\ProgramData\Oracle\Java\javapath;C:\xampp\apache\bin;C:\xampp\mysql\bin;C:\Program Files\Java\jre1.8.0_66\bin; C:\Program Files\Java\jdk1.8.0_66\bin;C:\Program Files (x86)\PC Connectivity Solution\;%CommonProgramFiles%\Microsoft Shared\WindowsLive; C:\windows\system32;C:\windows;C:\windows\System32\Wbem;C:\windows\System32\WindowsPowerShell\v1.0\;C:\Program Files (x86)\Common Files\Roxio Shared\DLLShared\;C:\Program Files (x86)\Common Files\Roxio Shared\OEM\DLLShared\;C:\Program Files (x86)\Common Files\Roxio Shared\OEM\DLLShared\;C:\Program Files (x86)\Common Files\Roxio Shared\OEM\12.0\DLLShared\;C:\Program Files (x86)\Roxio\OEM\AudioCore\;C:\Program Files (x86)\Intel\Services\IPT\; C:\Program Files (x86)\MySQL\sqlite-shell-win32-x86-3080500;C:\cygwin64\bin;C:\Program Files\nodejs\node.exe;C:\wamp\bin\php\php5.5.12;C:\ProgramData\ComposerSetup\bin;C:\windows\system32;C:\Program Files\nodejs\node.exe;%ANT_HOME%;%ANDROID_HOME%;%ANDROID_TOOL%;C:\\Users\DABBY(3pleMinds)\AppData\Roaming\Composer\vendor\bin
USERNAME=DABBY(3pleMinds)
OS=Windows_NT
PROCESSOR_IDENTIFIER=Intel64 Family 6 Model 42 Stepping 7, GenuineIntel



---------------  S Y S T E M  ---------------

OS: Windows 7 , 64 bit Build 7601 (6.1.7601.19110)

CPU:total 4 (2 cores per cpu, 2 threads per core) family 6 model 42 stepping 7, cmov, cx8, fxsr, mmx, sse, sse2, sse3, ssse3, sse4.1, sse4.2, popcnt, avx, aes, clmul, ht, tsc, tscinvbit

Memory: 4k page, physical 4127084k(78468k free), swap 9213808k(8900k free)

vm_info: Java HotSpot(TM) 64-Bit Server VM (25.66-b18) for windows-amd64 JRE (1.8.0_66-b18), built on Nov  9 2015 10:51:13 by "java_re" with MS VC++ 10.0 (VS2010)

time: Mon Jan 18 16:39:57 2016
elapsed time: 9 seconds (0d 0h 0m 9s)

