#
# There is insufficient memory for the Java Runtime Environment to continue.
# Native memory allocation (malloc) failed to allocate 83248 bytes for Chunk::new
# Possible reasons:
#   The system is out of physical RAM or swap space
#   In 32 bit mode, the process size limit was hit
# Possible solutions:
#   Reduce memory load on the system
#   Increase physical memory or swap space
#   Check if swap backing store is full
#   Use 64 bit Java on a 64 bit OS
#   Decrease Java heap size (-Xmx/-Xms)
#   Decrease number of Java threads
#   Decrease Java thread stack sizes (-Xss)
#   Set larger code cache with -XX:ReservedCodeCacheSize=
# This output file may be truncated or incomplete.
#
#  Out of Memory Error (allocation.cpp:390), pid=8800, tid=11368
#
# JRE version: Java(TM) SE Runtime Environment (8.0_66-b18) (build 1.8.0_66-b18)
# Java VM: Java HotSpot(TM) 64-Bit Server VM (25.66-b18 mixed mode windows-amd64 compressed oops)
# Failed to write core dump. Minidumps are not enabled by default on client versions of Windows
#

---------------  T H R E A D  ---------------

Current thread (0x00000000557e8000):  JavaThread "C2 CompilerThread1" daemon [_thread_in_native, id=11368, stack(0x0000000056c40000,0x0000000056d40000)]

Stack: [0x0000000056c40000,0x0000000056d40000]
[error occurred during error reporting (printing stack bounds), id 0xc0000005]

Native frames: (J=compiled Java code, j=interpreted, Vv=VM code, C=native code)


Current CompileTask:
C2:   8119 1339       4       com.android.dx.ssa.SsaRenamer$BlockRenamer::visitNonMoveInsn (14 bytes)


---------------  P R O C E S S  ---------------

Java Threads: ( => current thread )
  0x00000000574e3800 JavaThread "pool-1-thread-4" [_thread_in_Java, id=7920, stack(0x0000000058040000,0x0000000058140000)]
  0x00000000574b7000 JavaThread "pool-1-thread-3" [_thread_blocked, id=7020, stack(0x0000000057ea0000,0x0000000057fa0000)]
  0x000000005746e800 JavaThread "pool-1-thread-2" [_thread_blocked, id=8204, stack(0x0000000057d00000,0x0000000057e00000)]
  0x0000000057361800 JavaThread "pool-2-thread-1" [_thread_blocked, id=10168, stack(0x0000000057bb0000,0x0000000057cb0000)]
  0x0000000057361000 JavaThread "pool-1-thread-1" [_thread_blocked, id=1464, stack(0x00000000577d0000,0x00000000578d0000)]
  0x0000000057211800 JavaThread "Service Thread" daemon [_thread_blocked, id=924, stack(0x0000000057620000,0x0000000057720000)]
  0x00000000557e9000 JavaThread "C1 CompilerThread2" daemon [_thread_blocked, id=11940, stack(0x0000000057110000,0x0000000057210000)]
=>0x00000000557e8000 JavaThread "C2 CompilerThread1" daemon [_thread_in_native, id=11368, stack(0x0000000056c40000,0x0000000056d40000)]
  0x00000000557e5800 JavaThread "C2 CompilerThread0" daemon [_thread_blocked, id=10740, stack(0x0000000056f00000,0x0000000057000000)]
  0x00000000557e2800 JavaThread "Attach Listener" daemon [_thread_blocked, id=5480, stack(0x0000000057000000,0x0000000057100000)]
  0x00000000557e1800 JavaThread "Signal Dispatcher" daemon [_thread_blocked, id=11616, stack(0x0000000056e00000,0x0000000056f00000)]
  0x0000000055781800 JavaThread "Finalizer" daemon [_thread_blocked, id=10348, stack(0x0000000056b30000,0x0000000056c30000)]
  0x0000000055780000 JavaThread "Reference Handler" daemon [_thread_blocked, id=10464, stack(0x0000000056950000,0x0000000056a50000)]
  0x000000000055f800 JavaThread "main" [_thread_in_native, id=3680, stack(0x00000000022c0000,0x00000000023c0000)]

Other Threads:
  0x000000005577a800 VMThread [stack: 0x0000000056830000,0x0000000056930000] [id=3904]
  0x00000000572ad000 WatcherThread [stack: 0x00000000578e0000,0x00000000579e0000] [id=9944]

VM state:not at safepoint (normal execution)

VM Mutex/Monitor currently owned by a thread: None

Heap:
 PSYoungGen      total 35328K, used 3675K [0x00000000eab00000, 0x00000000ed000000, 0x0000000100000000)
  eden space 32768K, 3% used [0x00000000eab00000,0x00000000eac1a628,0x00000000ecb00000)
  from space 2560K, 99% used [0x00000000ecd80000,0x00000000ecffc620,0x00000000ed000000)
  to   space 2560K, 0% used [0x00000000ecb00000,0x00000000ecb00000,0x00000000ecd80000)
 ParOldGen       total 44032K, used 5108K [0x00000000c0000000, 0x00000000c2b00000, 0x00000000eab00000)
  object space 44032K, 11% used [0x00000000c0000000,0x00000000c04fd160,0x00000000c2b00000)
 Metaspace       used 5780K, capacity 6960K, committed 7040K, reserved 1056768K
  class space    used 579K, capacity 616K, committed 640K, reserved 1048576K

Card table byte_map: [0x0000000011a50000,0x0000000011c60000] byte_map_base: 0x0000000011450000

Marking Bits: (ParMarkBitMap*) 0x0000000054d6a5b0
 Begin Bits: [0x0000000012320000, 0x0000000013320000)
 End Bits:   [0x0000000013320000, 0x0000000014320000)

Polling page: 0x0000000000450000

CodeCache: size=245760Kb used=5875Kb max_used=5875Kb free=239884Kb
 bounds [0x0000000002690000, 0x0000000002c60000, 0x0000000011690000]
 total_blobs=1604 nmethods=1342 adapters=175
 compilation: enabled

Compilation events (10 events):
Event: 7.827 Thread 0x00000000557e8000 1339       4       com.android.dx.ssa.SsaRenamer$BlockRenamer::visitNonMoveInsn (14 bytes)
Event: 8.094 Thread 0x00000000557e9000 1340       3       com.android.dx.dex.code.OutputFinisher::hasLocalInfo (20 bytes)
Event: 8.094 Thread 0x00000000557e9000 nmethod 1340 0x0000000002c1bc50 code [0x0000000002c1bdc0, 0x0000000002c1c050]
Event: 8.095 Thread 0x00000000557e9000 1341       3       com.android.dx.dex.cf.CfTranslator::translate0 (259 bytes)
Event: 8.098 Thread 0x00000000557e9000 nmethod 1341 0x0000000002c3c9d0 code [0x0000000002c3ce40, 0x0000000002c3f9b8]
Event: 8.099 Thread 0x00000000557e9000 1342   !   3       com.android.dx.cf.cst.ConstantPoolParser::determineOffsets (285 bytes)
Event: 8.101 Thread 0x00000000557e9000 nmethod 1342 0x0000000002c39810 code [0x0000000002c39ba0, 0x0000000002c3b618]
Event: 8.101 Thread 0x00000000557e9000 1343       3       com.android.dx.cf.cst.ConstantPoolParser::parse (365 bytes)
Event: 8.102 Thread 0x00000000557e5800 nmethod 1338 0x0000000002c2f850 code [0x0000000002c2f9c0, 0x0000000002c2fdd8]
Event: 8.104 Thread 0x00000000557e9000 nmethod 1343 0x0000000002c51b90 code [0x0000000002c52100, 0x0000000002c55548]

GC Heap History (4 events):
Event: 3.554 GC heap before
{Heap before GC invocations=1 (full 0):
 PSYoungGen      total 18944K, used 16384K [0x00000000eab00000, 0x00000000ec000000, 0x0000000100000000)
  eden space 16384K, 100% used [0x00000000eab00000,0x00000000ebb00000,0x00000000ebb00000)
  from space 2560K, 0% used [0x00000000ebd80000,0x00000000ebd80000,0x00000000ec000000)
  to   space 2560K, 0% used [0x00000000ebb00000,0x00000000ebb00000,0x00000000ebd80000)
 ParOldGen       total 44032K, used 0K [0x00000000c0000000, 0x00000000c2b00000, 0x00000000eab00000)
  object space 44032K, 0% used [0x00000000c0000000,0x00000000c0000000,0x00000000c2b00000)
 Metaspace       used 5556K, capacity 6832K, committed 7040K, reserved 1056768K
  class space    used 571K, capacity 616K, committed 640K, reserved 1048576K
Event: 3.910 GC heap after
Heap after GC invocations=1 (full 0):
 PSYoungGen      total 18944K, used 2557K [0x00000000eab00000, 0x00000000ed000000, 0x0000000100000000)
  eden space 16384K, 0% used [0x00000000eab00000,0x00000000eab00000,0x00000000ebb00000)
  from space 2560K, 99% used [0x00000000ebb00000,0x00000000ebd7f668,0x00000000ebd80000)
  to   space 2560K, 0% used [0x00000000ecd80000,0x00000000ecd80000,0x00000000ed000000)
 ParOldGen       total 44032K, used 2084K [0x00000000c0000000, 0x00000000c2b00000, 0x00000000eab00000)
  object space 44032K, 4% used [0x00000000c0000000,0x00000000c02090e0,0x00000000c2b00000)
 Metaspace       used 5556K, capacity 6832K, committed 7040K, reserved 1056768K
  class space    used 571K, capacity 616K, committed 640K, reserved 1048576K
}
Event: 7.830 GC heap before
{Heap before GC invocations=2 (full 0):
 PSYoungGen      total 18944K, used 18941K [0x00000000eab00000, 0x00000000ed000000, 0x0000000100000000)
  eden space 16384K, 100% used [0x00000000eab00000,0x00000000ebb00000,0x00000000ebb00000)
  from space 2560K, 99% used [0x00000000ebb00000,0x00000000ebd7f668,0x00000000ebd80000)
  to   space 2560K, 0% used [0x00000000ecd80000,0x00000000ecd80000,0x00000000ed000000)
 ParOldGen       total 44032K, used 2084K [0x00000000c0000000, 0x00000000c2b00000, 0x00000000eab00000)
  object space 44032K, 4% used [0x00000000c0000000,0x00000000c02090e0,0x00000000c2b00000)
 Metaspace       used 5765K, capacity 6960K, committed 7040K, reserved 1056768K
  class space    used 579K, capacity 616K, committed 640K, reserved 1048576K
Event: 8.093 GC heap after
Heap after GC invocations=2 (full 0):
 PSYoungGen      total 35328K, used 2545K [0x00000000eab00000, 0x00000000ed000000, 0x0000000100000000)
  eden space 32768K, 0% used [0x00000000eab00000,0x00000000eab00000,0x00000000ecb00000)
  from space 2560K, 99% used [0x00000000ecd80000,0x00000000ecffc620,0x00000000ed000000)
  to   space 2560K, 0% used [0x00000000ecb00000,0x00000000ecb00000,0x00000000ecd80000)
 ParOldGen       total 44032K, used 5108K [0x00000000c0000000, 0x00000000c2b00000, 0x00000000eab00000)
  object space 44032K, 11% used [0x00000000c0000000,0x00000000c04fd160,0x00000000c2b00000)
 Metaspace       used 5765K, capacity 6960K, committed 7040K, reserved 1056768K
  class space    used 579K, capacity 616K, committed 640K, reserved 1048576K
}

Deoptimization events (10 events):
Event: 5.542 Thread 0x0000000057361000 Uncommon trap: reason=class_check action=maybe_recompile pc=0x0000000002a5640c method=com.android.dx.ssa.NormalSsaInsn.accept(Lcom/android/dx/ssa/SsaInsn$Visitor;)V @ 9
Event: 5.542 Thread 0x0000000057361000 Uncommon trap: reason=class_check action=maybe_recompile pc=0x0000000002933ca0 method=com.android.dx.ssa.NormalSsaInsn.accept(Lcom/android/dx/ssa/SsaInsn$Visitor;)V @ 9
Event: 5.542 Thread 0x0000000057361000 Uncommon trap: reason=class_check action=maybe_recompile pc=0x0000000002933ca0 method=com.android.dx.ssa.NormalSsaInsn.accept(Lcom/android/dx/ssa/SsaInsn$Visitor;)V @ 9
Event: 5.542 Thread 0x0000000057361000 Uncommon trap: reason=class_check action=maybe_recompile pc=0x0000000002933ca0 method=com.android.dx.ssa.NormalSsaInsn.accept(Lcom/android/dx/ssa/SsaInsn$Visitor;)V @ 9
Event: 5.674 Thread 0x00000000574b7000 Uncommon trap: reason=unstable_if action=reinterpret pc=0x0000000002afea3c method=com.android.dx.rop.code.RegisterSpecSet.put(Lcom/android/dx/rop/code/RegisterSpec;)V @ 77
Event: 5.674 Thread 0x00000000574b7000 Uncommon trap: reason=unstable_if action=reinterpret pc=0x0000000002b2942c method=com.android.dx.rop.code.RegisterSpecSet.put(Lcom/android/dx/rop/code/RegisterSpec;)V @ 77
Event: 6.980 Thread 0x000000000055f800 Uncommon trap: reason=unstable_if action=reinterpret pc=0x0000000002bd1a90 method=com.android.dx.rop.type.Type.intern(Ljava/lang/String;)Lcom/android/dx/rop/type/Type; @ 67
Event: 7.014 Thread 0x000000000055f800 Uncommon trap: reason=unstable_if action=reinterpret pc=0x0000000002bea2ec method=com.android.dx.cf.direct.StdAttributeFactory.parse0(Lcom/android/dx/cf/direct/DirectClassFile;ILjava/lang/String;IILcom/android/dx/cf/iface/ParseObserver;)Lcom/android/dx/cf/çodŽ@
Event: 7.016 Thread 0x00000000574b7000 Uncommon trap: reason=null_check action=make_not_entrant pc=0x0000000002ac5710 method=com.android.dx.rop.type.Type.equals(Ljava/lang/Object;)Z @ 8
Event: 7.073 Thread 0x00000000574b7000 Uncommon trap: reason=unstable_if action=reinterpret pc=0x0000000002bf3a4c method=com.android.dx.ssa.SCCP.simulateBranch(Lcom/android/dx/ssa/SsaInsn;)V @ 81

Internal exceptions (3 events):
Event: 0.072 Thread 0x000000000055f800 Exception <a 'java/lang/NoSuchMethodError': Method sun.misc.Unsafe.defineClass(Ljava/lang/String;[BII)Ljava/lang/Class; name or signature does not match> (0x00000000eab0da58) thrown at [C:\re\workspace\8-2-build-windows-amd64-cygwin\jdk8u66\5298\hotspot\srœgì±ýX²?
Event: 0.072 Thread 0x000000000055f800 Exception <a 'java/lang/NoSuchMethodError': Method sun.misc.Unsafe.prefetchRead(Ljava/lang/Object;J)V name or signature does not match> (0x00000000eab0dd40) thrown at [C:\re\workspace\8-2-build-windows-amd64-cygwin\jdk8u66\5298\hotspot\src\share\vm\prims\jÕžU‰@
Event: 7.016 Thread 0x00000000574b7000 Implicit null exception at 0x0000000002ac5612 to 0x0000000002ac5702

Events (10 events):
Event: 7.014 Thread 0x000000000055f800 DEOPT PACKING pc=0x0000000002bea2ec sp=0x00000000023be5a0
Event: 7.014 Thread 0x000000000055f800 DEOPT UNPACKING pc=0x00000000026d582a sp=0x00000000023be538 mode 2
Event: 7.016 Thread 0x00000000574b7000 Uncommon trap: trap_request=0xfffffff4 fr.pc=0x0000000002ac5710
Event: 7.016 Thread 0x00000000574b7000 DEOPT PACKING pc=0x0000000002ac5710 sp=0x0000000057f9e9f0
Event: 7.016 Thread 0x00000000574b7000 DEOPT UNPACKING pc=0x00000000026d582a sp=0x0000000057f9e988 mode 2
Event: 7.073 Thread 0x00000000574b7000 Uncommon trap: trap_request=0xffffff65 fr.pc=0x0000000002bf3a4c
Event: 7.073 Thread 0x00000000574b7000 DEOPT PACKING pc=0x0000000002bf3a4c sp=0x0000000057f9ec50
Event: 7.073 Thread 0x00000000574b7000 DEOPT UNPACKING pc=0x00000000026d582a sp=0x0000000057f9ec10 mode 2
Event: 7.830 Executing VM operation: ParallelGCFailedAllocation
Event: 8.093 Executing VM operation: ParallelGCFailedAllocation done


Dynamic libraries:
0x000000013f270000 - 0x000000013f2a7000 	C:\Program Files\Java\jdk1.8.0_66\bin\java.exe
0x0000000077a00000 - 0x0000000077ba9000 	C:\windows\SYSTEM32\ntdll.dll
0x00000000777e0000 - 0x00000000778ff000 	C:\windows\system32\kernel32.dll
0x000007fefc4e0000 - 0x000007fefc54c000 	C:\windows\system32\KERNELBASE.dll
0x000007fefe920000 - 0x000007fefe9fb000 	C:\windows\system32\ADVAPI32.dll
0x000007fefe420000 - 0x000007fefe4bf000 	C:\windows\system32\msvcrt.dll
0x000007fefd520000 - 0x000007fefd53f000 	C:\windows\SYSTEM32\sechost.dll
0x000007fefe7f0000 - 0x000007fefe91d000 	C:\windows\system32\RPCRT4.dll
0x0000000077900000 - 0x00000000779fa000 	C:\windows\system32\USER32.dll
0x000007fefd3d0000 - 0x000007fefd437000 	C:\windows\system32\GDI32.dll
0x000007fefcc60000 - 0x000007fefcc6e000 	C:\windows\system32\LPK.dll
0x000007fefcac0000 - 0x000007fefcb8a000 	C:\windows\system32\USP10.dll
0x000007fefadf0000 - 0x000007fefafe4000 	C:\windows\WinSxS\amd64_microsoft.windows.common-controls_6595b64144ccf1df_6.0.7601.18837_none_fa3b1e3d17594757\COMCTL32.dll
0x000007fefd540000 - 0x000007fefd5b1000 	C:\windows\system32\SHLWAPI.dll
0x000007fefd660000 - 0x000007fefd68e000 	C:\windows\system32\IMM32.DLL
0x000007fefe4c0000 - 0x000007fefe5c9000 	C:\windows\system32\MSCTF.dll
0x000007fef6400000 - 0x000007fef6491000 	C:\Program Files (x86)\AVG\AVG2015\avghooka.dll
0x000000005c020000 - 0x000000005c0f2000 	C:\Program Files\Java\jdk1.8.0_66\jre\bin\msvcr100.dll
0x0000000054560000 - 0x0000000054de9000 	C:\Program Files\Java\jdk1.8.0_66\jre\bin\server\jvm.dll
0x000007fef95c0000 - 0x000007fef95c9000 	C:\windows\system32\WSOCK32.dll
0x000007fefcb90000 - 0x000007fefcbdd000 	C:\windows\system32\WS2_32.dll
0x000007fefe7e0000 - 0x000007fefe7e8000 	C:\windows\system32\NSI.dll
0x000007fefa570000 - 0x000007fefa5ab000 	C:\windows\system32\WINMM.dll
0x000007fefb780000 - 0x000007fefb78c000 	C:\windows\system32\VERSION.dll
0x0000000077bd0000 - 0x0000000077bd7000 	C:\windows\system32\PSAPI.DLL
0x0000000075150000 - 0x000000007515f000 	C:\Program Files\Java\jdk1.8.0_66\jre\bin\verify.dll
0x0000000075050000 - 0x0000000075079000 	C:\Program Files\Java\jdk1.8.0_66\jre\bin\java.dll
0x0000000064540000 - 0x0000000064556000 	C:\Program Files\Java\jdk1.8.0_66\jre\bin\zip.dll
0x000007fefd690000 - 0x000007fefe419000 	C:\windows\system32\SHELL32.dll
0x000007fefe5d0000 - 0x000007fefe7d3000 	C:\windows\system32\ole32.dll
0x000007fefc490000 - 0x000007fefc49f000 	C:\windows\system32\profapi.dll

VM Arguments:
jvm_args: -Djava.awt.headless=true -Xmx1024M -Dfile.encoding=windows-1252 -Duser.country=US -Duser.language=en -Duser.variant 
java_command: com.android.dx.command.Main --dex --num-threads=4 --output C:\Users\DABBY(3pleMinds)\AndroidStudioProjects\Wacos\app\build\intermediates\pre-dexed\debug\debug_28ad991036fe0ccb0c828adf6011e3b751e003d8.jar C:\Users\DABBY(3pleMinds)\AndroidStudioProjects\Wacos\app\build\intermediates\classes\debug
java_class_path (initial): C:\Android\sdk\SDK\sdk\build-tools\23.0.1\lib\dx.jar
Launcher Type: SUN_STANDARD

Environment Variables:
PATH=C:\ProgramData\Oracle\Java\javapath;C:\xampp\apache\bin;C:\xampp\mysql\bin;C:\Program Files\Java\jre1.8.0_66\bin; C:\Program Files\Java\jdk1.8.0_66\bin;C:\Program Files (x86)\PC Connectivity Solution\;C:\Program Files\Common Files\Microsoft Shared\WindowsLive; C:\windows\system32;C:\windows;C:\windows\System32\Wbem;C:\windows\System32\WindowsPowerShell\v1.0\;C:\Program Files (x86)\Common Files\Roxio Shared\DLLShared\;C:\Program Files (x86)\Common Files\Roxio Shared\OEM\DLLShared\;C:\Program Files (x86)\Common Files\Roxio Shared\OEM\DLLShared\;C:\Program Files (x86)\Common Files\Roxio Shared\OEM\12.0\DLLShared\;C:\Program Files (x86)\Roxio\OEM\AudioCore\;C:\Program Files (x86)\Intel\Services\IPT\; C:\Program Files (x86)\MySQL\sqlite-shell-win32-x86-3080500;C:\cygwin64\bin;C:\Program Files\nodejs\node.exe;C:\wamp\bin\php\php5.5.12;C:\ProgramData\ComposerSetup\bin;C:\windows\system32;C:\Program Files\nodejs\node.exe;%ANT_HOME%;%ANDROID_HOME%;%ANDROID_TOOL%;C:\\Users\DABBY(3pleMinds)\AppData\Roaming\Composer\vendor\bin
USERNAME=DABBY(3pleMinds)
OS=Windows_NT
PROCESSOR_IDENTIFIER=Intel64 Family 6 Model 42 Stepping 7, GenuineIntel



---------------  S Y S T E M  ---------------

OS: Windows 7 , 64 bit Build 7601 (6.1.7601.19110)

CPU:total 4 (2 cores per cpu, 2 threads per core) family 6 model 42 stepping 7, cmov, cx8, fxsr, mmx, sse, sse2, sse3, ssse3, sse4.1, sse4.2, popcnt, avx, aes, clmul, ht, tsc, tscinvbit

Memory: 4k page, physical 4127084k(46064k free), swap 8716012k(4840k free)

vm_info: Java HotSpot(TM) 64-Bit Server VM (25.66-b18) for windows-amd64 JRE (1.8.0_66-b18), built on Nov  9 2015 10:51:13 by "java_re" with MS VC++ 10.0 (VS2010)

time: Wed Jan 27 05:28:00 2016
elapsed time: 8 seconds (0d 0h 0m 8s)

