#
# There is insufficient memory for the Java Runtime Environment to continue.
# Native memory allocation (malloc) failed to allocate 578272 bytes for Chunk::new
# Possible reasons:
#   The system is out of physical RAM or swap space
#   In 32 bit mode, the process size limit was hit
# Possible solutions:
#   Reduce memory load on the system
#   Increase physical memory or swap space
#   Check if swap backing store is full
#   Use 64 bit Java on a 64 bit OS
#   Decrease Java heap size (-Xmx/-Xms)
#   Decrease number of Java threads
#   Decrease Java thread stack sizes (-Xss)
#   Set larger code cache with -XX:ReservedCodeCacheSize=
# This output file may be truncated or incomplete.
#
#  Out of Memory Error (allocation.cpp:390), pid=10256, tid=5000
#
# JRE version: Java(TM) SE Runtime Environment (8.0_66-b18) (build 1.8.0_66-b18)
# Java VM: Java HotSpot(TM) 64-Bit Server VM (25.66-b18 mixed mode windows-amd64 compressed oops)
# Failed to write core dump. Minidumps are not enabled by default on client versions of Windows
#

---------------  T H R E A D  ---------------

Current thread (0x0000000016400800):  JavaThread "C2 CompilerThread0" daemon [_thread_in_native, id=5000, stack(0x0000000016b90000,0x0000000016c90000)]

Stack: [0x0000000016b90000,0x0000000016c90000]
[error occurred during error reporting (printing stack bounds), id 0xc0000005]

Native frames: (J=compiled Java code, j=interpreted, Vv=VM code, C=native code)


Current CompileTask:
C2:  66880 2292   !   4       com.android.dx.cf.code.BytecodeArray::parseInstruction (2764 bytes)


---------------  P R O C E S S  ---------------

Java Threads: ( => current thread )
  0x0000000016727800 JavaThread "pool-1-thread-4" [_thread_blocked, id=2060, stack(0x0000000016e00000,0x0000000016f00000)]
  0x0000000016719000 JavaThread "pool-1-thread-3" [_thread_blocked, id=8416, stack(0x0000000017790000,0x0000000017890000)]
  0x0000000016715000 JavaThread "pool-1-thread-2" [_thread_blocked, id=4508, stack(0x00000000171b0000,0x00000000172b0000)]
  0x0000000016676000 JavaThread "pool-2-thread-1" [_thread_blocked, id=11932, stack(0x0000000017600000,0x0000000017700000)]
  0x0000000016674000 JavaThread "pool-1-thread-1" [_thread_blocked, id=11952, stack(0x0000000017500000,0x0000000017600000)]
  0x0000000016409000 JavaThread "Service Thread" daemon [_thread_blocked, id=8648, stack(0x00000000170b0000,0x00000000171b0000)]
  0x0000000016403800 JavaThread "C1 CompilerThread2" daemon [_thread_blocked, id=6288, stack(0x0000000016f30000,0x0000000017030000)]
  0x0000000016402800 JavaThread "C2 CompilerThread1" daemon [_thread_in_native, id=8428, stack(0x0000000016cd0000,0x0000000016dd0000)]
=>0x0000000016400800 JavaThread "C2 CompilerThread0" daemon [_thread_in_native, id=5000, stack(0x0000000016b90000,0x0000000016c90000)]
  0x0000000015188000 JavaThread "Attach Listener" daemon [_thread_blocked, id=4316, stack(0x0000000016a80000,0x0000000016b80000)]
  0x0000000015185800 JavaThread "Signal Dispatcher" daemon [_thread_blocked, id=8476, stack(0x00000000168a0000,0x00000000169a0000)]
  0x0000000015121800 JavaThread "Finalizer" daemon [_thread_blocked, id=5480, stack(0x0000000016300000,0x0000000016400000)]
  0x0000000015120000 JavaThread "Reference Handler" daemon [_thread_blocked, id=12268, stack(0x00000000161f0000,0x00000000162f0000)]
  0x000000000210f800 JavaThread "main" [_thread_blocked, id=1644, stack(0x0000000002390000,0x0000000002490000)]

Other Threads:
  0x000000001511a800 VMThread [stack: 0x0000000016050000,0x0000000016150000] [id=9588]
  0x000000001518f000 WatcherThread [stack: 0x00000000172c0000,0x00000000173c0000] [id=3440]

VM state:not at safepoint (normal execution)

VM Mutex/Monitor currently owned by a thread: None

Heap:
 PSYoungGen      total 144896K, used 18586K [0x00000000eab00000, 0x00000000fdc00000, 0x0000000100000000)
  eden space 129024K, 5% used [0x00000000eab00000,0x00000000eb1b2678,0x00000000f2900000)
  from space 15872K, 73% used [0x00000000f2900000,0x00000000f3474400,0x00000000f3880000)
  to   space 27136K, 0% used [0x00000000fc180000,0x00000000fc180000,0x00000000fdc00000)
 ParOldGen       total 79872K, used 43531K [0x00000000c0000000, 0x00000000c4e00000, 0x00000000eab00000)
  object space 79872K, 54% used [0x00000000c0000000,0x00000000c2a82c30,0x00000000c4e00000)
 Metaspace       used 6405K, capacity 7256K, committed 7424K, reserved 1056768K
  class space    used 617K, capacity 656K, committed 768K, reserved 1048576K

Card table byte_map: [0x0000000011b20000,0x0000000011d30000] byte_map_base: 0x0000000011520000

Marking Bits: (ParMarkBitMap*) 0x0000000054d6a5b0
 Begin Bits: [0x0000000012590000, 0x0000000013590000)
 End Bits:   [0x0000000013590000, 0x0000000014590000)

Polling page: 0x0000000000260000

CodeCache: size=245760Kb used=8933Kb max_used=10201Kb free=236826Kb
 bounds [0x0000000002760000, 0x0000000003170000, 0x0000000011760000]
 total_blobs=2133 nmethods=1863 adapters=182
 compilation: enabled

Compilation events (10 events):
Event: 66.535 Thread 0x0000000016403800 2313       3       com.android.dx.command.dexer.Main::access$1200 (7 bytes)
Event: 66.535 Thread 0x0000000016403800 nmethod 2313 0x0000000002bea750 code [0x0000000002bea8c0, 0x0000000002beaa28]
Event: 66.535 Thread 0x0000000016403800 2314   !   3       com.android.dx.command.dexer.Main::processFileBytes (265 bytes)
Event: 66.542 Thread 0x0000000016403800 nmethod 2314 0x0000000002991190 code [0x0000000002991580, 0x0000000002993ad8]
Event: 66.556 Thread 0x0000000016403800 2315       3       com.android.dx.command.dexer.Main::fixPath (56 bytes)
Event: 66.559 Thread 0x0000000016403800 nmethod 2315 0x00000000028f0310 code [0x00000000028f04e0, 0x00000000028f0ca8]
Event: 66.559 Thread 0x0000000016403800 2316       3       java.lang.String::lastIndexOf (11 bytes)
Event: 66.559 Thread 0x0000000016403800 nmethod 2316 0x0000000002ba65d0 code [0x0000000002ba6740, 0x0000000002ba69c8]
Event: 66.559 Thread 0x0000000016403800 2317       3       java.lang.String::lastIndexOf (25 bytes)
Event: 66.559 Thread 0x0000000016403800 nmethod 2317 0x0000000002958450 code [0x00000000029585c0, 0x0000000002958768]

GC Heap History (10 events):
Event: 23.591 GC heap before
{Heap before GC invocations=4 (full 0):
 PSYoungGen      total 35328K, used 35296K [0x00000000eab00000, 0x00000000ef000000, 0x0000000100000000)
  eden space 32768K, 100% used [0x00000000eab00000,0x00000000ecb00000,0x00000000ecb00000)
  from space 2560K, 98% used [0x00000000ecb00000,0x00000000ecd78010,0x00000000ecd80000)
  to   space 2560K, 0% used [0x00000000eed80000,0x00000000eed80000,0x00000000ef000000)
 ParOldGen       total 44032K, used 9418K [0x00000000c0000000, 0x00000000c2b00000, 0x00000000eab00000)
  object space 44032K, 21% used [0x00000000c0000000,0x00000000c0932a00,0x00000000c2b00000)
 Metaspace       used 6159K, capacity 7152K, committed 7296K, reserved 1056768K
  class space    used 596K, capacity 616K, committed 640K, reserved 1048576K
Event: 24.747 GC heap after
Heap after GC invocations=4 (full 0):
 PSYoungGen      total 68096K, used 2547K [0x00000000eab00000, 0x00000000ef000000, 0x0000000100000000)
  eden space 65536K, 0% used [0x00000000eab00000,0x00000000eab00000,0x00000000eeb00000)
  from space 2560K, 99% used [0x00000000eed80000,0x00000000eeffcc10,0x00000000ef000000)
  to   space 2560K, 0% used [0x00000000eeb00000,0x00000000eeb00000,0x00000000eed80000)
 ParOldGen       total 44032K, used 14823K [0x00000000c0000000, 0x00000000c2b00000, 0x00000000eab00000)
  object space 44032K, 33% used [0x00000000c0000000,0x00000000c0e79ec8,0x00000000c2b00000)
 Metaspace       used 6159K, capacity 7152K, committed 7296K, reserved 1056768K
  class space    used 596K, capacity 616K, committed 640K, reserved 1048576K
}
Event: 36.925 GC heap before
{Heap before GC invocations=5 (full 0):
 PSYoungGen      total 68096K, used 68083K [0x00000000eab00000, 0x00000000ef000000, 0x0000000100000000)
  eden space 65536K, 100% used [0x00000000eab00000,0x00000000eeb00000,0x00000000eeb00000)
  from space 2560K, 99% used [0x00000000eed80000,0x00000000eeffcc10,0x00000000ef000000)
  to   space 2560K, 0% used [0x00000000eeb00000,0x00000000eeb00000,0x00000000eed80000)
 ParOldGen       total 44032K, used 14823K [0x00000000c0000000, 0x00000000c2b00000, 0x00000000eab00000)
  object space 44032K, 33% used [0x00000000c0000000,0x00000000c0e79ec8,0x00000000c2b00000)
 Metaspace       used 6229K, capacity 7152K, committed 7296K, reserved 1056768K
  class space    used 597K, capacity 616K, committed 640K, reserved 1048576K
Event: 37.080 GC heap after
Heap after GC invocations=5 (full 0):
 PSYoungGen      total 68096K, used 2539K [0x00000000eab00000, 0x00000000f4600000, 0x0000000100000000)
  eden space 65536K, 0% used [0x00000000eab00000,0x00000000eab00000,0x00000000eeb00000)
  from space 2560K, 99% used [0x00000000eeb00000,0x00000000eed7ae40,0x00000000eed80000)
  to   space 13824K, 0% used [0x00000000f3880000,0x00000000f3880000,0x00000000f4600000)
 ParOldGen       total 44032K, used 25327K [0x00000000c0000000, 0x00000000c2b00000, 0x00000000eab00000)
  object space 44032K, 57% used [0x00000000c0000000,0x00000000c18bbea8,0x00000000c2b00000)
 Metaspace       used 6229K, capacity 7152K, committed 7296K, reserved 1056768K
  class space    used 597K, capacity 616K, committed 640K, reserved 1048576K
}
Event: 49.539 GC heap before
{Heap before GC invocations=6 (full 0):
 PSYoungGen      total 68096K, used 68075K [0x00000000eab00000, 0x00000000f4600000, 0x0000000100000000)
  eden space 65536K, 100% used [0x00000000eab00000,0x00000000eeb00000,0x00000000eeb00000)
  from space 2560K, 99% used [0x00000000eeb00000,0x00000000eed7ae40,0x00000000eed80000)
  to   space 13824K, 0% used [0x00000000f3880000,0x00000000f3880000,0x00000000f4600000)
 ParOldGen       total 44032K, used 25327K [0x00000000c0000000, 0x00000000c2b00000, 0x00000000eab00000)
  object space 44032K, 57% used [0x00000000c0000000,0x00000000c18bbea8,0x00000000c2b00000)
 Metaspace       used 6249K, capacity 7152K, committed 7296K, reserved 1056768K
  class space    used 597K, capacity 616K, committed 640K, reserved 1048576K
Event: 49.767 GC heap after
Heap after GC invocations=6 (full 0):
 PSYoungGen      total 142848K, used 13533K [0x00000000eab00000, 0x00000000f4a00000, 0x0000000100000000)
  eden space 129024K, 0% used [0x00000000eab00000,0x00000000eab00000,0x00000000f2900000)
  from space 13824K, 97% used [0x00000000f3880000,0x00000000f45b74a0,0x00000000f4600000)
  to   space 15872K, 0% used [0x00000000f2900000,0x00000000f2900000,0x00000000f3880000)
 ParOldGen       total 44032K, used 25327K [0x00000000c0000000, 0x00000000c2b00000, 0x00000000eab00000)
  object space 44032K, 57% used [0x00000000c0000000,0x00000000c18bbea8,0x00000000c2b00000)
 Metaspace       used 6249K, capacity 7152K, committed 7296K, reserved 1056768K
  class space    used 597K, capacity 616K, committed 640K, reserved 1048576K
}
Event: 63.625 GC heap before
{Heap before GC invocations=7 (full 0):
 PSYoungGen      total 142848K, used 142557K [0x00000000eab00000, 0x00000000f4a00000, 0x0000000100000000)
  eden space 129024K, 100% used [0x00000000eab00000,0x00000000f2900000,0x00000000f2900000)
  from space 13824K, 97% used [0x00000000f3880000,0x00000000f45b74a0,0x00000000f4600000)
  to   space 15872K, 0% used [0x00000000f2900000,0x00000000f2900000,0x00000000f3880000)
 ParOldGen       total 44032K, used 25327K [0x00000000c0000000, 0x00000000c2b00000, 0x00000000eab00000)
  object space 44032K, 57% used [0x00000000c0000000,0x00000000c18bbea8,0x00000000c2b00000)
 Metaspace       used 6402K, capacity 7256K, committed 7424K, reserved 1056768K
  class space    used 617K, capacity 656K, committed 768K, reserved 1048576K
Event: 63.823 GC heap after
Heap after GC invocations=7 (full 0):
 PSYoungGen      total 144896K, used 15854K [0x00000000eab00000, 0x00000000fdc00000, 0x0000000100000000)
  eden space 129024K, 0% used [0x00000000eab00000,0x00000000eab00000,0x00000000f2900000)
  from space 15872K, 99% used [0x00000000f2900000,0x00000000f387b9c0,0x00000000f3880000)
  to   space 27136K, 0% used [0x00000000fc180000,0x00000000fc180000,0x00000000fdc00000)
 ParOldGen       total 44032K, used 42647K [0x00000000c0000000, 0x00000000c2b00000, 0x00000000eab00000)
  object space 44032K, 96% used [0x00000000c0000000,0x00000000c29a5e88,0x00000000c2b00000)
 Metaspace       used 6402K, capacity 7256K, committed 7424K, reserved 1056768K
  class space    used 617K, capacity 656K, committed 768K, reserved 1048576K
}
Event: 63.823 GC heap before
{Heap before GC invocations=8 (full 1):
 PSYoungGen      total 144896K, used 15854K [0x00000000eab00000, 0x00000000fdc00000, 0x0000000100000000)
  eden space 129024K, 0% used [0x00000000eab00000,0x00000000eab00000,0x00000000f2900000)
  from space 15872K, 99% used [0x00000000f2900000,0x00000000f387b9c0,0x00000000f3880000)
  to   space 27136K, 0% used [0x00000000fc180000,0x00000000fc180000,0x00000000fdc00000)
 ParOldGen       total 44032K, used 42647K [0x00000000c0000000, 0x00000000c2b00000, 0x00000000eab00000)
  object space 44032K, 96% used [0x00000000c0000000,0x00000000c29a5e88,0x00000000c2b00000)
 Metaspace       used 6402K, capacity 7256K, committed 7424K, reserved 1056768K
  class space    used 617K, capacity 656K, committed 768K, reserved 1048576K
Event: 65.411 GC heap after
Heap after GC invocations=8 (full 1):
 PSYoungGen      total 144896K, used 11729K [0x00000000eab00000, 0x00000000fdc00000, 0x0000000100000000)
  eden space 129024K, 0% used [0x00000000eab00000,0x00000000eab00000,0x00000000f2900000)
  from space 15872K, 73% used [0x00000000f2900000,0x00000000f3474400,0x00000000f3880000)
  to   space 27136K, 0% used [0x00000000fc180000,0x00000000fc180000,0x00000000fdc00000)
 ParOldGen       total 79872K, used 43531K [0x00000000c0000000, 0x00000000c4e00000, 0x00000000eab00000)
  object space 79872K, 54% used [0x00000000c0000000,0x00000000c2a82c30,0x00000000c4e00000)
 Metaspace       used 6402K, capacity 7256K, committed 7424K, reserved 1056768K
  class space    used 617K, capacity 656K, committed 768K, reserved 1048576K
}

Deoptimization events (10 events):
Event: 61.719 Thread 0x0000000016674000 Uncommon trap: reason=bimorphic action=maybe_recompile pc=0x00000000029b3794 method=com.android.dx.cf.code.BytecodeArray.parseInstruction(ILcom/android/dx/cf/code/BytecodeArray$Visitor;)I @ 971
Event: 61.720 Thread 0x0000000016674000 Uncommon trap: reason=bimorphic action=maybe_recompile pc=0x00000000029b3794 method=com.android.dx.cf.code.BytecodeArray.parseInstruction(ILcom/android/dx/cf/code/BytecodeArray$Visitor;)I @ 971
Event: 61.720 Thread 0x0000000016674000 Uncommon trap: reason=class_check action=maybe_recompile pc=0x000000000309d7c4 method=com.android.dx.cf.code.Ropper.processBlock(Lcom/android/dx/cf/code/ByteBlock;Lcom/android/dx/cf/code/Frame;[I)V @ 777
Event: 62.968 Thread 0x0000000016674000 Uncommon trap: reason=unstable_if action=reinterpret pc=0x0000000002996848 method=java.util.HashMap.putVal(ILjava/lang/Object;Ljava/lang/Object;ZZ)Ljava/lang/Object; @ 162
Event: 62.968 Thread 0x0000000016674000 Uncommon trap: reason=unstable_if action=reinterpret pc=0x00000000030f6b6c method=java.util.HashMap.getNode(ILjava/lang/Object;)Ljava/util/HashMap$Node; @ 84
Event: 62.968 Thread 0x0000000016674000 Uncommon trap: reason=class_check action=maybe_recompile pc=0x00000000031295f4 method=com.android.dx.ssa.ConstCollector.getConstsSortedByCountUse()Ljava/util/ArrayList; @ 331
Event: 66.144 Thread 0x0000000016674000 Uncommon trap: reason=bimorphic action=maybe_recompile pc=0x00000000029a3c88 method=com.android.dx.cf.code.BytecodeArray.parseInstruction(ILcom/android/dx/cf/code/BytecodeArray$Visitor;)I @ 1035
Event: 66.144 Thread 0x0000000016674000 Uncommon trap: reason=bimorphic action=maybe_recompile pc=0x00000000029a3c88 method=com.android.dx.cf.code.BytecodeArray.parseInstruction(ILcom/android/dx/cf/code/BytecodeArray$Visitor;)I @ 1035
Event: 66.144 Thread 0x0000000016674000 Uncommon trap: reason=class_check action=maybe_recompile pc=0x000000000309d7c4 method=com.android.dx.cf.code.Ropper.processBlock(Lcom/android/dx/cf/code/ByteBlock;Lcom/android/dx/cf/code/Frame;[I)V @ 777
Event: 66.275 Thread 0x0000000016719000 Uncommon trap: reason=class_check action=maybe_recompile pc=0x000000000309d7c4 method=com.android.dx.cf.code.Ropper.processBlock(Lcom/android/dx/cf/code/ByteBlock;Lcom/android/dx/cf/code/Frame;[I)V @ 777

Internal exceptions (8 events):
Event: 0.204 Thread 0x000000000210f800 Exception <a 'java/lang/NoSuchMethodError': Method sun.misc.Unsafe.defineClass(Ljava/lang/String;[BII)Ljava/lang/Class; name or signature does not match> (0x00000000eab0db08) thrown at [C:\re\workspace\8-2-build-windows-amd64-cygwin\jdk8u66\5298\hotspot\srÕÜû„.Ê?
Event: 0.205 Thread 0x000000000210f800 Exception <a 'java/lang/NoSuchMethodError': Method sun.misc.Unsafe.prefetchRead(Ljava/lang/Object;J)V name or signature does not match> (0x00000000eab0ddf0) thrown at [C:\re\workspace\8-2-build-windows-amd64-cygwin\jdk8u66\5298\hotspot\src\share\vm\prims\j:¹Ál"
Event: 2.017 Thread 0x0000000016727800 Implicit null exception at 0x0000000002a20c42 to 0x0000000002a22d79
Event: 23.059 Thread 0x0000000016719000 Implicit null exception at 0x0000000002c8b6e2 to 0x0000000002c8cedd
Event: 31.757 Thread 0x0000000016719000 Implicit null exception at 0x0000000002da6952 to 0x0000000002da6a42
Event: 61.101 Thread 0x0000000016719000 Exception <a 'java/lang/ArrayIndexOutOfBoundsException': 18> (0x00000000ef25e290) thrown at [C:\re\workspace\8-2-build-windows-amd64-cygwin\jdk8u66\5298\hotspot\src\share\vm\interpreter\interpreterRuntime.cpp, line 366]
Event: 61.102 Thread 0x0000000016719000 Exception <a 'java/lang/ArrayIndexOutOfBoundsException'> (0x00000000ef25fe10) thrown at [C:\re\workspace\8-2-build-windows-amd64-cygwin\jdk8u66\5298\hotspot\src\share\vm\runtime\sharedRuntime.cpp, line 605]
Event: 61.105 Thread 0x0000000016719000 Exception <a 'java/lang/ArrayIndexOutOfBoundsException'> (0x00000000ef2610f8) thrown at [C:\re\workspace\8-2-build-windows-amd64-cygwin\jdk8u66\5298\hotspot\src\share\vm\runtime\sharedRuntime.cpp, line 605]

Events (10 events):
Event: 66.144 Thread 0x0000000016674000 DEOPT PACKING pc=0x00000000029a3c88 sp=0x00000000175fe3e0
Event: 66.144 Thread 0x0000000016674000 DEOPT UNPACKING pc=0x00000000027a582a sp=0x00000000175fe368 mode 2
Event: 66.144 Thread 0x0000000016674000 Uncommon trap: trap_request=0xffffffde fr.pc=0x000000000309d7c4
Event: 66.144 Thread 0x0000000016674000 DEOPT PACKING pc=0x000000000309d7c4 sp=0x00000000175fe5a0
Event: 66.144 Thread 0x0000000016674000 DEOPT UNPACKING pc=0x00000000027a582a sp=0x00000000175fe588 mode 2
Event: 66.275 Thread 0x0000000016719000 Uncommon trap: trap_request=0xffffffde fr.pc=0x000000000309d7c4
Event: 66.275 Thread 0x0000000016719000 DEOPT PACKING pc=0x000000000309d7c4 sp=0x000000001788ecf0
Event: 66.275 Thread 0x0000000016719000 DEOPT UNPACKING pc=0x00000000027a582a sp=0x000000001788ecd8 mode 2
Event: 66.415 Thread 0x0000000016715000 DEOPT PACKING pc=0x0000000002e93184 sp=0x00000000172aeee0
Event: 66.415 Thread 0x0000000016715000 DEOPT UNPACKING pc=0x00000000027a787f sp=0x00000000172aecc0 mode 0


Dynamic libraries:
0x000000013f270000 - 0x000000013f2a7000 	C:\Program Files\Java\jdk1.8.0_66\bin\java.exe
0x0000000077a00000 - 0x0000000077ba9000 	C:\windows\SYSTEM32\ntdll.dll
0x00000000777e0000 - 0x00000000778ff000 	C:\windows\system32\kernel32.dll
0x000007fefc4e0000 - 0x000007fefc54c000 	C:\windows\system32\KERNELBASE.dll
0x000007fefe920000 - 0x000007fefe9fb000 	C:\windows\system32\ADVAPI32.dll
0x000007fefe420000 - 0x000007fefe4bf000 	C:\windows\system32\msvcrt.dll
0x000007fefd520000 - 0x000007fefd53f000 	C:\windows\SYSTEM32\sechost.dll
0x000007fefe7f0000 - 0x000007fefe91d000 	C:\windows\system32\RPCRT4.dll
0x0000000077900000 - 0x00000000779fa000 	C:\windows\system32\USER32.dll
0x000007fefd3d0000 - 0x000007fefd437000 	C:\windows\system32\GDI32.dll
0x000007fefcc60000 - 0x000007fefcc6e000 	C:\windows\system32\LPK.dll
0x000007fefcac0000 - 0x000007fefcb8a000 	C:\windows\system32\USP10.dll
0x000007fefadf0000 - 0x000007fefafe4000 	C:\windows\WinSxS\amd64_microsoft.windows.common-controls_6595b64144ccf1df_6.0.7601.18837_none_fa3b1e3d17594757\COMCTL32.dll
0x000007fefd540000 - 0x000007fefd5b1000 	C:\windows\system32\SHLWAPI.dll
0x000007fefd660000 - 0x000007fefd68e000 	C:\windows\system32\IMM32.DLL
0x000007fefe4c0000 - 0x000007fefe5c9000 	C:\windows\system32\MSCTF.dll
0x000007fef6400000 - 0x000007fef6491000 	C:\Program Files (x86)\AVG\AVG2015\avghooka.dll
0x000000005c020000 - 0x000000005c0f2000 	C:\Program Files\Java\jdk1.8.0_66\jre\bin\msvcr100.dll
0x0000000054560000 - 0x0000000054de9000 	C:\Program Files\Java\jdk1.8.0_66\jre\bin\server\jvm.dll
0x000007fef95c0000 - 0x000007fef95c9000 	C:\windows\system32\WSOCK32.dll
0x000007fefcb90000 - 0x000007fefcbdd000 	C:\windows\system32\WS2_32.dll
0x000007fefe7e0000 - 0x000007fefe7e8000 	C:\windows\system32\NSI.dll
0x000007fefa570000 - 0x000007fefa5ab000 	C:\windows\system32\WINMM.dll
0x000007fefb780000 - 0x000007fefb78c000 	C:\windows\system32\VERSION.dll
0x0000000077bd0000 - 0x0000000077bd7000 	C:\windows\system32\PSAPI.DLL
0x0000000075150000 - 0x000000007515f000 	C:\Program Files\Java\jdk1.8.0_66\jre\bin\verify.dll
0x0000000075050000 - 0x0000000075079000 	C:\Program Files\Java\jdk1.8.0_66\jre\bin\java.dll
0x0000000064540000 - 0x0000000064556000 	C:\Program Files\Java\jdk1.8.0_66\jre\bin\zip.dll
0x000007fefd690000 - 0x000007fefe419000 	C:\windows\system32\SHELL32.dll
0x000007fefe5d0000 - 0x000007fefe7d3000 	C:\windows\system32\ole32.dll
0x000007fefc490000 - 0x000007fefc49f000 	C:\windows\system32\profapi.dll

VM Arguments:
jvm_args: -Djava.awt.headless=true -Xmx1024M -Dfile.encoding=windows-1252 -Duser.country=US -Duser.language=en -Duser.variant 
java_command: com.android.dx.command.Main --dex --num-threads=4 --output C:\Users\DABBY(3pleMinds)\AndroidStudioProjects\Wacos\app\build\intermediates\pre-dexed\debug\com.android.support-support-v4-23.1.1_e7c679e6bdfc3ebfac5b91e2548370aef6678411.jar C:\Users\DABBY(3pleMinds)\AndroidStudioProjects\Wacos\app\build\intermediates\exploded-aar\com.android.support\support-v4\23.1.1\jars\classes.jar
java_class_path (initial): C:\Android\sdk\SDK\sdk\build-tools\23.0.1\lib\dx.jar
Launcher Type: SUN_STANDARD

Environment Variables:
PATH=C:\ProgramData\Oracle\Java\javapath;C:\xampp\apache\bin;C:\xampp\mysql\bin;C:\Program Files\Java\jre1.8.0_66\bin; C:\Program Files\Java\jdk1.8.0_66\bin;C:\Program Files (x86)\PC Connectivity Solution\;C:\Program Files\Common Files\Microsoft Shared\WindowsLive; C:\windows\system32;C:\windows;C:\windows\System32\Wbem;C:\windows\System32\WindowsPowerShell\v1.0\;C:\Program Files (x86)\Common Files\Roxio Shared\DLLShared\;C:\Program Files (x86)\Common Files\Roxio Shared\OEM\DLLShared\;C:\Program Files (x86)\Common Files\Roxio Shared\OEM\DLLShared\;C:\Program Files (x86)\Common Files\Roxio Shared\OEM\12.0\DLLShared\;C:\Program Files (x86)\Roxio\OEM\AudioCore\;C:\Program Files (x86)\Intel\Services\IPT\; C:\Program Files (x86)\MySQL\sqlite-shell-win32-x86-3080500;C:\cygwin64\bin;C:\Program Files\nodejs\node.exe;C:\wamp\bin\php\php5.5.12;C:\ProgramData\ComposerSetup\bin;C:\windows\system32;C:\Program Files\nodejs\node.exe;%ANT_HOME%;%ANDROID_HOME%;%ANDROID_TOOL%;C:\\Users\DABBY(3pleMinds)\AppData\Roaming\Composer\vendor\bin
USERNAME=DABBY(3pleMinds)
OS=Windows_NT
PROCESSOR_IDENTIFIER=Intel64 Family 6 Model 42 Stepping 7, GenuineIntel



---------------  S Y S T E M  ---------------

OS: Windows 7 , 64 bit Build 7601 (6.1.7601.19110)

CPU:total 4 (2 cores per cpu, 2 threads per core) family 6 model 42 stepping 7, cmov, cx8, fxsr, mmx, sse, sse2, sse3, ssse3, sse4.1, sse4.2, popcnt, avx, aes, clmul, ht, tsc, tscinvbit

Memory: 4k page, physical 4127084k(7984k free), swap 8716012k(5084k free)

vm_info: Java HotSpot(TM) 64-Bit Server VM (25.66-b18) for windows-amd64 JRE (1.8.0_66-b18), built on Nov  9 2015 10:51:13 by "java_re" with MS VC++ 10.0 (VS2010)

time: Wed Jan 27 04:28:11 2016
elapsed time: 66 seconds (0d 0h 1m 6s)

