#
# A fatal error has been detected by the Java Runtime Environment:
#
#  EXCEPTION_STACK_OVERFLOW (0xc00000fd) at pc=0x0000000059f81aa7, pid=1796, tid=9432
#
# JRE version: Java(TM) SE Runtime Environment (8.0_66-b18) (build 1.8.0_66-b18)
# Java VM: Java HotSpot(TM) 64-Bit Server VM (25.66-b18 mixed mode windows-amd64 compressed oops)
# Problematic frame:
# V  [jvm.dll+0x211aa7]
#
# Failed to write core dump. Minidumps are not enabled by default on client versions of Windows
#
# If you would like to submit a bug report, please visit:
#   http://bugreport.java.com/bugreport/crash.jsp
#

---------------  T H R E A D  ---------------

Current thread (0x00000000566dd800):  JavaThread "pool-1-thread-1" [_thread_in_vm, id=9432, stack(0x00000000571e0000,0x00000000572e0000)]

siginfo: ExceptionCode=0xc00000fd, ExceptionInformation=0x0000000000000001 0x00000000572da5f0 

Registers:
RAX=0x00000000572da5f0, RBX=0x0000000000000006, RCX=0x0000000000005000, RDX=0x0000000000000006
RSP=0x00000000572df5f0, RBP=0x0000000000000000, RSI=0x00000000572df5f0, RDI=0x0000000000000006
R8 =0x0000000000000006, R9 =0x00000000566de530, R10=0x000000005474d508, R11=0x00000000571ea148
R12=0x00000000566de530, R13=0x00000000566dd800, R14=0x00000000572df6b8, R15=0x000000005474d508
RIP=0x0000000059f81aa7, EFLAGS=0x0000000000010206

Top of Stack: (sp=0x00000000572df5f0)
0x00000000572df5f0:   00000000564de530 0000000068664e7e
0x00000000572df600:   00000000566dd800 00000000566de530
0x00000000572df610:   00000000ffffffff 0000000059f829d7
0x00000000572df620:   00000000572df720 000000005474d508
0x00000000572df630:   00000000566dd800 0000000059e2f5c3
0x00000000572df640:   00000000572df680 00000000566dd800
0x00000000572df650:   00000000572df710 00000000566dd800
0x00000000572df660:   000000005474d508 00000000566dd800
0x00000000572df670:   00000000029710c0 00000000566dd800
0x00000000572df680:   000000005474d508 00000000566dd800
0x00000000572df690:   000000005474d508 00000000566dd800
0x00000000572df6a0:   0000000000000001 000000005474d508
0x00000000572df6b0:   00000000566dd800 00000000564e2440
0x00000000572df6c0:   00000000566dd800 0000000059e30aad
0x00000000572df6d0:   00000000572df9d8 00000000147269a0
0x00000000572df6e0:   00000000147269a0 000000007700b9c7 

Instructions: (pc=0x0000000059f81aa7)
0x0000000059f81a87:   48 89 6c 24 30 33 ed 66 90 e8 1b 36 08 00 ff c3
0x0000000059f81a97:   48 63 c8 48 8b c6 48 0f af cf 48 ff c7 48 2b c1
0x0000000059f81aa7:   89 28 48 63 c3 48 3b 05 dd 9b 58 00 7e db 48 8b
0x0000000059f81ab7:   6c 24 30 48 8b 5c 24 38 48 8b 74 24 40 48 83 c4 


Register to memory mapping:

RAX=0x00000000572da5f0 is pointing into the stack for thread: 0x00000000566dd800
RBX=0x0000000000000006 is an unknown value
RCX=0x0000000000005000 is an unknown value
RDX=0x0000000000000006 is an unknown value
RSP=0x00000000572df5f0 is pointing into the stack for thread: 0x00000000566dd800
RBP=0x0000000000000000 is an unknown value
RSI=0x00000000572df5f0 is pointing into the stack for thread: 0x00000000566dd800
RDI=0x0000000000000006 is an unknown value
R8 =0x0000000000000006 is an unknown value
R9 =0x00000000566de530 is an unknown value
R10={method} {0x000000005474d510} 'run' '()V' in 'java/lang/Thread'
R11=0x00000000571ea148 is pointing into the stack for thread: 0x00000000566dd800
R12=0x00000000566de530 is an unknown value
R13=0x00000000566dd800 is a thread
R14=0x00000000572df6b8 is pointing into the stack for thread: 0x00000000566dd800
R15={method} {0x000000005474d510} 'run' '()V' in 'java/lang/Thread'


Stack: [0x00000000571e0000,0x00000000572e0000],  sp=0x00000000572df5f0,  free space=1021k
Native frames: (J=compiled Java code, j=interpreted, Vv=VM code, C=native code)


---------------  P R O C E S S  ---------------

Java Threads: ( => current thread )
=>0x00000000566dd800 JavaThread "pool-1-thread-1" [_thread_in_vm, id=9432, stack(0x00000000571e0000,0x00000000572e0000)]
  0x000000005646b800 JavaThread "Service Thread" daemon [_thread_blocked, id=11480, stack(0x00000000570c0000,0x00000000571c0000)]
  0x0000000056464000 JavaThread "C1 CompilerThread2" daemon [_thread_blocked, id=12192, stack(0x0000000056f10000,0x0000000057010000)]
  0x0000000056463000 JavaThread "C2 CompilerThread1" daemon [_thread_blocked, id=8044, stack(0x0000000056b50000,0x0000000056c50000)]
  0x0000000055114800 JavaThread "C2 CompilerThread0" daemon [_thread_blocked, id=13008, stack(0x0000000056c50000,0x0000000056d50000)]
  0x0000000055113800 JavaThread "Attach Listener" daemon [_thread_blocked, id=12620, stack(0x00000000568e0000,0x00000000569e0000)]
  0x0000000055112800 JavaThread "Signal Dispatcher" daemon [_thread_blocked, id=5340, stack(0x0000000056a20000,0x0000000056b20000)]
  0x00000000550b7000 JavaThread "Finalizer" daemon [_thread_blocked, id=9160, stack(0x0000000056360000,0x0000000056460000)]
  0x00000000550b0800 JavaThread "Reference Handler" daemon [_thread_blocked, id=12676, stack(0x0000000056060000,0x0000000056160000)]
  0x0000000001ddf800 JavaThread "main" [_thread_blocked, id=1704, stack(0x0000000002590000,0x0000000002690000)]

Other Threads:
  0x00000000550ab000 VMThread [stack: 0x00000000561b0000,0x00000000562b0000] [id=13196]
  0x000000005511d000 WatcherThread [stack: 0x0000000056db0000,0x0000000056eb0000] [id=6452]

VM state:not at safepoint (normal execution)

VM Mutex/Monitor currently owned by a thread: None

Heap:
 PSYoungGen      total 18944K, used 3609K [0x00000000eab00000, 0x00000000ec000000, 0x0000000100000000)
  eden space 16384K, 22% used [0x00000000eab00000,0x00000000eae86520,0x00000000ebb00000)
  from space 2560K, 0% used [0x00000000ebd80000,0x00000000ebd80000,0x00000000ec000000)
  to   space 2560K, 0% used [0x00000000ebb00000,0x00000000ebb00000,0x00000000ebd80000)
 ParOldGen       total 44032K, used 0K [0x00000000c0000000, 0x00000000c2b00000, 0x00000000eab00000)
  object space 44032K, 0% used [0x00000000c0000000,0x00000000c0000000,0x00000000c2b00000)
 Metaspace       used 3781K, capacity 5040K, committed 5120K, reserved 1056768K
  class space    used 433K, capacity 488K, committed 512K, reserved 1048576K

Card table byte_map: [0x0000000011d20000,0x0000000011f30000] byte_map_base: 0x0000000011720000

Marking Bits: (ParMarkBitMap*) 0x000000005a57a5b0
 Begin Bits: [0x0000000012520000, 0x0000000013520000)
 End Bits:   [0x0000000013520000, 0x0000000014520000)

Polling page: 0x0000000000250000

CodeCache: size=245760Kb used=1358Kb max_used=1358Kb free=244401Kb
 bounds [0x0000000002960000, 0x0000000002bd0000, 0x0000000011960000]
 total_blobs=398 nmethods=143 adapters=168
 compilation: enabled

Compilation events (10 events):
Event: 0.580 Thread 0x0000000056464000  137       3       java.lang.StringBuilder::toString (17 bytes)
Event: 0.580 Thread 0x0000000056464000 nmethod 137 0x0000000002ab18d0 code [0x0000000002ab1a40, 0x0000000002ab1c28]
Event: 0.580 Thread 0x0000000056464000  136       3       java.lang.StringBuilder::<init> (7 bytes)
Event: 0.580 Thread 0x0000000056464000 nmethod 136 0x0000000002ab1cd0 code [0x0000000002ab1e40, 0x0000000002ab20f0]
Event: 0.580 Thread 0x0000000056464000  138       3       java.io.InputStream::<init> (5 bytes)
Event: 0.580 Thread 0x0000000056464000 nmethod 138 0x0000000002ab2210 code [0x0000000002ab2380, 0x0000000002ab2530]
Event: 0.582 Thread 0x0000000056464000  139       3       java.lang.String::concat (47 bytes)
Event: 0.583 Thread 0x0000000056464000 nmethod 139 0x0000000002ab2610 code [0x0000000002ab27e0, 0x0000000002ab2f78]
Event: 0.583 Thread 0x0000000056464000  140       3       java.lang.String::getChars (16 bytes)
Event: 0.583 Thread 0x0000000056464000 nmethod 140 0x0000000002ab3310 code [0x0000000002ab3480, 0x0000000002ab3688]

GC Heap History (0 events):
No events

Deoptimization events (0 events):
No events

Internal exceptions (3 events):
Event: 0.091 Thread 0x0000000001ddf800 Exception <a 'java/lang/NoSuchMethodError': Method sun.misc.Unsafe.defineClass(Ljava/lang/String;[BII)Ljava/lang/Class; name or signature does not match> (0x00000000eab0d960) thrown at [C:\re\workspace\8-2-build-windows-amd64-cygwin\jdk8u66\5298\hotspot\sr°ê6xÉ:∑?
Event: 0.091 Thread 0x0000000001ddf800 Exception <a 'java/lang/NoSuchMethodError': Method sun.misc.Unsafe.prefetchRead(Ljava/lang/Object;J)V name or signature does not match> (0x00000000eab0dc48) thrown at [C:\re\workspace\8-2-build-windows-amd64-cygwin\jdk8u66\5298\hotspot\src\share\vm\prims\jÍÊfü•‚?
Event: 0.583 Thread 0x0000000001ddf800 Exception <a 'java/lang/OutOfMemoryError': unable to create new native thread> (0x00000000eae2fdd8) thrown at [C:\re\workspace\8-2-build-windows-amd64-cygwin\jdk8u66\5298\hotspot\src\share\vm\prims\jvm.cpp, line 3020]

Events (10 events):
Event: 0.581 loading class java/util/concurrent/ThreadPoolExecutor$Worker
Event: 0.581 loading class java/util/concurrent/ThreadPoolExecutor$Worker done
Event: 0.582 Thread 0x00000000566dd800 Thread added: 0x00000000566dd800
Event: 0.582 loading class com/android/dx/command/dexer/Main$ClassDefItemConsumer
Event: 0.582 loading class com/android/dx/command/dexer/Main$ClassDefItemConsumer done
Event: 0.583 loading class java/lang/Throwable$WrappedPrintStream
Event: 0.583 loading class java/lang/Throwable$PrintStreamOrWriter
Event: 0.583 loading class java/lang/Throwable$PrintStreamOrWriter done
Event: 0.583 loading class java/lang/Throwable$WrappedPrintStream done
Event: 0.583 loading class java/util/IdentityHashMap


Dynamic libraries:
0x000000013fa10000 - 0x000000013fa47000 	C:\Program Files\Java\jdk1.8.0_66\bin\java.exe
0x0000000076fe0000 - 0x0000000077189000 	C:\windows\SYSTEM32\ntdll.dll
0x0000000076ec0000 - 0x0000000076fdf000 	C:\windows\system32\kernel32.dll
0x000007fefbc30000 - 0x000007fefbc9c000 	C:\windows\system32\KERNELBASE.dll
0x000007fefbe30000 - 0x000007fefbf0b000 	C:\windows\system32\ADVAPI32.dll
0x000007fefdc40000 - 0x000007fefdcdf000 	C:\windows\system32\msvcrt.dll
0x000007fefd0a0000 - 0x000007fefd0bf000 	C:\windows\SYSTEM32\sechost.dll
0x000007fefcf70000 - 0x000007fefd09d000 	C:\windows\system32\RPCRT4.dll
0x0000000076dc0000 - 0x0000000076eba000 	C:\windows\system32\USER32.dll
0x000007fefd0c0000 - 0x000007fefd127000 	C:\windows\system32\GDI32.dll
0x000007fefd8b0000 - 0x000007fefd8be000 	C:\windows\system32\LPK.dll
0x000007fefdd80000 - 0x000007fefde4a000 	C:\windows\system32\USP10.dll
0x000007fefa3a0000 - 0x000007fefa594000 	C:\windows\WinSxS\amd64_microsoft.windows.common-controls_6595b64144ccf1df_6.0.7601.18837_none_fa3b1e3d17594757\COMCTL32.dll
0x000007fefd700000 - 0x000007fefd771000 	C:\windows\system32\SHLWAPI.dll
0x000007fefd8c0000 - 0x000007fefd8ee000 	C:\windows\system32\IMM32.DLL
0x000007fefd130000 - 0x000007fefd239000 	C:\windows\system32\MSCTF.dll
0x000007fef5420000 - 0x000007fef54b1000 	C:\Program Files (x86)\AVG\AVG2015\avghooka.dll
0x0000000068610000 - 0x00000000686e2000 	C:\Program Files\Java\jdk1.8.0_66\jre\bin\msvcr100.dll
0x0000000059d70000 - 0x000000005a5f9000 	C:\Program Files\Java\jdk1.8.0_66\jre\bin\server\jvm.dll
0x000007fef8650000 - 0x000007fef8659000 	C:\windows\system32\WSOCK32.dll
0x000007fefd860000 - 0x000007fefd8ad000 	C:\windows\system32\WS2_32.dll
0x000007fefd6f0000 - 0x000007fefd6f8000 	C:\windows\system32\NSI.dll
0x000007fef9ed0000 - 0x000007fef9f0b000 	C:\windows\system32\WINMM.dll
0x000007fefada0000 - 0x000007fefadac000 	C:\windows\system32\VERSION.dll
0x00000000771b0000 - 0x00000000771b7000 	C:\windows\system32\PSAPI.DLL
0x000000006b8b0000 - 0x000000006b8bf000 	C:\Program Files\Java\jdk1.8.0_66\jre\bin\verify.dll
0x0000000065430000 - 0x0000000065459000 	C:\Program Files\Java\jdk1.8.0_66\jre\bin\java.dll
0x0000000065370000 - 0x0000000065386000 	C:\Program Files\Java\jdk1.8.0_66\jre\bin\zip.dll
0x000007fefc1e0000 - 0x000007fefcf69000 	C:\windows\system32\SHELL32.dll
0x000007fefbf10000 - 0x000007fefc113000 	C:\windows\system32\ole32.dll
0x000007fefba80000 - 0x000007fefba8f000 	C:\windows\system32\profapi.dll

VM Arguments:
jvm_args: -Djava.awt.headless=true -Xmx1024M -Dfile.encoding=windows-1252 -Duser.country=US -Duser.language=en -Duser.variant 
java_command: com.android.dx.command.Main --dex --num-threads=4 --output C:\Users\DABBY(3pleMinds)\AndroidStudioProjects\Wacos\app\build\intermediates\pre-dexed\debug\com.android.support-design-23.1.1_9b2b6a9d6aecb86401dd9306b726ad8350346008.jar C:\Users\DABBY(3pleMinds)\AndroidStudioProjects\Wacos\app\build\intermediates\exploded-aar\com.android.support\design\23.1.1\jars\classes.jar
java_class_path (initial): C:\Android\sdk\SDK\sdk\build-tools\23.0.1\lib\dx.jar
Launcher Type: SUN_STANDARD

Environment Variables:
PATH=C:\ProgramData\Oracle\Java\javapath;C:\xampp\apache\bin;C:\xampp\mysql\bin;C:\Program Files\Java\jre1.8.0_66\bin; C:\Program Files\Java\jdk1.8.0_66\bin;C:\Program Files (x86)\PC Connectivity Solution\;%CommonProgramFiles%\Microsoft Shared\WindowsLive; C:\windows\system32;C:\windows;C:\windows\System32\Wbem;C:\windows\System32\WindowsPowerShell\v1.0\;C:\Program Files (x86)\Common Files\Roxio Shared\DLLShared\;C:\Program Files (x86)\Common Files\Roxio Shared\OEM\DLLShared\;C:\Program Files (x86)\Common Files\Roxio Shared\OEM\DLLShared\;C:\Program Files (x86)\Common Files\Roxio Shared\OEM\12.0\DLLShared\;C:\Program Files (x86)\Roxio\OEM\AudioCore\;C:\Program Files (x86)\Intel\Services\IPT\; C:\Program Files (x86)\MySQL\sqlite-shell-win32-x86-3080500;C:\cygwin64\bin;C:\Program Files\nodejs\node.exe;C:\wamp\bin\php\php5.5.12;C:\ProgramData\ComposerSetup\bin;C:\windows\system32;C:\Program Files\nodejs\node.exe;%ANT_HOME%;%ANDROID_HOME%;%ANDROID_TOOL%;C:\\Users\DABBY(3pleMinds)\AppData\Roaming\Composer\vendor\bin
USERNAME=DABBY(3pleMinds)
OS=Windows_NT
PROCESSOR_IDENTIFIER=Intel64 Family 6 Model 42 Stepping 7, GenuineIntel



---------------  S Y S T E M  ---------------

OS: Windows 7 , 64 bit Build 7601 (6.1.7601.19110)

CPU:total 4 (2 cores per cpu, 2 threads per core) family 6 model 42 stepping 7, cmov, cx8, fxsr, mmx, sse, sse2, sse3, ssse3, sse4.1, sse4.2, popcnt, avx, aes, clmul, ht, tsc, tscinvbit

Memory: 4k page, physical 4127084k(234176k free), swap 9213808k(142064k free)

vm_info: Java HotSpot(TM) 64-Bit Server VM (25.66-b18) for windows-amd64 JRE (1.8.0_66-b18), built on Nov  9 2015 10:51:13 by "java_re" with MS VC++ 10.0 (VS2010)

time: Mon Jan 18 16:39:58 2016
elapsed time: 0 seconds (0d 0h 0m 0s)

