#
# There is insufficient memory for the Java Runtime Environment to continue.
# Native memory allocation (malloc) failed to allocate 81376 bytes for Chunk::new
# Possible reasons:
#   The system is out of physical RAM or swap space
#   In 32 bit mode, the process size limit was hit
# Possible solutions:
#   Reduce memory load on the system
#   Increase physical memory or swap space
#   Check if swap backing store is full
#   Use 64 bit Java on a 64 bit OS
#   Decrease Java heap size (-Xmx/-Xms)
#   Decrease number of Java threads
#   Decrease Java thread stack sizes (-Xss)
#   Set larger code cache with -XX:ReservedCodeCacheSize=
# This output file may be truncated or incomplete.
#
#  Out of Memory Error (allocation.cpp:390), pid=6912, tid=12904
#
# JRE version: Java(TM) SE Runtime Environment (8.0_66-b18) (build 1.8.0_66-b18)
# Java VM: Java HotSpot(TM) 64-Bit Server VM (25.66-b18 mixed mode windows-amd64 compressed oops)
# Failed to write core dump. Minidumps are not enabled by default on client versions of Windows
#

---------------  T H R E A D  ---------------

Current thread (0x0000000056553000):  JavaThread "C2 CompilerThread0" daemon [_thread_in_native, id=12904, stack(0x0000000056b10000,0x0000000056c10000)]

Stack: [0x0000000056b10000,0x0000000056c10000]
[error occurred during error reporting (printing stack bounds), id 0xc0000005]

Native frames: (J=compiled Java code, j=interpreted, Vv=VM code, C=native code)


Current CompileTask:
C2:   2069  212       4       com.android.dx.rop.cst.CstString::utf8BytesToString (391 bytes)


---------------  P R O C E S S  ---------------

Java Threads: ( => current thread )
  0x00000000566c6800 JavaThread "pool-1-thread-4" [_thread_new, id=10536, stack(0x0000000000000000,0x0000000000000000)]
  0x00000000566c4000 JavaThread "pool-1-thread-3" [_thread_new, id=9660, stack(0x0000000000000000,0x0000000000000000)]
  0x00000000566c3000 JavaThread "pool-1-thread-2" [_thread_new, id=13284, stack(0x0000000000000000,0x0000000000000000)]
  0x00000000566c2800 JavaThread "pool-2-thread-1" [_thread_new, id=12488, stack(0x0000000000000000,0x0000000000000000)]
  0x00000000566b9800 JavaThread "pool-1-thread-1" [_thread_new, id=2856, stack(0x0000000000000000,0x0000000000000000)]
  0x00000000565bd000 JavaThread "Service Thread" daemon [_thread_blocked, id=8456, stack(0x0000000056dd0000,0x0000000056ed0000)]
  0x000000005659f800 JavaThread "C1 CompilerThread2" daemon [_thread_in_native, id=9936, stack(0x0000000056ef0000,0x0000000056ff0000)]
  0x000000005502f000 JavaThread "C2 CompilerThread1" daemon [_thread_blocked, id=11624, stack(0x0000000056c60000,0x0000000056d60000)]
=>0x0000000056553000 JavaThread "C2 CompilerThread0" daemon [_thread_in_native, id=12904, stack(0x0000000056b10000,0x0000000056c10000)]
  0x0000000055024800 JavaThread "Attach Listener" daemon [_thread_blocked, id=12864, stack(0x00000000562b0000,0x00000000563b0000)]
  0x0000000055023800 JavaThread "Signal Dispatcher" daemon [_thread_blocked, id=9480, stack(0x00000000569b0000,0x0000000056ab0000)]
  0x0000000054fc7800 JavaThread "Finalizer" daemon [_thread_blocked, id=11528, stack(0x0000000056450000,0x0000000056550000)]
  0x0000000054fc0800 JavaThread "Reference Handler" daemon [_thread_blocked, id=11848, stack(0x00000000561a0000,0x00000000562a0000)]
  0x00000000002af800 JavaThread "main" [_thread_in_vm, id=8936, stack(0x00000000022a0000,0x00000000023a0000)]

Other Threads:
  0x0000000054fbb000 VMThread [stack: 0x0000000056000000,0x0000000056100000] [id=12324]
  0x00000000565c2000 WatcherThread [stack: 0x0000000056ff0000,0x00000000570f0000] [id=12736]

VM state:not at safepoint (normal execution)

VM Mutex/Monitor currently owned by a thread: None

Heap:
 PSYoungGen      total 18944K, used 3938K [0x00000000eab00000, 0x00000000ec000000, 0x0000000100000000)
  eden space 16384K, 24% used [0x00000000eab00000,0x00000000eaed8a30,0x00000000ebb00000)
  from space 2560K, 0% used [0x00000000ebd80000,0x00000000ebd80000,0x00000000ec000000)
  to   space 2560K, 0% used [0x00000000ebb00000,0x00000000ebb00000,0x00000000ebd80000)
 ParOldGen       total 44032K, used 0K [0x00000000c0000000, 0x00000000c2b00000, 0x00000000eab00000)
  object space 44032K, 0% used [0x00000000c0000000,0x00000000c0000000,0x00000000c2b00000)
 Metaspace       used 3875K, capacity 5168K, committed 5376K, reserved 1056768K
  class space    used 444K, capacity 488K, committed 512K, reserved 1048576K

Card table byte_map: [0x0000000011a30000,0x0000000011c40000] byte_map_base: 0x0000000011430000

Marking Bits: (ParMarkBitMap*) 0x000000005a57a5b0
 Begin Bits: [0x0000000012430000, 0x0000000013430000)
 End Bits:   [0x0000000013430000, 0x0000000014430000)

Polling page: 0x0000000000260000

CodeCache: size=245760Kb used=1515Kb max_used=1515Kb free=244244Kb
 bounds [0x0000000002670000, 0x00000000028e0000, 0x0000000011670000]
 total_blobs=468 nmethods=211 adapters=170
 compilation: enabled

Compilation events (10 events):
Event: 2.065 Thread 0x000000005659f800 nmethod 207 0x00000000027e9050 code [0x00000000027e91c0, 0x00000000027e9410]
Event: 2.065 Thread 0x000000005659f800  209       3       com.android.dx.cf.code.LineNumberList::set (15 bytes)
Event: 2.065 Thread 0x0000000056553000  212       4       com.android.dx.rop.cst.CstString::utf8BytesToString (391 bytes)
Event: 2.066 Thread 0x000000005659f800 nmethod 209 0x00000000027e9510 code [0x00000000027e9700, 0x00000000027e9f98]
Event: 2.066 Thread 0x000000005659f800  211       3       com.android.dx.util.ByteArray::getInt (47 bytes)
Event: 2.066 Thread 0x000000005659f800 nmethod 211 0x00000000027ea5d0 code [0x00000000027ea760, 0x00000000027eab48]
Event: 2.066 Thread 0x000000005659f800  210       3       com.android.dx.cf.code.LineNumberList$Item::<init> (43 bytes)
Event: 2.066 Thread 0x000000005659f800 nmethod 210 0x00000000027eadd0 code [0x00000000027eaf60, 0x00000000027eb2f8]
Event: 2.066 Thread 0x000000005659f800  208       1       com.android.dx.cf.direct.MemberListParser::getDefiner (5 bytes)
Event: 2.066 Thread 0x000000005659f800 nmethod 208 0x00000000027eb450 code [0x00000000027eb5a0, 0x00000000027eb6b0]

GC Heap History (0 events):
No events

Deoptimization events (0 events):
No events

Internal exceptions (2 events):
Event: 1.077 Thread 0x00000000002af800 Exception <a 'java/lang/NoSuchMethodError': Method sun.misc.Unsafe.defineClass(Ljava/lang/String;[BII)Ljava/lang/Class; name or signature does not match> (0x00000000eab0dae0) thrown at [C:\re\workspace\8-2-build-windows-amd64-cygwin\jdk8u66\5298\hotspot\srÅ%ÄK;Ò?
Event: 1.077 Thread 0x00000000002af800 Exception <a 'java/lang/NoSuchMethodError': Method sun.misc.Unsafe.prefetchRead(Ljava/lang/Object;J)V name or signature does not match> (0x00000000eab0ddc8) thrown at [C:\re\workspace\8-2-build-windows-amd64-cygwin\jdk8u66\5298\hotspot\src\share\vm\prims\j

Events (10 events):
Event: 2.054 loading class com/android/dx/cf/attrib/BaseParameterAnnotations
Event: 2.054 loading class com/android/dx/cf/attrib/BaseParameterAnnotations done
Event: 2.058 loading class com/android/dx/cf/attrib/AttSignature
Event: 2.058 loading class com/android/dx/cf/attrib/AttSignature done
Event: 2.059 loading class com/android/dx/cf/attrib/AttLocalVariableTypeTable
Event: 2.059 loading class com/android/dx/cf/attrib/AttLocalVariableTypeTable done
Event: 2.062 loading class com/android/dx/cf/attrib/AttRuntimeInvisibleAnnotations
Event: 2.062 loading class com/android/dx/cf/attrib/AttRuntimeInvisibleAnnotations done
Event: 2.063 loading class com/android/dx/cf/attrib/BaseAnnotations
Event: 2.063 loading class com/android/dx/cf/attrib/BaseAnnotations done


Dynamic libraries:
0x000000013fa10000 - 0x000000013fa47000 	C:\Program Files\Java\jdk1.8.0_66\bin\java.exe
0x0000000076fe0000 - 0x0000000077189000 	C:\windows\SYSTEM32\ntdll.dll
0x0000000076ec0000 - 0x0000000076fdf000 	C:\windows\system32\kernel32.dll
0x000007fefbc30000 - 0x000007fefbc9c000 	C:\windows\system32\KERNELBASE.dll
0x000007fefbe30000 - 0x000007fefbf0b000 	C:\windows\system32\ADVAPI32.dll
0x000007fefdc40000 - 0x000007fefdcdf000 	C:\windows\system32\msvcrt.dll
0x000007fefd0a0000 - 0x000007fefd0bf000 	C:\windows\SYSTEM32\sechost.dll
0x000007fefcf70000 - 0x000007fefd09d000 	C:\windows\system32\RPCRT4.dll
0x0000000076dc0000 - 0x0000000076eba000 	C:\windows\system32\USER32.dll
0x000007fefd0c0000 - 0x000007fefd127000 	C:\windows\system32\GDI32.dll
0x000007fefd8b0000 - 0x000007fefd8be000 	C:\windows\system32\LPK.dll
0x000007fefdd80000 - 0x000007fefde4a000 	C:\windows\system32\USP10.dll
0x000007fefa3a0000 - 0x000007fefa594000 	C:\windows\WinSxS\amd64_microsoft.windows.common-controls_6595b64144ccf1df_6.0.7601.18837_none_fa3b1e3d17594757\COMCTL32.dll
0x000007fefd700000 - 0x000007fefd771000 	C:\windows\system32\SHLWAPI.dll
0x000007fefd8c0000 - 0x000007fefd8ee000 	C:\windows\system32\IMM32.DLL
0x000007fefd130000 - 0x000007fefd239000 	C:\windows\system32\MSCTF.dll
0x000007fef5420000 - 0x000007fef54b1000 	C:\Program Files (x86)\AVG\AVG2015\avghooka.dll
0x0000000068610000 - 0x00000000686e2000 	C:\Program Files\Java\jdk1.8.0_66\jre\bin\msvcr100.dll
0x0000000059d70000 - 0x000000005a5f9000 	C:\Program Files\Java\jdk1.8.0_66\jre\bin\server\jvm.dll
0x000007fef8650000 - 0x000007fef8659000 	C:\windows\system32\WSOCK32.dll
0x000007fefd860000 - 0x000007fefd8ad000 	C:\windows\system32\WS2_32.dll
0x000007fefd6f0000 - 0x000007fefd6f8000 	C:\windows\system32\NSI.dll
0x000007fef9ed0000 - 0x000007fef9f0b000 	C:\windows\system32\WINMM.dll
0x000007fefada0000 - 0x000007fefadac000 	C:\windows\system32\VERSION.dll
0x00000000771b0000 - 0x00000000771b7000 	C:\windows\system32\PSAPI.DLL
0x000000006b8b0000 - 0x000000006b8bf000 	C:\Program Files\Java\jdk1.8.0_66\jre\bin\verify.dll
0x0000000065430000 - 0x0000000065459000 	C:\Program Files\Java\jdk1.8.0_66\jre\bin\java.dll
0x0000000065370000 - 0x0000000065386000 	C:\Program Files\Java\jdk1.8.0_66\jre\bin\zip.dll
0x000007fefc1e0000 - 0x000007fefcf69000 	C:\windows\system32\SHELL32.dll
0x000007fefbf10000 - 0x000007fefc113000 	C:\windows\system32\ole32.dll
0x000007fefba80000 - 0x000007fefba8f000 	C:\windows\system32\profapi.dll

VM Arguments:
jvm_args: -Djava.awt.headless=true -Xmx1024M -Dfile.encoding=windows-1252 -Duser.country=US -Duser.language=en -Duser.variant 
java_command: com.android.dx.command.Main --dex --num-threads=4 --output C:\Users\DABBY(3pleMinds)\AndroidStudioProjects\Wacos\app\build\intermediates\pre-dexed\debug\com.android.support-design-23.1.1_9b2b6a9d6aecb86401dd9306b726ad8350346008.jar C:\Users\DABBY(3pleMinds)\AndroidStudioProjects\Wacos\app\build\intermediates\exploded-aar\com.android.support\design\23.1.1\jars\classes.jar
java_class_path (initial): C:\Android\sdk\SDK\sdk\build-tools\23.0.1\lib\dx.jar
Launcher Type: SUN_STANDARD

Environment Variables:
PATH=C:\ProgramData\Oracle\Java\javapath;C:\xampp\apache\bin;C:\xampp\mysql\bin;C:\Program Files\Java\jre1.8.0_66\bin; C:\Program Files\Java\jdk1.8.0_66\bin;C:\Program Files (x86)\PC Connectivity Solution\;%CommonProgramFiles%\Microsoft Shared\WindowsLive; C:\windows\system32;C:\windows;C:\windows\System32\Wbem;C:\windows\System32\WindowsPowerShell\v1.0\;C:\Program Files (x86)\Common Files\Roxio Shared\DLLShared\;C:\Program Files (x86)\Common Files\Roxio Shared\OEM\DLLShared\;C:\Program Files (x86)\Common Files\Roxio Shared\OEM\DLLShared\;C:\Program Files (x86)\Common Files\Roxio Shared\OEM\12.0\DLLShared\;C:\Program Files (x86)\Roxio\OEM\AudioCore\;C:\Program Files (x86)\Intel\Services\IPT\; C:\Program Files (x86)\MySQL\sqlite-shell-win32-x86-3080500;C:\cygwin64\bin;C:\Program Files\nodejs\node.exe;C:\wamp\bin\php\php5.5.12;C:\ProgramData\ComposerSetup\bin;C:\windows\system32;C:\Program Files\nodejs\node.exe;%ANT_HOME%;%ANDROID_HOME%;%ANDROID_TOOL%;C:\\Users\DABBY(3pleMinds)\AppData\Roaming\Composer\vendor\bin
USERNAME=DABBY(3pleMinds)
OS=Windows_NT
PROCESSOR_IDENTIFIER=Intel64 Family 6 Model 42 Stepping 7, GenuineIntel



---------------  S Y S T E M  ---------------

OS: Windows 7 , 64 bit Build 7601 (6.1.7601.19110)

CPU:total 4 (2 cores per cpu, 2 threads per core) family 6 model 42 stepping 7, cmov, cx8, fxsr, mmx, sse, sse2, sse3, ssse3, sse4.1, sse4.2, popcnt, avx, aes, clmul, ht, tsc, tscinvbit

Memory: 4k page, physical 4127084k(253196k free), swap 9213808k(336880k free)

vm_info: Java HotSpot(TM) 64-Bit Server VM (25.66-b18) for windows-amd64 JRE (1.8.0_66-b18), built on Nov  9 2015 10:51:13 by "java_re" with MS VC++ 10.0 (VS2010)

time: Mon Jan 18 17:20:25 2016
elapsed time: 2 seconds (0d 0h 0m 2s)

