#
# There is insufficient memory for the Java Runtime Environment to continue.
# Native memory allocation (malloc) failed to allocate 753216 bytes for Chunk::new
# Possible reasons:
#   The system is out of physical RAM or swap space
#   In 32 bit mode, the process size limit was hit
# Possible solutions:
#   Reduce memory load on the system
#   Increase physical memory or swap space
#   Check if swap backing store is full
#   Use 64 bit Java on a 64 bit OS
#   Decrease Java heap size (-Xmx/-Xms)
#   Decrease number of Java threads
#   Decrease Java thread stack sizes (-Xss)
#   Set larger code cache with -XX:ReservedCodeCacheSize=
# This output file may be truncated or incomplete.
#
#  Out of Memory Error (allocation.cpp:390), pid=10320, tid=9052
#
# JRE version: Java(TM) SE Runtime Environment (8.0_66-b18) (build 1.8.0_66-b18)
# Java VM: Java HotSpot(TM) 64-Bit Server VM (25.66-b18 mixed mode windows-amd64 compressed oops)
# Failed to write core dump. Minidumps are not enabled by default on client versions of Windows
#

---------------  T H R E A D  ---------------

Current thread (0x0000000056582800):  JavaThread "C2 CompilerThread1" daemon [_thread_in_native, id=9052, stack(0x0000000056d90000,0x0000000056e90000)]

Stack: [0x0000000056d90000,0x0000000056e90000]
[error occurred during error reporting (printing stack bounds), id 0xc0000005]

Native frames: (J=compiled Java code, j=interpreted, Vv=VM code, C=native code)


Current CompileTask:
C2:   9327 1786       4       com.android.dx.ssa.DeadCodeRemover::run (194 bytes)


---------------  P R O C E S S  ---------------

Java Threads: ( => current thread )
  0x0000000056828800 JavaThread "pool-1-thread-4" [_thread_blocked, id=13008, stack(0x00000000576f0000,0x00000000577f0000)]
  0x0000000056813800 JavaThread "pool-1-thread-3" [_thread_blocked, id=11044, stack(0x0000000056ad0000,0x0000000056bd0000)]
  0x0000000056815800 JavaThread "pool-1-thread-2" [_thread_blocked, id=11512, stack(0x0000000056fd0000,0x00000000570d0000)]
  0x0000000056808000 JavaThread "pool-2-thread-1" [_thread_blocked, id=10772, stack(0x00000000575b0000,0x00000000576b0000)]
  0x0000000056805800 JavaThread "pool-1-thread-1" [_thread_blocked, id=12292, stack(0x0000000057480000,0x0000000057580000)]
  0x0000000056587000 JavaThread "Service Thread" daemon [_thread_blocked, id=12296, stack(0x0000000057150000,0x0000000057250000)]
  0x0000000056583800 JavaThread "C1 CompilerThread2" daemon [_thread_blocked, id=9852, stack(0x0000000056ec0000,0x0000000056fc0000)]
=>0x0000000056582800 JavaThread "C2 CompilerThread1" daemon [_thread_in_native, id=9052, stack(0x0000000056d90000,0x0000000056e90000)]
  0x0000000056580800 JavaThread "C2 CompilerThread0" daemon [_thread_in_native, id=5696, stack(0x0000000056bd0000,0x0000000056cd0000)]
  0x0000000055188000 JavaThread "Attach Listener" daemon [_thread_blocked, id=10156, stack(0x00000000569b0000,0x0000000056ab0000)]
  0x0000000055185800 JavaThread "Signal Dispatcher" daemon [_thread_blocked, id=10872, stack(0x0000000055f90000,0x0000000056090000)]
  0x0000000055121800 JavaThread "Finalizer" daemon [_thread_blocked, id=7952, stack(0x0000000056480000,0x0000000056580000)]
  0x0000000055120000 JavaThread "Reference Handler" daemon [_thread_blocked, id=9592, stack(0x00000000562a0000,0x00000000563a0000)]
  0x000000000216f800 JavaThread "main" [_thread_blocked, id=12440, stack(0x0000000002380000,0x0000000002480000)]

Other Threads:
  0x000000005511a800 VMThread [stack: 0x0000000056110000,0x0000000056210000] [id=8500]
  0x000000005662e800 WatcherThread [stack: 0x0000000057300000,0x0000000057400000] [id=10380]

VM state:not at safepoint (normal execution)

VM Mutex/Monitor currently owned by a thread: None

Heap:
 PSYoungGen      total 68096K, used 27249K [0x00000000eab00000, 0x00000000ef000000, 0x0000000100000000)
  eden space 65536K, 37% used [0x00000000eab00000,0x00000000ec321da0,0x00000000eeb00000)
  from space 2560K, 99% used [0x00000000eed80000,0x00000000eeffa6e0,0x00000000ef000000)
  to   space 2560K, 0% used [0x00000000eeb00000,0x00000000eeb00000,0x00000000eed80000)
 ParOldGen       total 44032K, used 13558K [0x00000000c0000000, 0x00000000c2b00000, 0x00000000eab00000)
  object space 44032K, 30% used [0x00000000c0000000,0x00000000c0d3d950,0x00000000c2b00000)
 Metaspace       used 6207K, capacity 7128K, committed 7424K, reserved 1056768K
  class space    used 616K, capacity 656K, committed 768K, reserved 1048576K

Card table byte_map: [0x0000000011b10000,0x0000000011d20000] byte_map_base: 0x0000000011510000

Marking Bits: (ParMarkBitMap*) 0x000000005a57a5b0
 Begin Bits: [0x0000000012590000, 0x0000000013590000)
 End Bits:   [0x0000000013590000, 0x0000000014590000)

Polling page: 0x0000000000250000

CodeCache: size=245760Kb used=8311Kb max_used=8315Kb free=237448Kb
 bounds [0x0000000002750000, 0x0000000002f80000, 0x0000000011750000]
 total_blobs=2021 nmethods=1752 adapters=182
 compilation: enabled

Compilation events (10 events):
Event: 9.091 Thread 0x0000000056583800 1793       3       com.android.dx.rop.code.Rops::opSub (29 bytes)
Event: 9.092 Thread 0x0000000056583800 nmethod 1793 0x0000000002f33d10 code [0x0000000002f33e80, 0x0000000002f34048]
Event: 9.115 Thread 0x0000000056582800 nmethod 1776 0x0000000002f74cd0 code [0x0000000002f74f20, 0x0000000002f76ac8]
Event: 9.115 Thread 0x0000000056582800 1781       4       com.android.dx.cf.code.BaseMachine::popArgs (62 bytes)
Event: 9.123 Thread 0x0000000056582800 nmethod 1781 0x0000000002f74290 code [0x0000000002f74400, 0x0000000002f74858]
Event: 9.123 Thread 0x0000000056582800 1786       4       com.android.dx.ssa.DeadCodeRemover::run (194 bytes)
Event: 9.281 Thread 0x0000000056583800 1795       3       java.util.concurrent.locks.AbstractQueuedSynchronizer::unparkSuccessor (84 bytes)
Event: 9.282 Thread 0x0000000056583800 nmethod 1795 0x0000000002f33350 code [0x0000000002f334e0, 0x0000000002f33a28]
Event: 9.289 Thread 0x0000000056583800 1796       3       com.android.dx.dex.file.AnnotationSetItem::<init> (83 bytes)
Event: 9.290 Thread 0x0000000056583800 nmethod 1796 0x0000000002f71fd0 code [0x0000000002f72280, 0x0000000002f736a8]

GC Heap History (8 events):
Event: 1.273 GC heap before
{Heap before GC invocations=1 (full 0):
 PSYoungGen      total 18944K, used 16384K [0x00000000eab00000, 0x00000000ec000000, 0x0000000100000000)
  eden space 16384K, 100% used [0x00000000eab00000,0x00000000ebb00000,0x00000000ebb00000)
  from space 2560K, 0% used [0x00000000ebd80000,0x00000000ebd80000,0x00000000ec000000)
  to   space 2560K, 0% used [0x00000000ebb00000,0x00000000ebb00000,0x00000000ebd80000)
 ParOldGen       total 44032K, used 0K [0x00000000c0000000, 0x00000000c2b00000, 0x00000000eab00000)
  object space 44032K, 0% used [0x00000000c0000000,0x00000000c0000000,0x00000000c2b00000)
 Metaspace       used 5683K, capacity 6768K, committed 7040K, reserved 1056768K
  class space    used 589K, capacity 616K, committed 640K, reserved 1048576K
Event: 1.460 GC heap after
Heap after GC invocations=1 (full 0):
 PSYoungGen      total 18944K, used 2538K [0x00000000eab00000, 0x00000000ed000000, 0x0000000100000000)
  eden space 16384K, 0% used [0x00000000eab00000,0x00000000eab00000,0x00000000ebb00000)
  from space 2560K, 99% used [0x00000000ebb00000,0x00000000ebd7aa90,0x00000000ebd80000)
  to   space 2560K, 0% used [0x00000000ecd80000,0x00000000ecd80000,0x00000000ed000000)
 ParOldGen       total 44032K, used 1732K [0x00000000c0000000, 0x00000000c2b00000, 0x00000000eab00000)
  object space 44032K, 3% used [0x00000000c0000000,0x00000000c01b1130,0x00000000c2b00000)
 Metaspace       used 5683K, capacity 6768K, committed 7040K, reserved 1056768K
  class space    used 589K, capacity 616K, committed 640K, reserved 1048576K
}
Event: 2.270 GC heap before
{Heap before GC invocations=2 (full 0):
 PSYoungGen      total 18944K, used 18922K [0x00000000eab00000, 0x00000000ed000000, 0x0000000100000000)
  eden space 16384K, 100% used [0x00000000eab00000,0x00000000ebb00000,0x00000000ebb00000)
  from space 2560K, 99% used [0x00000000ebb00000,0x00000000ebd7aa90,0x00000000ebd80000)
  to   space 2560K, 0% used [0x00000000ecd80000,0x00000000ecd80000,0x00000000ed000000)
 ParOldGen       total 44032K, used 1732K [0x00000000c0000000, 0x00000000c2b00000, 0x00000000eab00000)
  object space 44032K, 3% used [0x00000000c0000000,0x00000000c01b1130,0x00000000c2b00000)
 Metaspace       used 5923K, capacity 6960K, committed 7040K, reserved 1056768K
  class space    used 592K, capacity 616K, committed 640K, reserved 1048576K
Event: 2.418 GC heap after
Heap after GC invocations=2 (full 0):
 PSYoungGen      total 35328K, used 2538K [0x00000000eab00000, 0x00000000ed000000, 0x0000000100000000)
  eden space 32768K, 0% used [0x00000000eab00000,0x00000000eab00000,0x00000000ecb00000)
  from space 2560K, 99% used [0x00000000ecd80000,0x00000000ecffabc0,0x00000000ed000000)
  to   space 2560K, 0% used [0x00000000ecb00000,0x00000000ecb00000,0x00000000ecd80000)
 ParOldGen       total 44032K, used 3876K [0x00000000c0000000, 0x00000000c2b00000, 0x00000000eab00000)
  object space 44032K, 8% used [0x00000000c0000000,0x00000000c03c9230,0x00000000c2b00000)
 Metaspace       used 5923K, capacity 6960K, committed 7040K, reserved 1056768K
  class space    used 592K, capacity 616K, committed 640K, reserved 1048576K
}
Event: 5.787 GC heap before
{Heap before GC invocations=3 (full 0):
 PSYoungGen      total 35328K, used 35306K [0x00000000eab00000, 0x00000000ed000000, 0x0000000100000000)
  eden space 32768K, 100% used [0x00000000eab00000,0x00000000ecb00000,0x00000000ecb00000)
  from space 2560K, 99% used [0x00000000ecd80000,0x00000000ecffabc0,0x00000000ed000000)
  to   space 2560K, 0% used [0x00000000ecb00000,0x00000000ecb00000,0x00000000ecd80000)
 ParOldGen       total 44032K, used 3876K [0x00000000c0000000, 0x00000000c2b00000, 0x00000000eab00000)
  object space 44032K, 8% used [0x00000000c0000000,0x00000000c03c9230,0x00000000c2b00000)
 Metaspace       used 6074K, capacity 7088K, committed 7296K, reserved 1056768K
  class space    used 595K, capacity 616K, committed 640K, reserved 1048576K
Event: 6.031 GC heap after
Heap after GC invocations=3 (full 0):
 PSYoungGen      total 35328K, used 2528K [0x00000000eab00000, 0x00000000ef000000, 0x0000000100000000)
  eden space 32768K, 0% used [0x00000000eab00000,0x00000000eab00000,0x00000000ecb00000)
  from space 2560K, 98% used [0x00000000ecb00000,0x00000000ecd78120,0x00000000ecd80000)
  to   space 2560K, 0% used [0x00000000eed80000,0x00000000eed80000,0x00000000ef000000)
 ParOldGen       total 44032K, used 8395K [0x00000000c0000000, 0x00000000c2b00000, 0x00000000eab00000)
  object space 44032K, 19% used [0x00000000c0000000,0x00000000c0832f38,0x00000000c2b00000)
 Metaspace       used 6074K, capacity 7088K, committed 7296K, reserved 1056768K
  class space    used 595K, capacity 616K, committed 640K, reserved 1048576K
}
Event: 7.123 GC heap before
{Heap before GC invocations=4 (full 0):
 PSYoungGen      total 35328K, used 35296K [0x00000000eab00000, 0x00000000ef000000, 0x0000000100000000)
  eden space 32768K, 100% used [0x00000000eab00000,0x00000000ecb00000,0x00000000ecb00000)
  from space 2560K, 98% used [0x00000000ecb00000,0x00000000ecd78120,0x00000000ecd80000)
  to   space 2560K, 0% used [0x00000000eed80000,0x00000000eed80000,0x00000000ef000000)
 ParOldGen       total 44032K, used 8395K [0x00000000c0000000, 0x00000000c2b00000, 0x00000000eab00000)
  object space 44032K, 19% used [0x00000000c0000000,0x00000000c0832f38,0x00000000c2b00000)
 Metaspace       used 6196K, capacity 7128K, committed 7424K, reserved 1056768K
  class space    used 616K, capacity 656K, committed 768K, reserved 1048576K
Event: 7.265 GC heap after
Heap after GC invocations=4 (full 0):
 PSYoungGen      total 68096K, used 2537K [0x00000000eab00000, 0x00000000ef000000, 0x0000000100000000)
  eden space 65536K, 0% used [0x00000000eab00000,0x00000000eab00000,0x00000000eeb00000)
  from space 2560K, 99% used [0x00000000eed80000,0x00000000eeffa6e0,0x00000000ef000000)
  to   space 2560K, 0% used [0x00000000eeb00000,0x00000000eeb00000,0x00000000eed80000)
 ParOldGen       total 44032K, used 13558K [0x00000000c0000000, 0x00000000c2b00000, 0x00000000eab00000)
  object space 44032K, 30% used [0x00000000c0000000,0x00000000c0d3d950,0x00000000c2b00000)
 Metaspace       used 6196K, capacity 7128K, committed 7424K, reserved 1056768K
  class space    used 616K, capacity 656K, committed 768K, reserved 1048576K
}

Deoptimization events (10 events):
Event: 3.490 Thread 0x0000000056815800 Uncommon trap: reason=unstable_if action=reinterpret pc=0x0000000002b2e454 method=com.android.dx.rop.code.RegisterSpecSet.put(Lcom/android/dx/rop/code/RegisterSpec;)V @ 77
Event: 3.491 Thread 0x0000000056815800 Uncommon trap: reason=unstable_if action=reinterpret pc=0x0000000002a4ff9c method=com.android.dx.rop.code.RegisterSpecSet.put(Lcom/android/dx/rop/code/RegisterSpec;)V @ 77
Event: 3.491 Thread 0x0000000056815800 Uncommon trap: reason=class_check action=maybe_recompile pc=0x0000000002c2df88 method=java.util.HashMap.putVal(ILjava/lang/Object;Ljava/lang/Object;ZZ)Ljava/lang/Object; @ 203
Event: 4.314 Thread 0x0000000056805800 Uncommon trap: reason=unstable_if action=reinterpret pc=0x0000000002cd48dc method=com.android.dx.ssa.SCCP.simulateBranch(Lcom/android/dx/ssa/SsaInsn;)V @ 64
Event: 6.535 Thread 0x0000000056828800 Uncommon trap: reason=unstable_if action=reinterpret pc=0x0000000002b9c8f8 method=java.util.HashMap.putVal(ILjava/lang/Object;Ljava/lang/Object;ZZ)Ljava/lang/Object; @ 162
Event: 6.546 Thread 0x0000000056828800 Uncommon trap: reason=unstable_if action=reinterpret pc=0x0000000002d31088 method=java.util.HashMap.getNode(ILjava/lang/Object;)Ljava/util/HashMap$Node; @ 84
Event: 6.947 Thread 0x0000000056828800 Uncommon trap: reason=unstable_if action=reinterpret pc=0x0000000002d199ec method=java.util.HashMap.putVal(ILjava/lang/Object;Ljava/lang/Object;ZZ)Ljava/lang/Object; @ 162
Event: 6.965 Thread 0x0000000056805800 Uncommon trap: reason=unstable_if action=reinterpret pc=0x0000000002c33754 method=java.util.HashMap.putVal(ILjava/lang/Object;Ljava/lang/Object;ZZ)Ljava/lang/Object; @ 162
Event: 7.060 Thread 0x0000000056815800 Uncommon trap: reason=unstable_if action=reinterpret pc=0x0000000002e4e350 method=com.android.dx.rop.code.DexTranslationAdvice.hasConstantOperation(Lcom/android/dx/rop/code/Rop;Lcom/android/dx/rop/code/RegisterSpec;Lcom/android/dx/rop/code/RegisterSpec;)Z ¨ó€@
Event: 7.964 Thread 0x0000000056813800 Uncommon trap: reason=unstable_if action=reinterpret pc=0x0000000002db7074 method=com.android.dx.rop.code.LocalVariableInfo.mergeStarts(ILcom/android/dx/rop/code/RegisterSpecSet;)Z @ 31

Internal exceptions (7 events):
Event: 0.052 Thread 0x000000000216f800 Exception <a 'java/lang/NoSuchMethodError': Method sun.misc.Unsafe.defineClass(Ljava/lang/String;[BII)Ljava/lang/Class; name or signature does not match> (0x00000000eab0d658) thrown at [C:\re\workspace\8-2-build-windows-amd64-cygwin\jdk8u66\5298\hotspot\srf…˝¿u™?
Event: 0.052 Thread 0x000000000216f800 Exception <a 'java/lang/NoSuchMethodError': Method sun.misc.Unsafe.prefetchRead(Ljava/lang/Object;J)V name or signature does not match> (0x00000000eab0d940) thrown at [C:\re\workspace\8-2-build-windows-amd64-cygwin\jdk8u66\5298\hotspot\src\share\vm\prims\jéô≥çfL˘?
Event: 1.581 Thread 0x0000000056815800 Implicit null exception at 0x0000000002a509c7 to 0x0000000002a5224d
Event: 1.581 Thread 0x0000000056815800 Implicit null exception at 0x00000000029d6678 to 0x00000000029d7d9d
Event: 6.536 Thread 0x0000000056828800 Exception <a 'java/lang/ArrayIndexOutOfBoundsException': 18> (0x00000000eb4414e8) thrown at [C:\re\workspace\8-2-build-windows-amd64-cygwin\jdk8u66\5298\hotspot\src\share\vm\interpreter\interpreterRuntime.cpp, line 366]
Event: 6.537 Thread 0x0000000056828800 Exception <a 'java/lang/ArrayIndexOutOfBoundsException'> (0x00000000eb443068) thrown at [C:\re\workspace\8-2-build-windows-amd64-cygwin\jdk8u66\5298\hotspot\src\share\vm\runtime\sharedRuntime.cpp, line 605]
Event: 6.539 Thread 0x0000000056828800 Exception <a 'java/lang/ArrayIndexOutOfBoundsException'> (0x00000000eb444350) thrown at [C:\re\workspace\8-2-build-windows-amd64-cygwin\jdk8u66\5298\hotspot\src\share\vm\runtime\sharedRuntime.cpp, line 605]

Events (10 events):
Event: 7.060 Thread 0x0000000056815800 Uncommon trap: trap_request=0xffffff65 fr.pc=0x0000000002e4e350
Event: 7.060 Thread 0x0000000056815800 DEOPT PACKING pc=0x0000000002e4e350 sp=0x00000000570ce420
Event: 7.060 Thread 0x0000000056815800 DEOPT UNPACKING pc=0x000000000279582a sp=0x00000000570ce360 mode 2
Event: 7.123 Executing VM operation: ParallelGCFailedAllocation
Event: 7.265 Executing VM operation: ParallelGCFailedAllocation done
Event: 7.964 Thread 0x0000000056813800 Uncommon trap: trap_request=0xffffff65 fr.pc=0x0000000002db7074
Event: 7.964 Thread 0x0000000056813800 DEOPT PACKING pc=0x0000000002db7074 sp=0x0000000056bced10
Event: 7.964 Thread 0x0000000056813800 DEOPT UNPACKING pc=0x000000000279582a sp=0x0000000056bcec70 mode 2
Event: 9.080 Thread 0x0000000056828800 DEOPT PACKING pc=0x0000000002bed6d9 sp=0x00000000577ee9e0
Event: 9.080 Thread 0x0000000056828800 DEOPT UNPACKING pc=0x000000000279787f sp=0x00000000577ee810 mode 0


Dynamic libraries:
0x000000013fa10000 - 0x000000013fa47000 	C:\Program Files\Java\jdk1.8.0_66\bin\java.exe
0x0000000076fe0000 - 0x0000000077189000 	C:\windows\SYSTEM32\ntdll.dll
0x0000000076ec0000 - 0x0000000076fdf000 	C:\windows\system32\kernel32.dll
0x000007fefbc30000 - 0x000007fefbc9c000 	C:\windows\system32\KERNELBASE.dll
0x000007fefbe30000 - 0x000007fefbf0b000 	C:\windows\system32\ADVAPI32.dll
0x000007fefdc40000 - 0x000007fefdcdf000 	C:\windows\system32\msvcrt.dll
0x000007fefd0a0000 - 0x000007fefd0bf000 	C:\windows\SYSTEM32\sechost.dll
0x000007fefcf70000 - 0x000007fefd09d000 	C:\windows\system32\RPCRT4.dll
0x0000000076dc0000 - 0x0000000076eba000 	C:\windows\system32\USER32.dll
0x000007fefd0c0000 - 0x000007fefd127000 	C:\windows\system32\GDI32.dll
0x000007fefd8b0000 - 0x000007fefd8be000 	C:\windows\system32\LPK.dll
0x000007fefdd80000 - 0x000007fefde4a000 	C:\windows\system32\USP10.dll
0x000007fefa3a0000 - 0x000007fefa594000 	C:\windows\WinSxS\amd64_microsoft.windows.common-controls_6595b64144ccf1df_6.0.7601.18837_none_fa3b1e3d17594757\COMCTL32.dll
0x000007fefd700000 - 0x000007fefd771000 	C:\windows\system32\SHLWAPI.dll
0x000007fefd8c0000 - 0x000007fefd8ee000 	C:\windows\system32\IMM32.DLL
0x000007fefd130000 - 0x000007fefd239000 	C:\windows\system32\MSCTF.dll
0x000007fef5420000 - 0x000007fef54b1000 	C:\Program Files (x86)\AVG\AVG2015\avghooka.dll
0x0000000068610000 - 0x00000000686e2000 	C:\Program Files\Java\jdk1.8.0_66\jre\bin\msvcr100.dll
0x0000000059d70000 - 0x000000005a5f9000 	C:\Program Files\Java\jdk1.8.0_66\jre\bin\server\jvm.dll
0x000007fef8650000 - 0x000007fef8659000 	C:\windows\system32\WSOCK32.dll
0x000007fefd860000 - 0x000007fefd8ad000 	C:\windows\system32\WS2_32.dll
0x000007fefd6f0000 - 0x000007fefd6f8000 	C:\windows\system32\NSI.dll
0x000007fef9ed0000 - 0x000007fef9f0b000 	C:\windows\system32\WINMM.dll
0x000007fefada0000 - 0x000007fefadac000 	C:\windows\system32\VERSION.dll
0x00000000771b0000 - 0x00000000771b7000 	C:\windows\system32\PSAPI.DLL
0x000000006b8b0000 - 0x000000006b8bf000 	C:\Program Files\Java\jdk1.8.0_66\jre\bin\verify.dll
0x0000000065430000 - 0x0000000065459000 	C:\Program Files\Java\jdk1.8.0_66\jre\bin\java.dll
0x0000000065370000 - 0x0000000065386000 	C:\Program Files\Java\jdk1.8.0_66\jre\bin\zip.dll
0x000007fefc1e0000 - 0x000007fefcf69000 	C:\windows\system32\SHELL32.dll
0x000007fefbf10000 - 0x000007fefc113000 	C:\windows\system32\ole32.dll
0x000007fefba80000 - 0x000007fefba8f000 	C:\windows\system32\profapi.dll

VM Arguments:
jvm_args: -Djava.awt.headless=true -Xmx1024M -Dfile.encoding=windows-1252 -Duser.country=US -Duser.language=en -Duser.variant 
java_command: com.android.dx.command.Main --dex --num-threads=4 --output C:\Users\DABBY(3pleMinds)\AndroidStudioProjects\Wacos\app\build\intermediates\pre-dexed\debug\com.android.support-recyclerview-v7-23.1.1_78b37018ad5b24240d1d94e899086a2e928e38ed.jar C:\Users\DABBY(3pleMinds)\AndroidStudioProjects\Wacos\app\build\intermediates\exploded-aar\com.android.support\recyclerview-v7\23.1.1\jars\classes.jar
java_class_path (initial): C:\Android\sdk\SDK\sdk\build-tools\23.0.1\lib\dx.jar
Launcher Type: SUN_STANDARD

Environment Variables:
PATH=C:\ProgramData\Oracle\Java\javapath;C:\xampp\apache\bin;C:\xampp\mysql\bin;C:\Program Files\Java\jre1.8.0_66\bin; C:\Program Files\Java\jdk1.8.0_66\bin;C:\Program Files (x86)\PC Connectivity Solution\;C:\Program Files\Common Files\Microsoft Shared\WindowsLive; C:\windows\system32;C:\windows;C:\windows\System32\Wbem;C:\windows\System32\WindowsPowerShell\v1.0\;C:\Program Files (x86)\Common Files\Roxio Shared\DLLShared\;C:\Program Files (x86)\Common Files\Roxio Shared\OEM\DLLShared\;C:\Program Files (x86)\Common Files\Roxio Shared\OEM\DLLShared\;C:\Program Files (x86)\Common Files\Roxio Shared\OEM\12.0\DLLShared\;C:\Program Files (x86)\Roxio\OEM\AudioCore\;C:\Program Files (x86)\Intel\Services\IPT\; C:\Program Files (x86)\MySQL\sqlite-shell-win32-x86-3080500;C:\cygwin64\bin;C:\Program Files\nodejs\node.exe;C:\wamp\bin\php\php5.5.12;C:\ProgramData\ComposerSetup\bin;C:\windows\system32;%ANT_HOME%;%ANDROID_HOME%;%ANDROID_TOOL%;C:\\Users\DABBY(3pleMinds)\AppData\Roaming\Composer\vendor\bin
USERNAME=DABBY(3pleMinds)
OS=Windows_NT
PROCESSOR_IDENTIFIER=Intel64 Family 6 Model 42 Stepping 7, GenuineIntel



---------------  S Y S T E M  ---------------

OS: Windows 7 , 64 bit Build 7601 (6.1.7601.19110)

CPU:total 4 (2 cores per cpu, 2 threads per core) family 6 model 42 stepping 7, cmov, cx8, fxsr, mmx, sse, sse2, sse3, ssse3, sse4.1, sse4.2, popcnt, avx, aes, clmul, ht, tsc, tscinvbit

Memory: 4k page, physical 4127084k(156624k free), swap 9213808k(5532k free)

vm_info: Java HotSpot(TM) 64-Bit Server VM (25.66-b18) for windows-amd64 JRE (1.8.0_66-b18), built on Nov  9 2015 10:51:13 by "java_re" with MS VC++ 10.0 (VS2010)

time: Mon Jan 18 17:15:53 2016
elapsed time: 9 seconds (0d 0h 0m 9s)

