#
# There is insufficient memory for the Java Runtime Environment to continue.
# Native memory allocation (malloc) failed to allocate 131088 bytes for Chunk::new
# Possible reasons:
#   The system is out of physical RAM or swap space
#   In 32 bit mode, the process size limit was hit
# Possible solutions:
#   Reduce memory load on the system
#   Increase physical memory or swap space
#   Check if swap backing store is full
#   Use 64 bit Java on a 64 bit OS
#   Decrease Java heap size (-Xmx/-Xms)
#   Decrease number of Java threads
#   Decrease Java thread stack sizes (-Xss)
#   Set larger code cache with -XX:ReservedCodeCacheSize=
# This output file may be truncated or incomplete.
#
#  Out of Memory Error (allocation.cpp:390), pid=1364, tid=8624
#
# JRE version: Java(TM) SE Runtime Environment (8.0_66-b18) (build 1.8.0_66-b18)
# Java VM: Java HotSpot(TM) 64-Bit Server VM (25.66-b18 mixed mode windows-amd64 compressed oops)
# Failed to write core dump. Minidumps are not enabled by default on client versions of Windows
#

---------------  T H R E A D  ---------------

Current thread (0x0000000016511000):  JavaThread "C2 CompilerThread1" daemon [_thread_in_native, id=8624, stack(0x0000000016f80000,0x0000000017080000)]

Stack: [0x0000000016f80000,0x0000000017080000]
[error occurred during error reporting (printing stack bounds), id 0xc0000005]

Native frames: (J=compiled Java code, j=interpreted, Vv=VM code, C=native code)


Current CompileTask:
C2:   3214 1387       4       com.android.dx.rop.code.Rops::ropFor (771 bytes)


---------------  P R O C E S S  ---------------

Java Threads: ( => current thread )
  0x00000000167bd000 JavaThread "pool-1-thread-4" [_thread_blocked, id=10120, stack(0x0000000017a50000,0x0000000017b50000)]
  0x0000000016801800 JavaThread "pool-1-thread-3" [_thread_blocked, id=9144, stack(0x0000000017850000,0x0000000017950000)]
  0x00000000167bb800 JavaThread "pool-1-thread-2" [_thread_blocked, id=10224, stack(0x00000000176d0000,0x00000000177d0000)]
  0x000000001679b800 JavaThread "pool-2-thread-1" [_thread_blocked, id=4284, stack(0x0000000017540000,0x0000000017640000)]
  0x0000000016792000 JavaThread "pool-1-thread-1" [_thread_blocked, id=8644, stack(0x0000000017420000,0x0000000017520000)]
  0x0000000016586800 JavaThread "Service Thread" daemon [_thread_blocked, id=4564, stack(0x0000000017290000,0x0000000017390000)]
  0x0000000016512000 JavaThread "C1 CompilerThread2" daemon [_thread_blocked, id=9340, stack(0x0000000017080000,0x0000000017180000)]
=>0x0000000016511000 JavaThread "C2 CompilerThread1" daemon [_thread_in_native, id=8624, stack(0x0000000016f80000,0x0000000017080000)]
  0x00000000152b6800 JavaThread "C2 CompilerThread0" daemon [_thread_in_native, id=10524, stack(0x0000000016e00000,0x0000000016f00000)]
  0x00000000152b3800 JavaThread "Attach Listener" daemon [_thread_blocked, id=10064, stack(0x0000000016bc0000,0x0000000016cc0000)]
  0x00000000152b2800 JavaThread "Signal Dispatcher" daemon [_thread_blocked, id=8692, stack(0x0000000016a80000,0x0000000016b80000)]
  0x0000000015257000 JavaThread "Finalizer" daemon [_thread_blocked, id=8084, stack(0x0000000016410000,0x0000000016510000)]
  0x0000000015250000 JavaThread "Reference Handler" daemon [_thread_blocked, id=9616, stack(0x0000000016100000,0x0000000016200000)]
  0x00000000021ef800 JavaThread "main" [_thread_blocked, id=12056, stack(0x0000000002410000,0x0000000002510000)]

Other Threads:
  0x000000001524a800 VMThread [stack: 0x0000000016220000,0x0000000016320000] [id=552]
  0x000000001658a800 WatcherThread [stack: 0x0000000016980000,0x0000000016a80000] [id=5432]

VM state:not at safepoint (normal execution)

VM Mutex/Monitor currently owned by a thread: None

Heap:
 PSYoungGen      total 35328K, used 21747K [0x00000000eab00000, 0x00000000ed000000, 0x0000000100000000)
  eden space 32768K, 58% used [0x00000000eab00000,0x00000000ebdbcd28,0x00000000ecb00000)
  from space 2560K, 99% used [0x00000000ecd80000,0x00000000ecffffd0,0x00000000ed000000)
  to   space 2560K, 0% used [0x00000000ecb00000,0x00000000ecb00000,0x00000000ecd80000)
 ParOldGen       total 44032K, used 3939K [0x00000000c0000000, 0x00000000c2b00000, 0x00000000eab00000)
  object space 44032K, 8% used [0x00000000c0000000,0x00000000c03d8dc0,0x00000000c2b00000)
 Metaspace       used 6000K, capacity 7024K, committed 7296K, reserved 1056768K
  class space    used 592K, capacity 616K, committed 640K, reserved 1048576K

Card table byte_map: [0x0000000011ba0000,0x0000000011db0000] byte_map_base: 0x00000000115a0000

Marking Bits: (ParMarkBitMap*) 0x0000000054d6a5b0
 Begin Bits: [0x00000000126c0000, 0x00000000136c0000)
 End Bits:   [0x00000000136c0000, 0x00000000146c0000)

Polling page: 0x0000000000150000

CodeCache: size=245760Kb used=5740Kb max_used=5740Kb free=240019Kb
 bounds [0x00000000027e0000, 0x0000000002d80000, 0x00000000117e0000]
 total_blobs=1680 nmethods=1411 adapters=182
 compilation: enabled

Compilation events (10 events):
Event: 2.973 Thread 0x0000000016512000 1432       2       com.android.dx.dex.file.AnnotationSetItem::<init> (83 bytes)
Event: 2.974 Thread 0x0000000016512000 nmethod 1432 0x0000000002d7c610 code [0x0000000002d7c800, 0x0000000002d7cfc8]
Event: 2.974 Thread 0x0000000016512000 1433       2       com.android.dx.cf.code.RopperMachine::updateReturnOp (115 bytes)
Event: 2.975 Thread 0x0000000016512000 nmethod 1433 0x0000000002d7d690 code [0x0000000002d7d8a0, 0x0000000002d7df58]
Event: 2.979 Thread 0x0000000016512000 1434       2       java.util.TreeMap::rotateRight (96 bytes)
Event: 2.979 Thread 0x0000000016512000 nmethod 1434 0x0000000002d7e490 code [0x0000000002d7e5e0, 0x0000000002d7e850]
Event: 3.086 Thread 0x0000000016512000 1435       2       com.android.dx.rop.code.Rops::opGetField (97 bytes)
Event: 3.087 Thread 0x0000000016512000 nmethod 1435 0x0000000002d7e950 code [0x0000000002d7eb20, 0x0000000002d7f078]
Event: 3.088 Thread 0x0000000016512000 1437       2       com.android.dx.ssa.back.FirstFitLocalCombiningAllocator::rangeContainsReserved (30 bytes)
Event: 3.089 Thread 0x0000000016512000 nmethod 1437 0x0000000002d7f390 code [0x0000000002d7f500, 0x0000000002d7f728]

GC Heap History (4 events):
Event: 1.361 GC heap before
{Heap before GC invocations=1 (full 0):
 PSYoungGen      total 18944K, used 16384K [0x00000000eab00000, 0x00000000ec000000, 0x0000000100000000)
  eden space 16384K, 100% used [0x00000000eab00000,0x00000000ebb00000,0x00000000ebb00000)
  from space 2560K, 0% used [0x00000000ebd80000,0x00000000ebd80000,0x00000000ec000000)
  to   space 2560K, 0% used [0x00000000ebb00000,0x00000000ebb00000,0x00000000ebd80000)
 ParOldGen       total 44032K, used 0K [0x00000000c0000000, 0x00000000c2b00000, 0x00000000eab00000)
  object space 44032K, 0% used [0x00000000c0000000,0x00000000c0000000,0x00000000c2b00000)
 Metaspace       used 5659K, capacity 6704K, committed 6784K, reserved 1056768K
  class space    used 591K, capacity 616K, committed 640K, reserved 1048576K
Event: 1.400 GC heap after
Heap after GC invocations=1 (full 0):
 PSYoungGen      total 18944K, used 2542K [0x00000000eab00000, 0x00000000ed000000, 0x0000000100000000)
  eden space 16384K, 0% used [0x00000000eab00000,0x00000000eab00000,0x00000000ebb00000)
  from space 2560K, 99% used [0x00000000ebb00000,0x00000000ebd7bbc0,0x00000000ebd80000)
  to   space 2560K, 0% used [0x00000000ecd80000,0x00000000ecd80000,0x00000000ed000000)
 ParOldGen       total 44032K, used 2002K [0x00000000c0000000, 0x00000000c2b00000, 0x00000000eab00000)
  object space 44032K, 4% used [0x00000000c0000000,0x00000000c01f4898,0x00000000c2b00000)
 Metaspace       used 5659K, capacity 6704K, committed 6784K, reserved 1056768K
  class space    used 591K, capacity 616K, committed 640K, reserved 1048576K
}
Event: 1.766 GC heap before
{Heap before GC invocations=2 (full 0):
 PSYoungGen      total 18944K, used 18926K [0x00000000eab00000, 0x00000000ed000000, 0x0000000100000000)
  eden space 16384K, 100% used [0x00000000eab00000,0x00000000ebb00000,0x00000000ebb00000)
  from space 2560K, 99% used [0x00000000ebb00000,0x00000000ebd7bbc0,0x00000000ebd80000)
  to   space 2560K, 0% used [0x00000000ecd80000,0x00000000ecd80000,0x00000000ed000000)
 ParOldGen       total 44032K, used 2002K [0x00000000c0000000, 0x00000000c2b00000, 0x00000000eab00000)
  object space 44032K, 4% used [0x00000000c0000000,0x00000000c01f4898,0x00000000c2b00000)
 Metaspace       used 5796K, capacity 6832K, committed 7040K, reserved 1056768K
  class space    used 591K, capacity 616K, committed 640K, reserved 1048576K
Event: 1.792 GC heap after
Heap after GC invocations=2 (full 0):
 PSYoungGen      total 35328K, used 2559K [0x00000000eab00000, 0x00000000ed000000, 0x0000000100000000)
  eden space 32768K, 0% used [0x00000000eab00000,0x00000000eab00000,0x00000000ecb00000)
  from space 2560K, 99% used [0x00000000ecd80000,0x00000000ecffffd0,0x00000000ed000000)
  to   space 2560K, 0% used [0x00000000ecb00000,0x00000000ecb00000,0x00000000ecd80000)
 ParOldGen       total 44032K, used 3939K [0x00000000c0000000, 0x00000000c2b00000, 0x00000000eab00000)
  object space 44032K, 8% used [0x00000000c0000000,0x00000000c03d8dc0,0x00000000c2b00000)
 Metaspace       used 5796K, capacity 6832K, committed 7040K, reserved 1056768K
  class space    used 591K, capacity 616K, committed 640K, reserved 1048576K
}

Deoptimization events (7 events):
Event: 1.164 Thread 0x0000000016801800 Uncommon trap: reason=unstable_if action=reinterpret pc=0x0000000002a14274 method=java.util.HashMap.getNode(ILjava/lang/Object;)Ljava/util/HashMap$Node; @ 129
Event: 1.489 Thread 0x00000000167bb800 Uncommon trap: reason=unstable_if action=reinterpret pc=0x0000000002ab1990 method=com.android.dx.rop.code.RegisterSpec.equals(ILcom/android/dx/rop/type/TypeBearer;Lcom/android/dx/rop/code/LocalItem;)Z @ 42
Event: 1.530 Thread 0x0000000016801800 Uncommon trap: reason=null_check action=make_not_entrant pc=0x0000000002ad95dc method=com.android.dx.ssa.SsaRenamer.getLocalForNewReg(I)Lcom/android/dx/rop/code/LocalItem; @ 19
Event: 1.660 Thread 0x00000000021ef800 Uncommon trap: reason=unstable_if action=reinterpret pc=0x0000000002ab2344 method=com.android.dx.rop.cst.Constant.compareTo(Lcom/android/dx/rop/cst/Constant;)I @ 12
Event: 1.677 Thread 0x00000000167bb800 Uncommon trap: reason=bimorphic action=maybe_recompile pc=0x0000000002aafc74 method=java.util.HashMap.getNode(ILjava/lang/Object;)Ljava/util/HashMap$Node; @ 126
Event: 1.794 Thread 0x0000000016801800 Uncommon trap: reason=unstable_if action=reinterpret pc=0x0000000002afae9c method=com.android.dx.rop.code.RegisterSpecSet.put(Lcom/android/dx/rop/code/RegisterSpec;)V @ 77
Event: 1.794 Thread 0x0000000016801800 Uncommon trap: reason=unstable_if action=reinterpret pc=0x0000000002b054c8 method=com.android.dx.rop.code.RegisterSpecSet.put(Lcom/android/dx/rop/code/RegisterSpec;)V @ 77

Internal exceptions (3 events):
Event: 0.152 Thread 0x00000000021ef800 Exception <a 'java/lang/NoSuchMethodError': Method sun.misc.Unsafe.defineClass(Ljava/lang/String;[BII)Ljava/lang/Class; name or signature does not match> (0x00000000eab0d8e0) thrown at [C:\re\workspace\8-2-build-windows-amd64-cygwin\jdk8u66\5298\hotspot\sr±Uk1•hÃ?
Event: 0.152 Thread 0x00000000021ef800 Exception <a 'java/lang/NoSuchMethodError': Method sun.misc.Unsafe.prefetchRead(Ljava/lang/Object;J)V name or signature does not match> (0x00000000eab0dbc8) thrown at [C:\re\workspace\8-2-build-windows-amd64-cygwin\jdk8u66\5298\hotspot\src\share\vm\prims\jŒ‹!7?yø?
Event: 1.530 Thread 0x0000000016801800 Implicit null exception at 0x0000000002ad76a4 to 0x0000000002ad9599

Events (10 events):
Event: 1.794 Thread 0x0000000016801800 Uncommon trap: trap_request=0xffffff65 fr.pc=0x0000000002b054c8
Event: 1.794 Thread 0x0000000016801800 DEOPT PACKING pc=0x0000000002b054c8 sp=0x000000001794e8c0
Event: 1.794 Thread 0x0000000016801800 DEOPT UNPACKING pc=0x000000000282582a sp=0x000000001794e7e0 mode 2
Event: 2.042 loading class java/util/DualPivotQuicksort done
Event: 2.105 Thread 0x00000000021ef800 DEOPT PACKING pc=0x0000000002b24b27 sp=0x000000000250e100
Event: 2.105 Thread 0x00000000021ef800 DEOPT UNPACKING pc=0x000000000282787f sp=0x000000000250de70 mode 0
Event: 2.156 Thread 0x00000000021ef800 DEOPT PACKING pc=0x0000000002b65550 sp=0x000000000250e040
Event: 2.156 Thread 0x00000000021ef800 DEOPT UNPACKING pc=0x000000000282787f sp=0x000000000250de30 mode 0
Event: 3.088 Thread 0x00000000167bd000 DEOPT PACKING pc=0x0000000002b24b27 sp=0x0000000017b4e450
Event: 3.088 Thread 0x00000000167bd000 DEOPT UNPACKING pc=0x000000000282787f sp=0x0000000017b4e1c0 mode 0


Dynamic libraries:
0x000000013f270000 - 0x000000013f2a7000 	C:\Program Files\Java\jdk1.8.0_66\bin\java.exe
0x0000000077a00000 - 0x0000000077ba9000 	C:\windows\SYSTEM32\ntdll.dll
0x00000000777e0000 - 0x00000000778ff000 	C:\windows\system32\kernel32.dll
0x000007fefc4e0000 - 0x000007fefc54c000 	C:\windows\system32\KERNELBASE.dll
0x000007fefe920000 - 0x000007fefe9fb000 	C:\windows\system32\ADVAPI32.dll
0x000007fefe420000 - 0x000007fefe4bf000 	C:\windows\system32\msvcrt.dll
0x000007fefd520000 - 0x000007fefd53f000 	C:\windows\SYSTEM32\sechost.dll
0x000007fefe7f0000 - 0x000007fefe91d000 	C:\windows\system32\RPCRT4.dll
0x0000000077900000 - 0x00000000779fa000 	C:\windows\system32\USER32.dll
0x000007fefd3d0000 - 0x000007fefd437000 	C:\windows\system32\GDI32.dll
0x000007fefcc60000 - 0x000007fefcc6e000 	C:\windows\system32\LPK.dll
0x000007fefcac0000 - 0x000007fefcb8a000 	C:\windows\system32\USP10.dll
0x000007fefadf0000 - 0x000007fefafe4000 	C:\windows\WinSxS\amd64_microsoft.windows.common-controls_6595b64144ccf1df_6.0.7601.18837_none_fa3b1e3d17594757\COMCTL32.dll
0x000007fefd540000 - 0x000007fefd5b1000 	C:\windows\system32\SHLWAPI.dll
0x000007fefd660000 - 0x000007fefd68e000 	C:\windows\system32\IMM32.DLL
0x000007fefe4c0000 - 0x000007fefe5c9000 	C:\windows\system32\MSCTF.dll
0x000007fef6400000 - 0x000007fef6491000 	C:\Program Files (x86)\AVG\AVG2015\avghooka.dll
0x000000005c020000 - 0x000000005c0f2000 	C:\Program Files\Java\jdk1.8.0_66\jre\bin\msvcr100.dll
0x0000000054560000 - 0x0000000054de9000 	C:\Program Files\Java\jdk1.8.0_66\jre\bin\server\jvm.dll
0x000007fef95c0000 - 0x000007fef95c9000 	C:\windows\system32\WSOCK32.dll
0x000007fefcb90000 - 0x000007fefcbdd000 	C:\windows\system32\WS2_32.dll
0x000007fefe7e0000 - 0x000007fefe7e8000 	C:\windows\system32\NSI.dll
0x000007fefa570000 - 0x000007fefa5ab000 	C:\windows\system32\WINMM.dll
0x000007fefb780000 - 0x000007fefb78c000 	C:\windows\system32\VERSION.dll
0x0000000077bd0000 - 0x0000000077bd7000 	C:\windows\system32\PSAPI.DLL
0x0000000075150000 - 0x000000007515f000 	C:\Program Files\Java\jdk1.8.0_66\jre\bin\verify.dll
0x0000000075050000 - 0x0000000075079000 	C:\Program Files\Java\jdk1.8.0_66\jre\bin\java.dll
0x0000000064540000 - 0x0000000064556000 	C:\Program Files\Java\jdk1.8.0_66\jre\bin\zip.dll
0x000007fefd690000 - 0x000007fefe419000 	C:\windows\system32\SHELL32.dll
0x000007fefe5d0000 - 0x000007fefe7d3000 	C:\windows\system32\ole32.dll
0x000007fefc490000 - 0x000007fefc49f000 	C:\windows\system32\profapi.dll

VM Arguments:
jvm_args: -Djava.awt.headless=true -Xmx1024M -Dfile.encoding=windows-1252 -Duser.country=US -Duser.language=en -Duser.variant 
java_command: com.android.dx.command.Main --dex --num-threads=4 --output C:\Users\DABBY(3pleMinds)\AndroidStudioProjects\Wacos\app\build\intermediates\pre-dexed\debug\glide-3.6.1_8ba40fffdb0c29ca61527a6a5a754bf95a902edf.jar C:\Users\DABBY(3pleMinds)\.gradle\caches\modules-2\files-2.1\com.github.bumptech.glide\glide\3.6.1\86b122e640af09b0723e1fa44083c354ba6d9089\glide-3.6.1.jar
java_class_path (initial): C:\Android\sdk\SDK\sdk\build-tools\23.0.1\lib\dx.jar
Launcher Type: SUN_STANDARD

Environment Variables:
PATH=C:\ProgramData\Oracle\Java\javapath;C:\xampp\apache\bin;C:\xampp\mysql\bin;C:\Program Files\Java\jre1.8.0_66\bin; C:\Program Files\Java\jdk1.8.0_66\bin;C:\Program Files (x86)\PC Connectivity Solution\;C:\Program Files\Common Files\Microsoft Shared\WindowsLive; C:\windows\system32;C:\windows;C:\windows\System32\Wbem;C:\windows\System32\WindowsPowerShell\v1.0\;C:\Program Files (x86)\Common Files\Roxio Shared\DLLShared\;C:\Program Files (x86)\Common Files\Roxio Shared\OEM\DLLShared\;C:\Program Files (x86)\Common Files\Roxio Shared\OEM\DLLShared\;C:\Program Files (x86)\Common Files\Roxio Shared\OEM\12.0\DLLShared\;C:\Program Files (x86)\Roxio\OEM\AudioCore\;C:\Program Files (x86)\Intel\Services\IPT\; C:\Program Files (x86)\MySQL\sqlite-shell-win32-x86-3080500;C:\cygwin64\bin;C:\Program Files\nodejs\node.exe;C:\wamp\bin\php\php5.5.12;C:\ProgramData\ComposerSetup\bin;C:\windows\system32;C:\Program Files\nodejs\node.exe;%ANT_HOME%;%ANDROID_HOME%;%ANDROID_TOOL%;C:\\Users\DABBY(3pleMinds)\AppData\Roaming\Composer\vendor\bin
USERNAME=DABBY(3pleMinds)
OS=Windows_NT
PROCESSOR_IDENTIFIER=Intel64 Family 6 Model 42 Stepping 7, GenuineIntel



---------------  S Y S T E M  ---------------

OS: Windows 7 , 64 bit Build 7601 (6.1.7601.19110)

CPU:total 4 (2 cores per cpu, 2 threads per core) family 6 model 42 stepping 7, cmov, cx8, fxsr, mmx, sse, sse2, sse3, ssse3, sse4.1, sse4.2, popcnt, avx, aes, clmul, ht, tsc, tscinvbit

Memory: 4k page, physical 4127084k(101888k free), swap 8716012k(4948k free)

vm_info: Java HotSpot(TM) 64-Bit Server VM (25.66-b18) for windows-amd64 JRE (1.8.0_66-b18), built on Nov  9 2015 10:51:13 by "java_re" with MS VC++ 10.0 (VS2010)

time: Wed Jan 27 04:18:30 2016
elapsed time: 3 seconds (0d 0h 0m 3s)

