#
# There is insufficient memory for the Java Runtime Environment to continue.
# Native memory allocation (malloc) failed to allocate 413616 bytes for Chunk::new
# Possible reasons:
#   The system is out of physical RAM or swap space
#   In 32 bit mode, the process size limit was hit
# Possible solutions:
#   Reduce memory load on the system
#   Increase physical memory or swap space
#   Check if swap backing store is full
#   Use 64 bit Java on a 64 bit OS
#   Decrease Java heap size (-Xmx/-Xms)
#   Decrease number of Java threads
#   Decrease Java thread stack sizes (-Xss)
#   Set larger code cache with -XX:ReservedCodeCacheSize=
# This output file may be truncated or incomplete.
#
#  Out of Memory Error (allocation.cpp:390), pid=3544, tid=10548
#
# JRE version: Java(TM) SE Runtime Environment (8.0_66-b18) (build 1.8.0_66-b18)
# Java VM: Java HotSpot(TM) 64-Bit Server VM (25.66-b18 mixed mode windows-amd64 compressed oops)
# Failed to write core dump. Minidumps are not enabled by default on client versions of Windows
#

---------------  T H R E A D  ---------------

Current thread (0x0000000055936800):  JavaThread "C2 CompilerThread0" daemon [_thread_in_native, id=10548, stack(0x00000000574e0000,0x00000000575e0000)]

Stack: [0x00000000574e0000,0x00000000575e0000]
[error occurred during error reporting (printing stack bounds), id 0xc0000005]

Native frames: (J=compiled Java code, j=interpreted, Vv=VM code, C=native code)


Current CompileTask:
C2:   1670 1160       4       com.android.dx.ssa.back.LivenessAnalyzer::run (231 bytes)


---------------  P R O C E S S  ---------------

Java Threads: ( => current thread )
  0x0000000056ed4800 JavaThread "pool-1-thread-4" [_thread_in_Java, id=10100, stack(0x0000000058150000,0x0000000058250000)]
  0x0000000056ece000 JavaThread "pool-1-thread-3" [_thread_blocked, id=5872, stack(0x0000000057f60000,0x0000000058060000)]
  0x0000000056e5c800 JavaThread "pool-1-thread-2" [_thread_in_Java, id=8020, stack(0x0000000057ca0000,0x0000000057da0000)]
  0x0000000056e4a800 JavaThread "pool-2-thread-1" [_thread_blocked, id=1752, stack(0x0000000057b50000,0x0000000057c50000)]
  0x0000000056e45800 JavaThread "pool-1-thread-1" [_thread_blocked, id=10584, stack(0x0000000057970000,0x0000000057a70000)]
  0x0000000056c46000 JavaThread "Service Thread" daemon [_thread_blocked, id=12172, stack(0x0000000057840000,0x0000000057940000)]
  0x0000000056bda800 JavaThread "C1 CompilerThread2" daemon [_thread_in_native, id=2444, stack(0x00000000575f0000,0x00000000576f0000)]
  0x0000000056bd4800 JavaThread "C2 CompilerThread1" daemon [_thread_in_native, id=10536, stack(0x00000000573c0000,0x00000000574c0000)]
=>0x0000000055936800 JavaThread "C2 CompilerThread0" daemon [_thread_in_native, id=10548, stack(0x00000000574e0000,0x00000000575e0000)]
  0x0000000055935000 JavaThread "Attach Listener" daemon [_thread_blocked, id=3020, stack(0x0000000057220000,0x0000000057320000)]
  0x0000000055932800 JavaThread "Signal Dispatcher" daemon [_thread_blocked, id=11612, stack(0x0000000057070000,0x0000000057170000)]
  0x00000000558d7000 JavaThread "Finalizer" daemon [_thread_blocked, id=5916, stack(0x0000000056ad0000,0x0000000056bd0000)]
  0x00000000558d0000 JavaThread "Reference Handler" daemon [_thread_blocked, id=928, stack(0x0000000056720000,0x0000000056820000)]
  0x000000000205f800 JavaThread "main" [_thread_in_Java, id=10788, stack(0x0000000002350000,0x0000000002450000)]

Other Threads:
  0x00000000558ca800 VMThread [stack: 0x00000000568f0000,0x00000000569f0000] [id=9252]
  0x0000000056c03000 WatcherThread [stack: 0x0000000057730000,0x0000000057830000] [id=10744]

VM state:not at safepoint (normal execution)

VM Mutex/Monitor currently owned by a thread: None

Heap:
 PSYoungGen      total 35328K, used 9244K [0x00000000eab00000, 0x00000000ed000000, 0x0000000100000000)
  eden space 32768K, 20% used [0x00000000eab00000,0x00000000eb18f098,0x00000000ecb00000)
  from space 2560K, 98% used [0x00000000ecd80000,0x00000000ecff8010,0x00000000ed000000)
  to   space 2560K, 0% used [0x00000000ecb00000,0x00000000ecb00000,0x00000000ecd80000)
 ParOldGen       total 44032K, used 4089K [0x00000000c0000000, 0x00000000c2b00000, 0x00000000eab00000)
  object space 44032K, 9% used [0x00000000c0000000,0x00000000c03fe7b8,0x00000000c2b00000)
 Metaspace       used 5844K, capacity 6896K, committed 7040K, reserved 1056768K
  class space    used 586K, capacity 616K, committed 640K, reserved 1048576K

Card table byte_map: [0x0000000011ae0000,0x0000000011cf0000] byte_map_base: 0x00000000114e0000

Marking Bits: (ParMarkBitMap*) 0x0000000054eba5b0
 Begin Bits: [0x0000000012410000, 0x0000000013410000)
 End Bits:   [0x0000000013410000, 0x0000000014410000)

Polling page: 0x0000000000270000

CodeCache: size=245760Kb used=4648Kb max_used=4648Kb free=241112Kb
 bounds [0x0000000002720000, 0x0000000002bb0000, 0x0000000011720000]
 total_blobs=1411 nmethods=1143 adapters=181
 compilation: enabled

Compilation events (10 events):
Event: 1.665 Thread 0x0000000056bda800 nmethod 1175 0x0000000002ba6190 code [0x0000000002ba6340, 0x0000000002ba6b48]
Event: 1.665 Thread 0x0000000056bda800 1173       3       com.android.dx.cf.code.OneLocalsArray::getMaxLocals (6 bytes)
Event: 1.665 Thread 0x0000000056bda800 nmethod 1173 0x0000000002b92990 code [0x0000000002b92ae0, 0x0000000002b92c30]
Event: 1.665 Thread 0x0000000056bda800 1161       3       com.android.dx.cf.code.Simulator$SimVisitor::visitBranch (341 bytes)
Event: 1.666 Thread 0x0000000056bda800 nmethod 1161 0x0000000002ba6e50 code [0x0000000002ba70e0, 0x0000000002ba8188]
Event: 1.666 Thread 0x0000000056bda800 1143       3       com.android.dx.cf.code.Frame::mergeWith (80 bytes)
Event: 1.667 Thread 0x0000000056bda800 nmethod 1143 0x0000000002ba8a90 code [0x0000000002ba8cc0, 0x0000000002ba9c68]
Event: 1.667 Thread 0x0000000056bda800 1171   !   3       com.android.dx.cf.code.OneLocalsArray::set (106 bytes)
Event: 1.668 Thread 0x0000000056bda800 nmethod 1171 0x0000000002baa110 code [0x0000000002baa360, 0x0000000002bab158]
Event: 1.668 Thread 0x0000000056bda800 1176       3       com.android.dx.rop.code.Rops::opConst (85 bytes)

GC Heap History (4 events):
Event: 1.059 GC heap before
{Heap before GC invocations=1 (full 0):
 PSYoungGen      total 18944K, used 16384K [0x00000000eab00000, 0x00000000ec000000, 0x0000000100000000)
  eden space 16384K, 100% used [0x00000000eab00000,0x00000000ebb00000,0x00000000ebb00000)
  from space 2560K, 0% used [0x00000000ebd80000,0x00000000ebd80000,0x00000000ec000000)
  to   space 2560K, 0% used [0x00000000ebb00000,0x00000000ebb00000,0x00000000ebd80000)
 ParOldGen       total 44032K, used 0K [0x00000000c0000000, 0x00000000c2b00000, 0x00000000eab00000)
  object space 44032K, 0% used [0x00000000c0000000,0x00000000c0000000,0x00000000c2b00000)
 Metaspace       used 5630K, capacity 6704K, committed 6784K, reserved 1056768K
  class space    used 585K, capacity 616K, committed 640K, reserved 1048576K
Event: 1.092 GC heap after
Heap after GC invocations=1 (full 0):
 PSYoungGen      total 18944K, used 2551K [0x00000000eab00000, 0x00000000ed000000, 0x0000000100000000)
  eden space 16384K, 0% used [0x00000000eab00000,0x00000000eab00000,0x00000000ebb00000)
  from space 2560K, 99% used [0x00000000ebb00000,0x00000000ebd7dc60,0x00000000ebd80000)
  to   space 2560K, 0% used [0x00000000ecd80000,0x00000000ecd80000,0x00000000ed000000)
 ParOldGen       total 44032K, used 1707K [0x00000000c0000000, 0x00000000c2b00000, 0x00000000eab00000)
  object space 44032K, 3% used [0x00000000c0000000,0x00000000c01aac48,0x00000000c2b00000)
 Metaspace       used 5630K, capacity 6704K, committed 6784K, reserved 1056768K
  class space    used 585K, capacity 616K, committed 640K, reserved 1048576K
}
Event: 1.528 GC heap before
{Heap before GC invocations=2 (full 0):
 PSYoungGen      total 18944K, used 18935K [0x00000000eab00000, 0x00000000ed000000, 0x0000000100000000)
  eden space 16384K, 100% used [0x00000000eab00000,0x00000000ebb00000,0x00000000ebb00000)
  from space 2560K, 99% used [0x00000000ebb00000,0x00000000ebd7dc60,0x00000000ebd80000)
  to   space 2560K, 0% used [0x00000000ecd80000,0x00000000ecd80000,0x00000000ed000000)
 ParOldGen       total 44032K, used 1707K [0x00000000c0000000, 0x00000000c2b00000, 0x00000000eab00000)
  object space 44032K, 3% used [0x00000000c0000000,0x00000000c01aac48,0x00000000c2b00000)
 Metaspace       used 5775K, capacity 6832K, committed 7040K, reserved 1056768K
  class space    used 585K, capacity 616K, committed 640K, reserved 1048576K
Event: 1.568 GC heap after
Heap after GC invocations=2 (full 0):
 PSYoungGen      total 35328K, used 2528K [0x00000000eab00000, 0x00000000ed000000, 0x0000000100000000)
  eden space 32768K, 0% used [0x00000000eab00000,0x00000000eab00000,0x00000000ecb00000)
  from space 2560K, 98% used [0x00000000ecd80000,0x00000000ecff8010,0x00000000ed000000)
  to   space 2560K, 0% used [0x00000000ecb00000,0x00000000ecb00000,0x00000000ecd80000)
 ParOldGen       total 44032K, used 4089K [0x00000000c0000000, 0x00000000c2b00000, 0x00000000eab00000)
  object space 44032K, 9% used [0x00000000c0000000,0x00000000c03fe7b8,0x00000000c2b00000)
 Metaspace       used 5775K, capacity 6832K, committed 7040K, reserved 1056768K
  class space    used 585K, capacity 616K, committed 640K, reserved 1048576K
}

Deoptimization events (10 events):
Event: 0.964 Thread 0x0000000056e45800 Uncommon trap: reason=class_check action=maybe_recompile pc=0x0000000002961fe0 method=com.android.dx.ssa.NormalSsaInsn.accept(Lcom/android/dx/ssa/SsaInsn$Visitor;)V @ 9
Event: 0.964 Thread 0x0000000056e45800 Uncommon trap: reason=class_check action=maybe_recompile pc=0x0000000002961fe0 method=com.android.dx.ssa.NormalSsaInsn.accept(Lcom/android/dx/ssa/SsaInsn$Visitor;)V @ 9
Event: 0.964 Thread 0x0000000056e45800 Uncommon trap: reason=class_check action=maybe_recompile pc=0x0000000002961fe0 method=com.android.dx.ssa.NormalSsaInsn.accept(Lcom/android/dx/ssa/SsaInsn$Visitor;)V @ 9
Event: 1.150 Thread 0x0000000056e5c800 Uncommon trap: reason=null_check action=make_not_entrant pc=0x0000000002a12f10 method=com.android.dx.rop.type.Type.equals(Ljava/lang/Object;)Z @ 8
Event: 1.154 Thread 0x0000000056e5c800 Uncommon trap: reason=class_check action=maybe_recompile pc=0x00000000029c9a5c method=com.android.dx.ssa.NormalSsaInsn.accept(Lcom/android/dx/ssa/SsaInsn$Visitor;)V @ 9
Event: 1.318 Thread 0x0000000056e5c800 Uncommon trap: reason=bimorphic action=maybe_recompile pc=0x00000000029395dc method=java.util.HashMap.getNode(ILjava/lang/Object;)Ljava/util/HashMap$Node; @ 126
Event: 1.318 Thread 0x0000000056e5c800 Uncommon trap: reason=bimorphic action=maybe_recompile pc=0x00000000029395dc method=java.util.HashMap.getNode(ILjava/lang/Object;)Ljava/util/HashMap$Node; @ 126
Event: 1.318 Thread 0x0000000056e5c800 Uncommon trap: reason=bimorphic action=maybe_recompile pc=0x00000000029395dc method=java.util.HashMap.getNode(ILjava/lang/Object;)Ljava/util/HashMap$Node; @ 126
Event: 1.318 Thread 0x0000000056e5c800 Uncommon trap: reason=bimorphic action=maybe_recompile pc=0x00000000029395dc method=java.util.HashMap.getNode(ILjava/lang/Object;)Ljava/util/HashMap$Node; @ 126
Event: 1.659 Thread 0x0000000056e5c800 Uncommon trap: reason=unstable_if action=reinterpret pc=0x0000000002b1128c method=com.android.dx.ssa.SsaMethod.updateOneDefinition(Lcom/android/dx/ssa/SsaInsn;Lcom/android/dx/rop/code/RegisterSpec;)V @ 4

Internal exceptions (3 events):
Event: 0.090 Thread 0x000000000205f800 Exception <a 'java/lang/NoSuchMethodError': Method sun.misc.Unsafe.defineClass(Ljava/lang/String;[BII)Ljava/lang/Class; name or signature does not match> (0x00000000eab0d858) thrown at [C:\re\workspace\8-2-build-windows-amd64-cygwin\jdk8u66\5298\hotspot\srùÜ-K¬÷¶?
Event: 0.090 Thread 0x000000000205f800 Exception <a 'java/lang/NoSuchMethodError': Method sun.misc.Unsafe.prefetchRead(Ljava/lang/Object;J)V name or signature does not match> (0x00000000eab0db40) thrown at [C:\re\workspace\8-2-build-windows-amd64-cygwin\jdk8u66\5298\hotspot\src\share\vm\prims\jG¥A1eò?
Event: 1.150 Thread 0x0000000056e5c800 Implicit null exception at 0x0000000002a12e12 to 0x0000000002a12f02

Events (10 events):
Event: 1.318 Thread 0x0000000056e5c800 Uncommon trap: trap_request=0xffffffc6 fr.pc=0x00000000029395dc
Event: 1.318 Thread 0x0000000056e5c800 DEOPT PACKING pc=0x00000000029395dc sp=0x0000000057d9eb10
Event: 1.318 Thread 0x0000000056e5c800 DEOPT UNPACKING pc=0x000000000276582a sp=0x0000000057d9ea38 mode 2
Event: 1.522 Executing VM operation: ParallelGCFailedAllocation
Event: 1.568 Executing VM operation: ParallelGCFailedAllocation done
Event: 1.581 loading class com/android/dx/dex/file/FieldAnnotationStruct
Event: 1.581 loading class com/android/dx/dex/file/FieldAnnotationStruct done
Event: 1.659 Thread 0x0000000056e5c800 Uncommon trap: trap_request=0xffffff65 fr.pc=0x0000000002b1128c
Event: 1.659 Thread 0x0000000056e5c800 DEOPT PACKING pc=0x0000000002b1128c sp=0x0000000057d9e860
Event: 1.660 Thread 0x0000000056e5c800 DEOPT UNPACKING pc=0x000000000276582a sp=0x0000000057d9e808 mode 2


Dynamic libraries:
0x000000013fdd0000 - 0x000000013fe07000 	C:\Program Files\Java\jdk1.8.0_66\bin\java.exe
0x0000000077a00000 - 0x0000000077ba9000 	C:\windows\SYSTEM32\ntdll.dll
0x00000000777e0000 - 0x00000000778ff000 	C:\windows\system32\kernel32.dll
0x000007fefc4e0000 - 0x000007fefc54c000 	C:\windows\system32\KERNELBASE.dll
0x000007fefe920000 - 0x000007fefe9fb000 	C:\windows\system32\ADVAPI32.dll
0x000007fefe420000 - 0x000007fefe4bf000 	C:\windows\system32\msvcrt.dll
0x000007fefd520000 - 0x000007fefd53f000 	C:\windows\SYSTEM32\sechost.dll
0x000007fefe7f0000 - 0x000007fefe91d000 	C:\windows\system32\RPCRT4.dll
0x0000000077900000 - 0x00000000779fa000 	C:\windows\system32\USER32.dll
0x000007fefd3d0000 - 0x000007fefd437000 	C:\windows\system32\GDI32.dll
0x000007fefcc60000 - 0x000007fefcc6e000 	C:\windows\system32\LPK.dll
0x000007fefcac0000 - 0x000007fefcb8a000 	C:\windows\system32\USP10.dll
0x000007fefadf0000 - 0x000007fefafe4000 	C:\windows\WinSxS\amd64_microsoft.windows.common-controls_6595b64144ccf1df_6.0.7601.18837_none_fa3b1e3d17594757\COMCTL32.dll
0x000007fefd540000 - 0x000007fefd5b1000 	C:\windows\system32\SHLWAPI.dll
0x000007fefd660000 - 0x000007fefd68e000 	C:\windows\system32\IMM32.DLL
0x000007fefe4c0000 - 0x000007fefe5c9000 	C:\windows\system32\MSCTF.dll
0x000007fef6400000 - 0x000007fef6491000 	C:\Program Files (x86)\AVG\AVG2015\avghooka.dll
0x00000000793c0000 - 0x0000000079492000 	C:\Program Files\Java\jdk1.8.0_66\jre\bin\msvcr100.dll
0x00000000546b0000 - 0x0000000054f39000 	C:\Program Files\Java\jdk1.8.0_66\jre\bin\server\jvm.dll
0x000007fef95c0000 - 0x000007fef95c9000 	C:\windows\system32\WSOCK32.dll
0x000007fefcb90000 - 0x000007fefcbdd000 	C:\windows\system32\WS2_32.dll
0x000007fefe7e0000 - 0x000007fefe7e8000 	C:\windows\system32\NSI.dll
0x000007fefa570000 - 0x000007fefa5ab000 	C:\windows\system32\WINMM.dll
0x000007fefb780000 - 0x000007fefb78c000 	C:\windows\system32\VERSION.dll
0x0000000077bd0000 - 0x0000000077bd7000 	C:\windows\system32\PSAPI.DLL
0x0000000075150000 - 0x000000007515f000 	C:\Program Files\Java\jdk1.8.0_66\jre\bin\verify.dll
0x0000000075050000 - 0x0000000075079000 	C:\Program Files\Java\jdk1.8.0_66\jre\bin\java.dll
0x0000000064540000 - 0x0000000064556000 	C:\Program Files\Java\jdk1.8.0_66\jre\bin\zip.dll
0x000007fefd690000 - 0x000007fefe419000 	C:\windows\system32\SHELL32.dll
0x000007fefe5d0000 - 0x000007fefe7d3000 	C:\windows\system32\ole32.dll
0x000007fefc490000 - 0x000007fefc49f000 	C:\windows\system32\profapi.dll

VM Arguments:
jvm_args: -Djava.awt.headless=true -Xmx1024M -Dfile.encoding=windows-1252 -Duser.country=US -Duser.language=en -Duser.variant 
java_command: com.android.dx.command.Main --dex --num-threads=4 --output C:\Users\DABBY(3pleMinds)\AndroidStudioProjects\Wacos\app\build\intermediates\pre-dexed\debug\jackson-core-2.2.2_6d7f648cfce881f1ded8309ef00ad09323690da5.jar C:\Users\DABBY(3pleMinds)\.gradle\caches\modules-2\files-2.1\com.fasterxml.jackson.core\jackson-core\2.2.2\d20be6a5ddd6f8cfd36ebf6dea329873a1c41f1b\jackson-core-2.2.2.jar
java_class_path (initial): C:\Android\sdk\SDK\sdk\build-tools\23.0.1\lib\dx.jar
Launcher Type: SUN_STANDARD

Environment Variables:
PATH=C:\ProgramData\Oracle\Java\javapath;C:\xampp\apache\bin;C:\xampp\mysql\bin;C:\Program Files\Java\jre1.8.0_66\bin; C:\Program Files\Java\jdk1.8.0_66\bin;C:\Program Files (x86)\PC Connectivity Solution\;C:\Program Files\Common Files\Microsoft Shared\WindowsLive; C:\windows\system32;C:\windows;C:\windows\System32\Wbem;C:\windows\System32\WindowsPowerShell\v1.0\;C:\Program Files (x86)\Common Files\Roxio Shared\DLLShared\;C:\Program Files (x86)\Common Files\Roxio Shared\OEM\DLLShared\;C:\Program Files (x86)\Common Files\Roxio Shared\OEM\DLLShared\;C:\Program Files (x86)\Common Files\Roxio Shared\OEM\12.0\DLLShared\;C:\Program Files (x86)\Roxio\OEM\AudioCore\;C:\Program Files (x86)\Intel\Services\IPT\; C:\Program Files (x86)\MySQL\sqlite-shell-win32-x86-3080500;C:\cygwin64\bin;C:\Program Files\nodejs\node.exe;C:\wamp\bin\php\php5.5.12;C:\ProgramData\ComposerSetup\bin;C:\windows\system32;C:\Program Files\nodejs\node.exe;%ANT_HOME%;%ANDROID_HOME%;%ANDROID_TOOL%;C:\\Users\DABBY(3pleMinds)\AppData\Roaming\Composer\vendor\bin
USERNAME=DABBY(3pleMinds)
OS=Windows_NT
PROCESSOR_IDENTIFIER=Intel64 Family 6 Model 42 Stepping 7, GenuineIntel



---------------  S Y S T E M  ---------------

OS: Windows 7 , 64 bit Build 7601 (6.1.7601.19110)

CPU:total 4 (2 cores per cpu, 2 threads per core) family 6 model 42 stepping 7, cmov, cx8, fxsr, mmx, sse, sse2, sse3, ssse3, sse4.1, sse4.2, popcnt, avx, aes, clmul, ht, tsc, tscinvbit

Memory: 4k page, physical 4127084k(120600k free), swap 8716012k(5104k free)

vm_info: Java HotSpot(TM) 64-Bit Server VM (25.66-b18) for windows-amd64 JRE (1.8.0_66-b18), built on Nov  9 2015 10:51:13 by "java_re" with MS VC++ 10.0 (VS2010)

time: Tue Jan 26 16:14:37 2016
elapsed time: 1 seconds (0d 0h 0m 1s)

