#
# There is insufficient memory for the Java Runtime Environment to continue.
# Native memory allocation (malloc) failed to allocate 739856 bytes for Chunk::new
# Possible reasons:
#   The system is out of physical RAM or swap space
#   In 32 bit mode, the process size limit was hit
# Possible solutions:
#   Reduce memory load on the system
#   Increase physical memory or swap space
#   Check if swap backing store is full
#   Use 64 bit Java on a 64 bit OS
#   Decrease Java heap size (-Xmx/-Xms)
#   Decrease number of Java threads
#   Decrease Java thread stack sizes (-Xss)
#   Set larger code cache with -XX:ReservedCodeCacheSize=
# This output file may be truncated or incomplete.
#
#  Out of Memory Error (allocation.cpp:390), pid=9972, tid=3032
#
# JRE version: Java(TM) SE Runtime Environment (8.0_66-b18) (build 1.8.0_66-b18)
# Java VM: Java HotSpot(TM) 64-Bit Server VM (25.66-b18 mixed mode windows-amd64 compressed oops)
# Failed to write core dump. Minidumps are not enabled by default on client versions of Windows
#

---------------  T H R E A D  ---------------

Current thread (0x0000000016623000):  JavaThread "C2 CompilerThread1" daemon [_thread_in_native, id=3032, stack(0x0000000016c80000,0x0000000016d80000)]

Stack: [0x0000000016c80000,0x0000000016d80000]
[error occurred during error reporting (printing stack bounds), id 0xc0000005]

Native frames: (J=compiled Java code, j=interpreted, Vv=VM code, C=native code)


Current CompileTask:
C2:   1833 1141       4       com.android.dx.merge.DexMerger::transformAnnotationDirectory (239 bytes)


---------------  P R O C E S S  ---------------

Java Threads: ( => current thread )
  0x00000000150cf800 JavaThread "Service Thread" daemon [_thread_blocked, id=9652, stack(0x0000000016f10000,0x0000000017010000)]
  0x000000001662a000 JavaThread "C1 CompilerThread2" daemon [_thread_blocked, id=8200, stack(0x0000000016dd0000,0x0000000016ed0000)]
=>0x0000000016623000 JavaThread "C2 CompilerThread1" daemon [_thread_in_native, id=3032, stack(0x0000000016c80000,0x0000000016d80000)]
  0x00000000150c8000 JavaThread "C2 CompilerThread0" daemon [_thread_in_native, id=11712, stack(0x0000000016270000,0x0000000016370000)]
  0x00000000150c4800 JavaThread "Attach Listener" daemon [_thread_blocked, id=11968, stack(0x0000000016a50000,0x0000000016b50000)]
  0x00000000150c4000 JavaThread "Signal Dispatcher" daemon [_thread_blocked, id=10248, stack(0x0000000016020000,0x0000000016120000)]
  0x0000000015068800 JavaThread "Finalizer" daemon [_thread_blocked, id=1576, stack(0x0000000016520000,0x0000000016620000)]
  0x0000000015061800 JavaThread "Reference Handler" daemon [_thread_blocked, id=3020, stack(0x0000000016380000,0x0000000016480000)]
  0x00000000021be800 JavaThread "main" [_thread_in_Java, id=6684, stack(0x0000000002510000,0x0000000002610000)]

Other Threads:
  0x000000001505c000 VMThread [stack: 0x0000000016140000,0x0000000016240000] [id=4828]
  0x00000000166b0000 WatcherThread [stack: 0x00000000170d0000,0x00000000171d0000] [id=4912]

VM state:not at safepoint (normal execution)

VM Mutex/Monitor currently owned by a thread: None

Heap:
 PSYoungGen      total 68096K, used 62538K [0x00000000eab00000, 0x00000000ef000000, 0x0000000100000000)
  eden space 65536K, 91% used [0x00000000eab00000,0x00000000ee598cf8,0x00000000eeb00000)
  from space 2560K, 99% used [0x00000000eeb00000,0x00000000eed79ef8,0x00000000eed80000)
  to   space 2560K, 0% used [0x00000000eed80000,0x00000000eed80000,0x00000000ef000000)
 ParOldGen       total 53248K, used 21404K [0x00000000c0000000, 0x00000000c3400000, 0x00000000eab00000)
  object space 53248K, 40% used [0x00000000c0000000,0x00000000c14e72c8,0x00000000c3400000)
 Metaspace       used 4873K, capacity 5470K, committed 5760K, reserved 1056768K
  class space    used 524K, capacity 529K, committed 640K, reserved 1048576K

Card table byte_map: [0x0000000011ca0000,0x0000000011eb0000] byte_map_base: 0x00000000116a0000

Marking Bits: (ParMarkBitMap*) 0x0000000054d6a5b0
 Begin Bits: [0x00000000124d0000, 0x00000000134d0000)
 End Bits:   [0x00000000134d0000, 0x00000000144d0000)

Polling page: 0x0000000000160000

CodeCache: size=245760Kb used=3748Kb max_used=3763Kb free=242011Kb
 bounds [0x00000000028e0000, 0x0000000002ca0000, 0x00000000118e0000]
 total_blobs=1404 nmethods=1125 adapters=192
 compilation: enabled

Compilation events (10 events):
Event: 1.790 Thread 0x000000001662a000 1172       3       java.util.HashMap::treeifyBin (110 bytes)
Event: 1.790 Thread 0x000000001662a000 nmethod 1172 0x0000000002c7cc90 code [0x0000000002c7ce40, 0x0000000002c7d5a8]
Event: 1.791 Thread 0x000000001662a000 1173       3       java.util.HashMap$TreeNode::balanceInsertion (245 bytes)
Event: 1.792 Thread 0x000000001662a000 nmethod 1173 0x0000000002c74e10 code [0x0000000002c75040, 0x0000000002c759f8]
Event: 1.792 Thread 0x000000001662a000 1174       3       java.util.HashMap::replacementTreeNode (21 bytes)
Event: 1.792 Thread 0x000000001662a000 nmethod 1174 0x0000000002c8b7d0 code [0x0000000002c8b940, 0x0000000002c8bcd0]
Event: 1.792 Thread 0x000000001662a000 1175       3       java.lang.Long::numberOfTrailingZeros (116 bytes)
Event: 1.792 Thread 0x000000001662a000 nmethod 1175 0x0000000002c8b2d0 code [0x0000000002c8b440, 0x0000000002c8b750]
Event: 1.810 Thread 0x00000000150c8000 nmethod 1167% 0x0000000002c91ad0 code [0x0000000002c91ca0, 0x0000000002c92b38]
Event: 1.810 Thread 0x00000000150c8000 1168       4       java.util.ComparableTimSort::countRunAndMakeAscending (123 bytes)

GC Heap History (10 events):
Event: 0.899 GC heap before
{Heap before GC invocations=4 (full 0):
 PSYoungGen      total 35328K, used 35316K [0x00000000eab00000, 0x00000000ef000000, 0x0000000100000000)
  eden space 32768K, 100% used [0x00000000eab00000,0x00000000ecb00000,0x00000000ecb00000)
  from space 2560K, 99% used [0x00000000ecb00000,0x00000000ecd7d1b8,0x00000000ecd80000)
  to   space 2560K, 0% used [0x00000000eed80000,0x00000000eed80000,0x00000000ef000000)
 ParOldGen       total 44032K, used 13126K [0x00000000c0000000, 0x00000000c2b00000, 0x00000000eab00000)
  object space 44032K, 29% used [0x00000000c0000000,0x00000000c0cd1a88,0x00000000c2b00000)
 Metaspace       used 4760K, capacity 5464K, committed 5760K, reserved 1056768K
  class space    used 514K, capacity 528K, committed 640K, reserved 1048576K
Event: 0.907 GC heap after
Heap after GC invocations=4 (full 0):
 PSYoungGen      total 68096K, used 2532K [0x00000000eab00000, 0x00000000ef000000, 0x0000000100000000)
  eden space 65536K, 0% used [0x00000000eab00000,0x00000000eab00000,0x00000000eeb00000)
  from space 2560K, 98% used [0x00000000eed80000,0x00000000eeff9230,0x00000000ef000000)
  to   space 2560K, 0% used [0x00000000eeb00000,0x00000000eeb00000,0x00000000eed80000)
 ParOldGen       total 44032K, used 16263K [0x00000000c0000000, 0x00000000c2b00000, 0x00000000eab00000)
  object space 44032K, 36% used [0x00000000c0000000,0x00000000c0fe1ea8,0x00000000c2b00000)
 Metaspace       used 4760K, capacity 5464K, committed 5760K, reserved 1056768K
  class space    used 514K, capacity 528K, committed 640K, reserved 1048576K
}
Event: 1.221 GC heap before
{Heap before GC invocations=5 (full 0):
 PSYoungGen      total 68096K, used 68068K [0x00000000eab00000, 0x00000000ef000000, 0x0000000100000000)
  eden space 65536K, 100% used [0x00000000eab00000,0x00000000eeb00000,0x00000000eeb00000)
  from space 2560K, 98% used [0x00000000eed80000,0x00000000eeff9230,0x00000000ef000000)
  to   space 2560K, 0% used [0x00000000eeb00000,0x00000000eeb00000,0x00000000eed80000)
 ParOldGen       total 44032K, used 16263K [0x00000000c0000000, 0x00000000c2b00000, 0x00000000eab00000)
  object space 44032K, 36% used [0x00000000c0000000,0x00000000c0fe1ea8,0x00000000c2b00000)
 Metaspace       used 4782K, capacity 5464K, committed 5760K, reserved 1056768K
  class space    used 515K, capacity 528K, committed 640K, reserved 1048576K
Event: 1.232 GC heap after
Heap after GC invocations=5 (full 0):
 PSYoungGen      total 68096K, used 2557K [0x00000000eab00000, 0x00000000ef000000, 0x0000000100000000)
  eden space 65536K, 0% used [0x00000000eab00000,0x00000000eab00000,0x00000000eeb00000)
  from space 2560K, 99% used [0x00000000eeb00000,0x00000000eed7f5b8,0x00000000eed80000)
  to   space 2560K, 0% used [0x00000000eed80000,0x00000000eed80000,0x00000000ef000000)
 ParOldGen       total 44032K, used 25645K [0x00000000c0000000, 0x00000000c2b00000, 0x00000000eab00000)
  object space 44032K, 58% used [0x00000000c0000000,0x00000000c190b700,0x00000000c2b00000)
 Metaspace       used 4782K, capacity 5464K, committed 5760K, reserved 1056768K
  class space    used 515K, capacity 528K, committed 640K, reserved 1048576K
}
Event: 1.416 GC heap before
{Heap before GC invocations=6 (full 0):
 PSYoungGen      total 68096K, used 68093K [0x00000000eab00000, 0x00000000ef000000, 0x0000000100000000)
  eden space 65536K, 100% used [0x00000000eab00000,0x00000000eeb00000,0x00000000eeb00000)
  from space 2560K, 99% used [0x00000000eeb00000,0x00000000eed7f5b8,0x00000000eed80000)
  to   space 2560K, 0% used [0x00000000eed80000,0x00000000eed80000,0x00000000ef000000)
 ParOldGen       total 44032K, used 25645K [0x00000000c0000000, 0x00000000c2b00000, 0x00000000eab00000)
  object space 44032K, 58% used [0x00000000c0000000,0x00000000c190b700,0x00000000c2b00000)
 Metaspace       used 4870K, capacity 5470K, committed 5760K, reserved 1056768K
  class space    used 524K, capacity 529K, committed 640K, reserved 1048576K
Event: 1.469 GC heap after
Heap after GC invocations=6 (full 0):
 PSYoungGen      total 68096K, used 2543K [0x00000000eab00000, 0x00000000ef000000, 0x0000000100000000)
  eden space 65536K, 0% used [0x00000000eab00000,0x00000000eab00000,0x00000000eeb00000)
  from space 2560K, 99% used [0x00000000eed80000,0x00000000eeffbd50,0x00000000ef000000)
  to   space 2560K, 0% used [0x00000000eeb00000,0x00000000eeb00000,0x00000000eed80000)
 ParOldGen       total 49152K, used 47879K [0x00000000c0000000, 0x00000000c3000000, 0x00000000eab00000)
  object space 49152K, 97% used [0x00000000c0000000,0x00000000c2ec1d78,0x00000000c3000000)
 Metaspace       used 4870K, capacity 5470K, committed 5760K, reserved 1056768K
  class space    used 524K, capacity 529K, committed 640K, reserved 1048576K
}
Event: 1.469 GC heap before
{Heap before GC invocations=7 (full 1):
 PSYoungGen      total 68096K, used 2543K [0x00000000eab00000, 0x00000000ef000000, 0x0000000100000000)
  eden space 65536K, 0% used [0x00000000eab00000,0x00000000eab00000,0x00000000eeb00000)
  from space 2560K, 99% used [0x00000000eed80000,0x00000000eeffbd50,0x00000000ef000000)
  to   space 2560K, 0% used [0x00000000eeb00000,0x00000000eeb00000,0x00000000eed80000)
 ParOldGen       total 49152K, used 47879K [0x00000000c0000000, 0x00000000c3000000, 0x00000000eab00000)
  object space 49152K, 97% used [0x00000000c0000000,0x00000000c2ec1d78,0x00000000c3000000)
 Metaspace       used 4870K, capacity 5470K, committed 5760K, reserved 1056768K
  class space    used 524K, capacity 529K, committed 640K, reserved 1048576K
Event: 1.488 GC heap after
Heap after GC invocations=7 (full 1):
 PSYoungGen      total 68096K, used 0K [0x00000000eab00000, 0x00000000ef000000, 0x0000000100000000)
  eden space 65536K, 0% used [0x00000000eab00000,0x00000000eab00000,0x00000000eeb00000)
  from space 2560K, 0% used [0x00000000eed80000,0x00000000eed80000,0x00000000ef000000)
  to   space 2560K, 0% used [0x00000000eeb00000,0x00000000eeb00000,0x00000000eed80000)
 ParOldGen       total 53248K, used 15264K [0x00000000c0000000, 0x00000000c3400000, 0x00000000eab00000)
  object space 53248K, 28% used [0x00000000c0000000,0x00000000c0ee8310,0x00000000c3400000)
 Metaspace       used 4870K, capacity 5470K, committed 5760K, reserved 1056768K
  class space    used 524K, capacity 529K, committed 640K, reserved 1048576K
}
Event: 1.663 GC heap before
{Heap before GC invocations=8 (full 1):
 PSYoungGen      total 68096K, used 65536K [0x00000000eab00000, 0x00000000ef000000, 0x0000000100000000)
  eden space 65536K, 100% used [0x00000000eab00000,0x00000000eeb00000,0x00000000eeb00000)
  from space 2560K, 0% used [0x00000000eed80000,0x00000000eed80000,0x00000000ef000000)
  to   space 2560K, 0% used [0x00000000eeb00000,0x00000000eeb00000,0x00000000eed80000)
 ParOldGen       total 53248K, used 15264K [0x00000000c0000000, 0x00000000c3400000, 0x00000000eab00000)
  object space 53248K, 28% used [0x00000000c0000000,0x00000000c0ee8310,0x00000000c3400000)
 Metaspace       used 4871K, capacity 5470K, committed 5760K, reserved 1056768K
  class space    used 524K, capacity 529K, committed 640K, reserved 1048576K
Event: 1.669 GC heap after
Heap after GC invocations=8 (full 1):
 PSYoungGen      total 68096K, used 2535K [0x00000000eab00000, 0x00000000ef000000, 0x0000000100000000)
  eden space 65536K, 0% used [0x00000000eab00000,0x00000000eab00000,0x00000000eeb00000)
  from space 2560K, 99% used [0x00000000eeb00000,0x00000000eed79ef8,0x00000000eed80000)
  to   space 2560K, 0% used [0x00000000eed80000,0x00000000eed80000,0x00000000ef000000)
 ParOldGen       total 53248K, used 21404K [0x00000000c0000000, 0x00000000c3400000, 0x00000000eab00000)
  object space 53248K, 40% used [0x00000000c0000000,0x00000000c14e72c8,0x00000000c3400000)
 Metaspace       used 4871K, capacity 5470K, committed 5760K, reserved 1056768K
  class space    used 524K, capacity 529K, committed 640K, reserved 1048576K
}

Deoptimization events (10 events):
Event: 0.381 Thread 0x00000000021be800 Uncommon trap: reason=predicate action=maybe_recompile pc=0x0000000002aed594 method=com.android.dex.Leb128.readUnsignedLeb128(Lcom/android/dex/util/ByteInput;)I @ 41
Event: 0.522 Thread 0x00000000021be800 Uncommon trap: reason=unstable_if action=reinterpret pc=0x0000000002b7d874 method=java.util.HashMap.getNode(ILjava/lang/Object;)Ljava/util/HashMap$Node; @ 84
Event: 0.942 Thread 0x00000000021be800 Uncommon trap: reason=unstable_if action=reinterpret pc=0x0000000002b5b4fc method=com.android.dex.Mutf8.decode(Lcom/android/dex/util/ByteInput;[C)Ljava/lang/String; @ 37
Event: 0.942 Thread 0x00000000021be800 Uncommon trap: reason=unstable_if action=reinterpret pc=0x0000000002b87aac method=com.android.dex.Mutf8.countBytes(Ljava/lang/String;Z)J @ 28
Event: 0.942 Thread 0x00000000021be800 Uncommon trap: reason=unstable_if action=reinterpret pc=0x0000000002adb95c method=com.android.dex.Mutf8.encode([BILjava/lang/String;)V @ 24
Event: 1.051 Thread 0x00000000021be800 Uncommon trap: reason=unstable_if action=reinterpret pc=0x0000000002acb3d8 method=com.android.dex.Mutf8.decode(Lcom/android/dex/util/ByteInput;[C)Ljava/lang/String; @ 37
Event: 1.051 Thread 0x00000000021be800 Uncommon trap: reason=unstable_if action=reinterpret pc=0x0000000002b85d10 method=com.android.dex.Mutf8.countBytes(Ljava/lang/String;Z)J @ 28
Event: 1.180 Thread 0x00000000021be800 Uncommon trap: reason=unstable_if action=reinterpret pc=0x0000000002ad1c8c method=com.android.dex.Mutf8.countBytes(Ljava/lang/String;Z)J @ 28
Event: 1.507 Thread 0x00000000021be800 Uncommon trap: reason=unstable_if action=reinterpret pc=0x0000000002bd8818 method=java.util.HashMap.getNode(ILjava/lang/Object;)Ljava/util/HashMap$Node; @ 116
Event: 1.508 Thread 0x00000000021be800 Uncommon trap: reason=unstable_if action=reinterpret pc=0x0000000002bccfe0 method=java.util.HashMap.getNode(ILjava/lang/Object;)Ljava/util/HashMap$Node; @ 116

Internal exceptions (2 events):
Event: 0.031 Thread 0x00000000021be800 Exception <a 'java/lang/NoSuchMethodError': Method sun.misc.Unsafe.defineClass(Ljava/lang/String;[BII)Ljava/lang/Class; name or signature does not match> (0x00000000eab0ee18) thrown at [C:\re\workspace\8-2-build-windows-amd64-cygwin\jdk8u66\5298\hotspot\srqì»™åŸ?
Event: 0.031 Thread 0x00000000021be800 Exception <a 'java/lang/NoSuchMethodError': Method sun.misc.Unsafe.prefetchRead(Ljava/lang/Object;J)V name or signature does not match> (0x00000000eab0f100) thrown at [C:\re\workspace\8-2-build-windows-amd64-cygwin\jdk8u66\5298\hotspot\src\share\vm\prims\j

Events (10 events):
Event: 1.590 Thread 0x00000000021be800 DEOPT PACKING pc=0x0000000002b13538 sp=0x000000000260ec90
Event: 1.590 Thread 0x00000000021be800 DEOPT UNPACKING pc=0x000000000292787f sp=0x000000000260e978 mode 0
Event: 1.622 Thread 0x00000000021be800 DEOPT PACKING pc=0x0000000002bbc67f sp=0x000000000260eb30
Event: 1.622 Thread 0x00000000021be800 DEOPT UNPACKING pc=0x000000000292787f sp=0x000000000260e880 mode 0
Event: 1.663 Executing VM operation: ParallelGCFailedAllocation
Event: 1.669 Executing VM operation: ParallelGCFailedAllocation done
Event: 1.769 Thread 0x00000000021be800 DEOPT PACKING pc=0x0000000002be26b2 sp=0x000000000260e960
Event: 1.769 Thread 0x00000000021be800 DEOPT UNPACKING pc=0x000000000292787f sp=0x000000000260e6e0 mode 0
Event: 1.783 Thread 0x00000000021be800 DEOPT PACKING pc=0x0000000002bcb1f2 sp=0x000000000260e9a0
Event: 1.783 Thread 0x00000000021be800 DEOPT UNPACKING pc=0x000000000292787f sp=0x000000000260e708 mode 0


Dynamic libraries:
0x000000013f270000 - 0x000000013f2a7000 	C:\Program Files\Java\jdk1.8.0_66\bin\java.exe
0x0000000077a00000 - 0x0000000077ba9000 	C:\windows\SYSTEM32\ntdll.dll
0x00000000777e0000 - 0x00000000778ff000 	C:\windows\system32\kernel32.dll
0x000007fefc4e0000 - 0x000007fefc54c000 	C:\windows\system32\KERNELBASE.dll
0x000007fefe920000 - 0x000007fefe9fb000 	C:\windows\system32\ADVAPI32.dll
0x000007fefe420000 - 0x000007fefe4bf000 	C:\windows\system32\msvcrt.dll
0x000007fefd520000 - 0x000007fefd53f000 	C:\windows\SYSTEM32\sechost.dll
0x000007fefe7f0000 - 0x000007fefe91d000 	C:\windows\system32\RPCRT4.dll
0x0000000077900000 - 0x00000000779fa000 	C:\windows\system32\USER32.dll
0x000007fefd3d0000 - 0x000007fefd437000 	C:\windows\system32\GDI32.dll
0x000007fefcc60000 - 0x000007fefcc6e000 	C:\windows\system32\LPK.dll
0x000007fefcac0000 - 0x000007fefcb8a000 	C:\windows\system32\USP10.dll
0x000007fefadf0000 - 0x000007fefafe4000 	C:\windows\WinSxS\amd64_microsoft.windows.common-controls_6595b64144ccf1df_6.0.7601.18837_none_fa3b1e3d17594757\COMCTL32.dll
0x000007fefd540000 - 0x000007fefd5b1000 	C:\windows\system32\SHLWAPI.dll
0x000007fefd660000 - 0x000007fefd68e000 	C:\windows\system32\IMM32.DLL
0x000007fefe4c0000 - 0x000007fefe5c9000 	C:\windows\system32\MSCTF.dll
0x000007fef6400000 - 0x000007fef6491000 	C:\Program Files (x86)\AVG\AVG2015\avghooka.dll
0x000000005c020000 - 0x000000005c0f2000 	C:\Program Files\Java\jdk1.8.0_66\jre\bin\msvcr100.dll
0x0000000054560000 - 0x0000000054de9000 	C:\Program Files\Java\jdk1.8.0_66\jre\bin\server\jvm.dll
0x000007fef95c0000 - 0x000007fef95c9000 	C:\windows\system32\WSOCK32.dll
0x000007fefcb90000 - 0x000007fefcbdd000 	C:\windows\system32\WS2_32.dll
0x000007fefe7e0000 - 0x000007fefe7e8000 	C:\windows\system32\NSI.dll
0x000007fefa570000 - 0x000007fefa5ab000 	C:\windows\system32\WINMM.dll
0x000007fefb780000 - 0x000007fefb78c000 	C:\windows\system32\VERSION.dll
0x0000000077bd0000 - 0x0000000077bd7000 	C:\windows\system32\PSAPI.DLL
0x0000000075150000 - 0x000000007515f000 	C:\Program Files\Java\jdk1.8.0_66\jre\bin\verify.dll
0x0000000075050000 - 0x0000000075079000 	C:\Program Files\Java\jdk1.8.0_66\jre\bin\java.dll
0x0000000064540000 - 0x0000000064556000 	C:\Program Files\Java\jdk1.8.0_66\jre\bin\zip.dll
0x000007fefd690000 - 0x000007fefe419000 	C:\windows\system32\SHELL32.dll
0x000007fefe5d0000 - 0x000007fefe7d3000 	C:\windows\system32\ole32.dll
0x000007fefc490000 - 0x000007fefc49f000 	C:\windows\system32\profapi.dll

VM Arguments:
jvm_args: -Djava.awt.headless=true -Xmx1024M -Dfile.encoding=windows-1252 -Duser.country=US -Duser.language=en -Duser.variant 
java_command: com.android.dx.command.Main --dex --num-threads=4 --output C:\Users\DABBY(3pleMinds)\AndroidStudioProjects\Wacos\app\build\intermediates\transforms\dex\debug\folders\1000\1f\main C:\Users\DABBY(3pleMinds)\AndroidStudioProjects\Wacos\app\build\intermediates\pre-dexed\debug\support-annotations-23.1.1_acae2ca55c461a18ff9bbcffb50122cb13b5a2e9.jar C:\Users\DABBY(3pleMinds)\AndroidStudioProjects\Wacos\app\build\intermediates\pre-dexed\debug\de.hdodenhof-circleimageview-2.0.0_67f78b76f2416e94e8b4dfc64400802c1ad7e96b.jar C:\Users\DABBY(3pleMinds)\AndroidStudioProjects\Wacos\app\build\intermediates\pre-dexed\debug\com.android.support-cardview-v7-23.1.1_ad7ccae36316f801d85a164f002370baf27e38e1.jar C:\Users\DABBY(3pleMinds)\AndroidStudioProjects\Wacos\app\build\intermediates\pre-dexed\debug\jackson-annotations-2.2.2_9f5d9cfde0d67d4545bbe3b8e871c24b89ee7fb7.jar C:\Users\DABBY(3pleMinds)\AndroidStudioProjects\Wacos\app\build\intermediates\pre-dexed\debug\com.github.paolorotolo-appintro-3.3.0_918a8da817e4b09fda52dc0bdc31243721316f32.jar C:\Users\DABBY(3pleMinds)\AndroidStudioProjects\Wacos\app\build\intermediates\pre-dexed\debug\tubesock-0.0.11_2d748d39fa63768577173537156238211f31052e.jar C:\Users\DABBY(3pleMinds)\AndroidStudioProjects\Wacos\app\build\intermediates\pre-dexed\debug\firebase-client-android-2.3.1_70d1c97b32e171504da13e85a6810a9bc463e763.jar C:\Users\DABBY(3pleMinds)\AndroidStudioProjects\Wacos\app\build\intermediates\pre-dexed\debug\debug_28ad991036fe0ccb0c828adf6011e3b751e003d8.jar C:\Users\DABBY(3pleMinds)\AndroidStudioProjects\Wacos\app\build\intermediates\pre-dexed\debug\internal_impl-23.1.1_03ead1c80cb8d16803605b86bf211f2617771c0f.jar C:\Users\DABBY(3pleMinds)\AndroidStudioProjects\Wacos\app\build\intermediates\pre-dexed\debug\com.android.support-design-23.1.1_9b2b6a9d6aecb86401dd9306b726ad8350346008.jar C:\Users\DABBY(3pleMinds)\AndroidStudioProjects\Wacos\app\build\intermediates\pre-dexed\debug\jackson-core-2.2.2_6d7f648cfce881f1ded8309ef00ad0
java_class_path (initial): C:\Android\sdk\SDK\sdk\build-tools\23.0.1\lib\dx.jar
Launcher Type: SUN_STANDARD

Environment Variables:
PATH=C:\ProgramData\Oracle\Java\javapath;C:\xampp\apache\bin;C:\xampp\mysql\bin;C:\Program Files\Java\jre1.8.0_66\bin; C:\Program Files\Java\jdk1.8.0_66\bin;C:\Program Files (x86)\PC Connectivity Solution\;C:\Program Files\Common Files\Microsoft Shared\WindowsLive; C:\windows\system32;C:\windows;C:\windows\System32\Wbem;C:\windows\System32\WindowsPowerShell\v1.0\;C:\Program Files (x86)\Common Files\Roxio Shared\DLLShared\;C:\Program Files (x86)\Common Files\Roxio Shared\OEM\DLLShared\;C:\Program Files (x86)\Common Files\Roxio Shared\OEM\DLLShared\;C:\Program Files (x86)\Common Files\Roxio Shared\OEM\12.0\DLLShared\;C:\Program Files (x86)\Roxio\OEM\AudioCore\;C:\Program Files (x86)\Intel\Services\IPT\; C:\Program Files (x86)\MySQL\sqlite-shell-win32-x86-3080500;C:\cygwin64\bin;C:\Program Files\nodejs\node.exe;C:\wamp\bin\php\php5.5.12;C:\ProgramData\ComposerSetup\bin;C:\windows\system32;C:\Program Files\nodejs\node.exe;%ANT_HOME%;%ANDROID_HOME%;%ANDROID_TOOL%;C:\\Users\DABBY(3pleMinds)\AppData\Roaming\Composer\vendor\bin
USERNAME=DABBY(3pleMinds)
OS=Windows_NT
PROCESSOR_IDENTIFIER=Intel64 Family 6 Model 42 Stepping 7, GenuineIntel



---------------  S Y S T E M  ---------------

OS: Windows 7 , 64 bit Build 7601 (6.1.7601.19110)

CPU:total 4 (2 cores per cpu, 2 threads per core) family 6 model 42 stepping 7, cmov, cx8, fxsr, mmx, sse, sse2, sse3, ssse3, sse4.1, sse4.2, popcnt, avx, aes, clmul, ht, tsc, tscinvbit

Memory: 4k page, physical 4127084k(65788k free), swap 8716012k(5220k free)

vm_info: Java HotSpot(TM) 64-Bit Server VM (25.66-b18) for windows-amd64 JRE (1.8.0_66-b18), built on Nov  9 2015 10:51:13 by "java_re" with MS VC++ 10.0 (VS2010)

time: Wed Jan 27 05:21:09 2016
elapsed time: 1 seconds (0d 0h 0m 1s)

