#
# There is insufficient memory for the Java Runtime Environment to continue.
# Native memory allocation (malloc) failed to allocate 32744 bytes for ChunkPool::allocate
# Possible reasons:
#   The system is out of physical RAM or swap space
#   In 32 bit mode, the process size limit was hit
# Possible solutions:
#   Reduce memory load on the system
#   Increase physical memory or swap space
#   Check if swap backing store is full
#   Use 64 bit Java on a 64 bit OS
#   Decrease Java heap size (-Xmx/-Xms)
#   Decrease number of Java threads
#   Decrease Java thread stack sizes (-Xss)
#   Set larger code cache with -XX:ReservedCodeCacheSize=
# This output file may be truncated or incomplete.
#
#  Out of Memory Error (allocation.cpp:273), pid=5076, tid=11228
#
# JRE version: Java(TM) SE Runtime Environment (8.0_66-b18) (build 1.8.0_66-b18)
# Java VM: Java HotSpot(TM) 64-Bit Server VM (25.66-b18 mixed mode windows-amd64 compressed oops)
# Failed to write core dump. Minidumps are not enabled by default on client versions of Windows
#

---------------  T H R E A D  ---------------

Current thread (0x000000001652a800):  JavaThread "C2 CompilerThread1" daemon [_thread_in_native, id=11228, stack(0x0000000016ea0000,0x0000000016fa0000)]

Stack: [0x0000000016ea0000,0x0000000016fa0000]
[error occurred during error reporting (printing stack bounds), id 0xc0000005]

Native frames: (J=compiled Java code, j=interpreted, Vv=VM code, C=native code)


Current CompileTask:
C2:  10241 1661   !   4       com.android.dx.cf.code.Ropper::processBlock (1101 bytes)


---------------  P R O C E S S  ---------------

Java Threads: ( => current thread )
  0x00000000167cf800 JavaThread "pool-1-thread-4" [_thread_blocked, id=11960, stack(0x0000000017950000,0x0000000017a50000)]
  0x00000000167cd000 JavaThread "pool-1-thread-3" [_thread_blocked, id=10800, stack(0x0000000017850000,0x0000000017950000)]
  0x00000000167c8000 JavaThread "pool-1-thread-2" [_thread_blocked, id=12016, stack(0x0000000017660000,0x0000000017760000)]
  0x00000000167c3800 JavaThread "pool-2-thread-1" [_thread_blocked, id=5952, stack(0x0000000017430000,0x0000000017530000)]
  0x00000000167c1800 JavaThread "pool-1-thread-1" [_thread_blocked, id=800, stack(0x0000000017250000,0x0000000017350000)]
  0x000000001659d000 JavaThread "Service Thread" daemon [_thread_blocked, id=2800, stack(0x0000000017060000,0x0000000017160000)]
  0x000000001655b800 JavaThread "C1 CompilerThread2" daemon [_thread_blocked, id=6260, stack(0x0000000016970000,0x0000000016a70000)]
=>0x000000001652a800 JavaThread "C2 CompilerThread1" daemon [_thread_in_native, id=11228, stack(0x0000000016ea0000,0x0000000016fa0000)]
  0x0000000015176800 JavaThread "C2 CompilerThread0" daemon [_thread_blocked, id=10336, stack(0x0000000016d50000,0x0000000016e50000)]
  0x0000000015175000 JavaThread "Attach Listener" daemon [_thread_blocked, id=10856, stack(0x0000000016bd0000,0x0000000016cd0000)]
  0x0000000015172800 JavaThread "Signal Dispatcher" daemon [_thread_blocked, id=10464, stack(0x0000000016a90000,0x0000000016b90000)]
  0x0000000015117000 JavaThread "Finalizer" daemon [_thread_blocked, id=6588, stack(0x0000000016420000,0x0000000016520000)]
  0x0000000015110000 JavaThread "Reference Handler" daemon [_thread_blocked, id=10620, stack(0x00000000161f0000,0x00000000162f0000)]
  0x00000000004bf800 JavaThread "main" [_thread_blocked, id=8988, stack(0x00000000023b0000,0x00000000024b0000)]

Other Threads:
  0x000000001510a800 VMThread [stack: 0x0000000016060000,0x0000000016160000] [id=11284]
  0x0000000016598800 WatcherThread [stack: 0x00000000162f0000,0x00000000163f0000] [id=12240]

VM state:not at safepoint (normal execution)

VM Mutex/Monitor currently owned by a thread: None

Heap:
 PSYoungGen      total 35328K, used 31873K [0x00000000eab00000, 0x00000000ed000000, 0x0000000100000000)
  eden space 32768K, 89% used [0x00000000eab00000,0x00000000ec7a84b8,0x00000000ecb00000)
  from space 2560K, 98% used [0x00000000ecd80000,0x00000000ecff8028,0x00000000ed000000)
  to   space 2560K, 0% used [0x00000000ecb00000,0x00000000ecb00000,0x00000000ecd80000)
 ParOldGen       total 44032K, used 3997K [0x00000000c0000000, 0x00000000c2b00000, 0x00000000eab00000)
  object space 44032K, 9% used [0x00000000c0000000,0x00000000c03e75e8,0x00000000c2b00000)
 Metaspace       used 6100K, capacity 7088K, committed 7296K, reserved 1056768K
  class space    used 595K, capacity 616K, committed 640K, reserved 1048576K

Card table byte_map: [0x0000000011b40000,0x0000000011d50000] byte_map_base: 0x0000000011540000

Marking Bits: (ParMarkBitMap*) 0x0000000054eba5b0
 Begin Bits: [0x0000000012580000, 0x0000000013580000)
 End Bits:   [0x0000000013580000, 0x0000000014580000)

Polling page: 0x0000000000150000

CodeCache: size=245760Kb used=6967Kb max_used=6975Kb free=238792Kb
 bounds [0x0000000002780000, 0x0000000002e60000, 0x0000000011780000]
 total_blobs=1903 nmethods=1634 adapters=182
 compilation: enabled

Compilation events (10 events):
Event: 9.858 Thread 0x0000000015176800 1693       4       com.android.dx.rop.type.Type::getFrameType (5 bytes)
Event: 9.859 Thread 0x0000000015176800 nmethod 1693 0x0000000002dae750 code [0x0000000002dae880, 0x0000000002dae8f8]
Event: 10.059 Thread 0x000000001655b800 1695       3       java.util.concurrent.locks.ReentrantLock::lock (8 bytes)
Event: 10.059 Thread 0x000000001655b800 nmethod 1695 0x0000000002e54d10 code [0x0000000002e54e80, 0x0000000002e550a8]
Event: 10.059 Thread 0x000000001655b800 1696       3       com.android.dx.cf.direct.DirectClassFile::getThisClass (9 bytes)
Event: 10.060 Thread 0x000000001655b800 nmethod 1696 0x0000000002e54890 code [0x0000000002e54a00, 0x0000000002e54c48]
Event: 10.060 Thread 0x000000001655b800 1697       3       java.util.concurrent.locks.AbstractQueuedSynchronizer::compareAndSetTail (13 bytes)
Event: 10.060 Thread 0x000000001655b800 nmethod 1697 0x0000000002e4e9d0 code [0x0000000002e4eb20, 0x0000000002e4ecb0]
Event: 10.194 Thread 0x000000001655b800 1698       3       java.util.concurrent.locks.AbstractQueuedSynchronizer::setHead (16 bytes)
Event: 10.194 Thread 0x000000001655b800 nmethod 1698 0x0000000002e544d0 code [0x0000000002e54620, 0x0000000002e547d0]

GC Heap History (4 events):
Event: 2.265 GC heap before
{Heap before GC invocations=1 (full 0):
 PSYoungGen      total 18944K, used 16384K [0x00000000eab00000, 0x00000000ec000000, 0x0000000100000000)
  eden space 16384K, 100% used [0x00000000eab00000,0x00000000ebb00000,0x00000000ebb00000)
  from space 2560K, 0% used [0x00000000ebd80000,0x00000000ebd80000,0x00000000ec000000)
  to   space 2560K, 0% used [0x00000000ebb00000,0x00000000ebb00000,0x00000000ebd80000)
 ParOldGen       total 44032K, used 0K [0x00000000c0000000, 0x00000000c2b00000, 0x00000000eab00000)
  object space 44032K, 0% used [0x00000000c0000000,0x00000000c0000000,0x00000000c2b00000)
 Metaspace       used 5624K, capacity 6704K, committed 6784K, reserved 1056768K
  class space    used 586K, capacity 616K, committed 640K, reserved 1048576K
Event: 2.392 GC heap after
Heap after GC invocations=1 (full 0):
 PSYoungGen      total 18944K, used 2554K [0x00000000eab00000, 0x00000000ed000000, 0x0000000100000000)
  eden space 16384K, 0% used [0x00000000eab00000,0x00000000eab00000,0x00000000ebb00000)
  from space 2560K, 99% used [0x00000000ebb00000,0x00000000ebd7eab8,0x00000000ebd80000)
  to   space 2560K, 0% used [0x00000000ecd80000,0x00000000ecd80000,0x00000000ed000000)
 ParOldGen       total 44032K, used 1802K [0x00000000c0000000, 0x00000000c2b00000, 0x00000000eab00000)
  object space 44032K, 4% used [0x00000000c0000000,0x00000000c01c2ae0,0x00000000c2b00000)
 Metaspace       used 5624K, capacity 6704K, committed 6784K, reserved 1056768K
  class space    used 586K, capacity 616K, committed 640K, reserved 1048576K
}
Event: 2.940 GC heap before
{Heap before GC invocations=2 (full 0):
 PSYoungGen      total 18944K, used 18938K [0x00000000eab00000, 0x00000000ed000000, 0x0000000100000000)
  eden space 16384K, 100% used [0x00000000eab00000,0x00000000ebb00000,0x00000000ebb00000)
  from space 2560K, 99% used [0x00000000ebb00000,0x00000000ebd7eab8,0x00000000ebd80000)
  to   space 2560K, 0% used [0x00000000ecd80000,0x00000000ecd80000,0x00000000ed000000)
 ParOldGen       total 44032K, used 1802K [0x00000000c0000000, 0x00000000c2b00000, 0x00000000eab00000)
  object space 44032K, 4% used [0x00000000c0000000,0x00000000c01c2ae0,0x00000000c2b00000)
 Metaspace       used 5815K, capacity 6832K, committed 7040K, reserved 1056768K
  class space    used 589K, capacity 616K, committed 640K, reserved 1048576K
Event: 3.042 GC heap after
Heap after GC invocations=2 (full 0):
 PSYoungGen      total 35328K, used 2528K [0x00000000eab00000, 0x00000000ed000000, 0x0000000100000000)
  eden space 32768K, 0% used [0x00000000eab00000,0x00000000eab00000,0x00000000ecb00000)
  from space 2560K, 98% used [0x00000000ecd80000,0x00000000ecff8028,0x00000000ed000000)
  to   space 2560K, 0% used [0x00000000ecb00000,0x00000000ecb00000,0x00000000ecd80000)
 ParOldGen       total 44032K, used 3997K [0x00000000c0000000, 0x00000000c2b00000, 0x00000000eab00000)
  object space 44032K, 9% used [0x00000000c0000000,0x00000000c03e75e8,0x00000000c2b00000)
 Metaspace       used 5815K, capacity 6832K, committed 7040K, reserved 1056768K
  class space    used 589K, capacity 616K, committed 640K, reserved 1048576K
}

Deoptimization events (10 events):
Event: 2.223 Thread 0x00000000167c8000 Uncommon trap: reason=null_check action=make_not_entrant pc=0x0000000002a131d8 method=com.android.dx.ssa.SsaRenamer.getLocalForNewReg(I)Lcom/android/dx/rop/code/LocalItem; @ 19
Event: 2.551 Thread 0x00000000004bf800 Uncommon trap: reason=null_check action=make_not_entrant pc=0x0000000002a43c30 method=com.android.dx.ssa.SsaRenamer.getLocalForNewReg(I)Lcom/android/dx/rop/code/LocalItem; @ 19
Event: 2.640 Thread 0x00000000004bf800 Uncommon trap: reason=unstable_if action=reinterpret pc=0x0000000002ad2bdc method=com.android.dx.rop.code.RegisterSpecSet.put(Lcom/android/dx/rop/code/RegisterSpec;)V @ 77
Event: 2.640 Thread 0x00000000004bf800 Uncommon trap: reason=unstable_if action=reinterpret pc=0x0000000002ad4288 method=com.android.dx.rop.code.RegisterSpecSet.put(Lcom/android/dx/rop/code/RegisterSpec;)V @ 77
Event: 2.640 Thread 0x00000000004bf800 Uncommon trap: reason=unstable_if action=reinterpret pc=0x0000000002ac9640 method=com.android.dx.rop.code.RegisterSpec.equals(ILcom/android/dx/rop/type/TypeBearer;Lcom/android/dx/rop/code/LocalItem;)Z @ 42
Event: 3.614 Thread 0x00000000167c8000 Uncommon trap: reason=unstable_if action=reinterpret pc=0x0000000002bedccc method=com.android.dx.ssa.SCCP.simulateStmt(Lcom/android/dx/ssa/SsaInsn;)V @ 435
Event: 3.618 Thread 0x00000000167c8000 Uncommon trap: reason=bimorphic action=maybe_recompile pc=0x00000000029ca0f8 method=java.util.HashMap.getNode(ILjava/lang/Object;)Ljava/util/HashMap$Node; @ 126
Event: 3.618 Thread 0x00000000167c8000 Uncommon trap: reason=class_check action=maybe_recompile pc=0x0000000002b79c88 method=java.util.HashMap.putVal(ILjava/lang/Object;Ljava/lang/Object;ZZ)Ljava/lang/Object; @ 203
Event: 7.521 Thread 0x00000000167c8000 Uncommon trap: reason=unstable_if action=reinterpret pc=0x0000000002c5cdcc method=com.android.dx.rop.code.RegisterSpecSet.localItemToSpec(Lcom/android/dx/rop/code/LocalItem;)Lcom/android/dx/rop/code/RegisterSpec; @ 35
Event: 7.533 Thread 0x00000000167c8000 Uncommon trap: reason=unstable_if action=reinterpret pc=0x0000000002d6663c method=com.android.dx.rop.code.RegisterSpecSet.localItemToSpec(Lcom/android/dx/rop/code/LocalItem;)Lcom/android/dx/rop/code/RegisterSpec; @ 35

Internal exceptions (4 events):
Event: 0.125 Thread 0x00000000004bf800 Exception <a 'java/lang/NoSuchMethodError': Method sun.misc.Unsafe.defineClass(Ljava/lang/String;[BII)Ljava/lang/Class; name or signature does not match> (0x00000000eab0d988) thrown at [C:\re\workspace\8-2-build-windows-amd64-cygwin\jdk8u66\5298\hotspot\srØ5--ø?
Event: 0.125 Thread 0x00000000004bf800 Exception <a 'java/lang/NoSuchMethodError': Method sun.misc.Unsafe.prefetchRead(Ljava/lang/Object;J)V name or signature does not match> (0x00000000eab0dc70) thrown at [C:\re\workspace\8-2-build-windows-amd64-cygwin\jdk8u66\5298\hotspot\src\share\vm\prims\jH◊€-ç»@
Event: 2.223 Thread 0x00000000167c8000 Implicit null exception at 0x0000000002a1119a to 0x0000000002a13195
Event: 2.551 Thread 0x00000000004bf800 Implicit null exception at 0x0000000002a424e6 to 0x0000000002a43c11

Events (10 events):
Event: 7.521 Thread 0x00000000167c8000 Uncommon trap: trap_request=0xffffff65 fr.pc=0x0000000002c5cdcc
Event: 7.521 Thread 0x00000000167c8000 DEOPT PACKING pc=0x0000000002c5cdcc sp=0x000000001775ebe0
Event: 7.521 Thread 0x00000000167c8000 DEOPT UNPACKING pc=0x00000000027c582a sp=0x000000001775eb38 mode 2
Event: 7.533 Thread 0x00000000167c8000 Uncommon trap: trap_request=0xffffff65 fr.pc=0x0000000002d6663c
Event: 7.533 Thread 0x00000000167c8000 DEOPT PACKING pc=0x0000000002d6663c sp=0x000000001775ed50
Event: 7.533 Thread 0x00000000167c8000 DEOPT UNPACKING pc=0x00000000027c582a sp=0x000000001775ecb8 mode 2
Event: 7.556 loading class com/android/dx/cf/attrib/AttRuntimeVisibleAnnotations
Event: 7.556 loading class com/android/dx/cf/attrib/AttRuntimeVisibleAnnotations done
Event: 8.075 loading class com/android/dx/rop/code/RegisterSpec$1
Event: 8.075 loading class com/android/dx/rop/code/RegisterSpec$1 done


Dynamic libraries:
0x000000013f690000 - 0x000000013f6c7000 	C:\Program Files\Java\jdk1.8.0_66\bin\java.exe
0x0000000077a00000 - 0x0000000077ba9000 	C:\windows\SYSTEM32\ntdll.dll
0x00000000777e0000 - 0x00000000778ff000 	C:\windows\system32\kernel32.dll
0x000007fefc4e0000 - 0x000007fefc54c000 	C:\windows\system32\KERNELBASE.dll
0x000007fefe920000 - 0x000007fefe9fb000 	C:\windows\system32\ADVAPI32.dll
0x000007fefe420000 - 0x000007fefe4bf000 	C:\windows\system32\msvcrt.dll
0x000007fefd520000 - 0x000007fefd53f000 	C:\windows\SYSTEM32\sechost.dll
0x000007fefe7f0000 - 0x000007fefe91d000 	C:\windows\system32\RPCRT4.dll
0x0000000077900000 - 0x00000000779fa000 	C:\windows\system32\USER32.dll
0x000007fefd3d0000 - 0x000007fefd437000 	C:\windows\system32\GDI32.dll
0x000007fefcc60000 - 0x000007fefcc6e000 	C:\windows\system32\LPK.dll
0x000007fefcac0000 - 0x000007fefcb8a000 	C:\windows\system32\USP10.dll
0x000007fefadf0000 - 0x000007fefafe4000 	C:\windows\WinSxS\amd64_microsoft.windows.common-controls_6595b64144ccf1df_6.0.7601.18837_none_fa3b1e3d17594757\COMCTL32.dll
0x000007fefd540000 - 0x000007fefd5b1000 	C:\windows\system32\SHLWAPI.dll
0x000007fefd660000 - 0x000007fefd68e000 	C:\windows\system32\IMM32.DLL
0x000007fefe4c0000 - 0x000007fefe5c9000 	C:\windows\system32\MSCTF.dll
0x000007fef6400000 - 0x000007fef6491000 	C:\Program Files (x86)\AVG\AVG2015\avghooka.dll
0x000000005aa30000 - 0x000000005ab02000 	C:\Program Files\Java\jdk1.8.0_66\jre\bin\msvcr100.dll
0x00000000546b0000 - 0x0000000054f39000 	C:\Program Files\Java\jdk1.8.0_66\jre\bin\server\jvm.dll
0x000007fef95c0000 - 0x000007fef95c9000 	C:\windows\system32\WSOCK32.dll
0x000007fefcb90000 - 0x000007fefcbdd000 	C:\windows\system32\WS2_32.dll
0x000007fefe7e0000 - 0x000007fefe7e8000 	C:\windows\system32\NSI.dll
0x000007fefa570000 - 0x000007fefa5ab000 	C:\windows\system32\WINMM.dll
0x000007fefb780000 - 0x000007fefb78c000 	C:\windows\system32\VERSION.dll
0x0000000077bd0000 - 0x0000000077bd7000 	C:\windows\system32\PSAPI.DLL
0x0000000075140000 - 0x000000007514f000 	C:\Program Files\Java\jdk1.8.0_66\jre\bin\verify.dll
0x0000000064170000 - 0x0000000064199000 	C:\Program Files\Java\jdk1.8.0_66\jre\bin\java.dll
0x0000000075060000 - 0x0000000075076000 	C:\Program Files\Java\jdk1.8.0_66\jre\bin\zip.dll
0x000007fefd690000 - 0x000007fefe419000 	C:\windows\system32\SHELL32.dll
0x000007fefe5d0000 - 0x000007fefe7d3000 	C:\windows\system32\ole32.dll
0x000007fefc490000 - 0x000007fefc49f000 	C:\windows\system32\profapi.dll

VM Arguments:
jvm_args: -Djava.awt.headless=true -Xmx1024M -Dfile.encoding=windows-1252 -Duser.country=US -Duser.language=en -Duser.variant 
java_command: com.android.dx.command.Main --dex --num-threads=4 --output C:\Users\DABBY(3pleMinds)\AndroidStudioProjects\Wacos\app\build\intermediates\pre-dexed\debug\com.android.support-support-v4-23.1.1_e7c679e6bdfc3ebfac5b91e2548370aef6678411.jar C:\Users\DABBY(3pleMinds)\AndroidStudioProjects\Wacos\app\build\intermediates\exploded-aar\com.android.support\support-v4\23.1.1\jars\classes.jar
java_class_path (initial): C:\Android\sdk\SDK\sdk\build-tools\23.0.1\lib\dx.jar
Launcher Type: SUN_STANDARD

Environment Variables:
PATH=C:\ProgramData\Oracle\Java\javapath;C:\xampp\apache\bin;C:\xampp\mysql\bin;C:\Program Files\Java\jre1.8.0_66\bin; C:\Program Files\Java\jdk1.8.0_66\bin;C:\Program Files (x86)\PC Connectivity Solution\;C:\Program Files\Common Files\Microsoft Shared\WindowsLive; C:\windows\system32;C:\windows;C:\windows\System32\Wbem;C:\windows\System32\WindowsPowerShell\v1.0\;C:\Program Files (x86)\Common Files\Roxio Shared\DLLShared\;C:\Program Files (x86)\Common Files\Roxio Shared\OEM\DLLShared\;C:\Program Files (x86)\Common Files\Roxio Shared\OEM\DLLShared\;C:\Program Files (x86)\Common Files\Roxio Shared\OEM\12.0\DLLShared\;C:\Program Files (x86)\Roxio\OEM\AudioCore\;C:\Program Files (x86)\Intel\Services\IPT\; C:\Program Files (x86)\MySQL\sqlite-shell-win32-x86-3080500;C:\cygwin64\bin;C:\Program Files\nodejs\node.exe;C:\wamp\bin\php\php5.5.12;C:\ProgramData\ComposerSetup\bin;C:\windows\system32;C:\Program Files\nodejs\node.exe;%ANT_HOME%;%ANDROID_HOME%;%ANDROID_TOOL%;C:\\Users\DABBY(3pleMinds)\AppData\Roaming\Composer\vendor\bin
USERNAME=DABBY(3pleMinds)
OS=Windows_NT
PROCESSOR_IDENTIFIER=Intel64 Family 6 Model 42 Stepping 7, GenuineIntel



---------------  S Y S T E M  ---------------

OS: Windows 7 , 64 bit Build 7601 (6.1.7601.19110)

CPU:total 4 (2 cores per cpu, 2 threads per core) family 6 model 42 stepping 7, cmov, cx8, fxsr, mmx, sse, sse2, sse3, ssse3, sse4.1, sse4.2, popcnt, avx, aes, clmul, ht, tsc, tscinvbit

Memory: 4k page, physical 4127084k(157096k free), swap 8716012k(5040k free)

vm_info: Java HotSpot(TM) 64-Bit Server VM (25.66-b18) for windows-amd64 JRE (1.8.0_66-b18), built on Nov  9 2015 10:51:13 by "java_re" with MS VC++ 10.0 (VS2010)

time: Wed Jan 27 03:21:58 2016
elapsed time: 10 seconds (0d 0h 0m 10s)

