#
# There is insufficient memory for the Java Runtime Environment to continue.
# Native memory allocation (malloc) failed to allocate 32744 bytes for ChunkPool::allocate
# Possible reasons:
#   The system is out of physical RAM or swap space
#   In 32 bit mode, the process size limit was hit
# Possible solutions:
#   Reduce memory load on the system
#   Increase physical memory or swap space
#   Check if swap backing store is full
#   Use 64 bit Java on a 64 bit OS
#   Decrease Java heap size (-Xmx/-Xms)
#   Decrease number of Java threads
#   Decrease Java thread stack sizes (-Xss)
#   Set larger code cache with -XX:ReservedCodeCacheSize=
# This output file may be truncated or incomplete.
#
#  Out of Memory Error (allocation.cpp:273), pid=2516, tid=1264
#
# JRE version: Java(TM) SE Runtime Environment (8.0_66-b18) (build 1.8.0_66-b18)
# Java VM: Java HotSpot(TM) 64-Bit Server VM (25.66-b18 mixed mode windows-amd64 compressed oops)
# Failed to write core dump. Minidumps are not enabled by default on client versions of Windows
#

---------------  T H R E A D  ---------------

Current thread (0x00000000564b1800):  JavaThread "C2 CompilerThread0" daemon [_thread_in_native, id=1264, stack(0x0000000056e60000,0x0000000056f60000)]

Stack: [0x0000000056e60000,0x0000000056f60000]
[error occurred during error reporting (printing stack bounds), id 0xc0000005]

Native frames: (J=compiled Java code, j=interpreted, Vv=VM code, C=native code)


Current CompileTask:
C2:  10736 1999       4       com.android.dx.ssa.SsaMethod::mapRegisters (87 bytes)


---------------  P R O C E S S  ---------------

Java Threads: ( => current thread )
  0x0000000056741000 JavaThread "pool-1-thread-4" [_thread_blocked, id=12772, stack(0x00000000579f0000,0x0000000057af0000)]
  0x000000005673c000 JavaThread "pool-1-thread-3" [_thread_blocked, id=13216, stack(0x0000000056aa0000,0x0000000056ba0000)]
  0x0000000056739000 JavaThread "pool-1-thread-2" [_thread_blocked, id=13004, stack(0x00000000578b0000,0x00000000579b0000)]
  0x000000005672f800 JavaThread "pool-2-thread-1" [_thread_blocked, id=13120, stack(0x0000000057720000,0x0000000057820000)]
  0x000000005672d800 JavaThread "pool-1-thread-1" [_thread_in_Java, id=6068, stack(0x00000000575b0000,0x00000000576b0000)]
  0x00000000564b8000 JavaThread "Service Thread" daemon [_thread_blocked, id=10304, stack(0x0000000057330000,0x0000000057430000)]
  0x00000000564b4800 JavaThread "C1 CompilerThread2" daemon [_thread_blocked, id=12484, stack(0x0000000057160000,0x0000000057260000)]
  0x00000000564b3800 JavaThread "C2 CompilerThread1" daemon [_thread_in_native, id=8716, stack(0x0000000056fc0000,0x00000000570c0000)]
=>0x00000000564b1800 JavaThread "C2 CompilerThread0" daemon [_thread_in_native, id=1264, stack(0x0000000056e60000,0x0000000056f60000)]
  0x00000000564b0800 JavaThread "Attach Listener" daemon [_thread_blocked, id=3396, stack(0x0000000056c80000,0x0000000056d80000)]
  0x00000000550d4800 JavaThread "Signal Dispatcher" daemon [_thread_blocked, id=13144, stack(0x00000000569a0000,0x0000000056aa0000)]
  0x0000000055071800 JavaThread "Finalizer" daemon [_thread_blocked, id=7100, stack(0x00000000563b0000,0x00000000564b0000)]
  0x0000000055070000 JavaThread "Reference Handler" daemon [_thread_blocked, id=10280, stack(0x0000000056290000,0x0000000056390000)]
  0x00000000021df800 JavaThread "main" [_thread_in_Java, id=8796, stack(0x0000000002200000,0x0000000002300000)]

Other Threads:
  0x000000005506a800 VMThread [stack: 0x0000000056110000,0x0000000056210000] [id=8820]
  0x000000005652a800 WatcherThread [stack: 0x0000000057440000,0x0000000057540000] [id=10000]

VM state:not at safepoint (normal execution)

VM Mutex/Monitor currently owned by a thread: None

Heap:
 PSYoungGen      total 56320K, used 4611K [0x00000000eab00000, 0x00000000f4700000, 0x0000000100000000)
  eden space 53760K, 8% used [0x00000000eab00000,0x00000000eaf80c28,0x00000000edf80000)
  from space 2560K, 0% used [0x00000000eed80000,0x00000000eed80000,0x00000000ef000000)
  to   space 14336K, 0% used [0x00000000edf80000,0x00000000edf80000,0x00000000eed80000)
 ParOldGen       total 68096K, used 33147K [0x00000000c0000000, 0x00000000c4280000, 0x00000000eab00000)
  object space 68096K, 48% used [0x00000000c0000000,0x00000000c205eeb8,0x00000000c4280000)
 Metaspace       used 6291K, capacity 7192K, committed 7424K, reserved 1056768K
  class space    used 616K, capacity 656K, committed 768K, reserved 1048576K

Card table byte_map: [0x0000000011a50000,0x0000000011c60000] byte_map_base: 0x0000000011450000

Marking Bits: (ParMarkBitMap*) 0x000000005a57a5b0
 Begin Bits: [0x00000000124e0000, 0x00000000134e0000)
 End Bits:   [0x00000000134e0000, 0x00000000144e0000)

Polling page: 0x0000000000250000

CodeCache: size=245760Kb used=7932Kb max_used=7949Kb free=237827Kb
 bounds [0x0000000002690000, 0x0000000002e60000, 0x0000000011690000]
 total_blobs=2101 nmethods=1832 adapters=182
 compilation: enabled

Compilation events (10 events):
Event: 9.294 Thread 0x00000000564b1800 nmethod 1972 0x0000000002e29390 code [0x0000000002e29500, 0x0000000002e29958]
Event: 9.294 Thread 0x00000000564b1800 1970       4       com.android.dx.dex.code.RopTranslator::pickOrder (400 bytes)
Event: 10.661 Thread 0x00000000564b4800 1991       2       java.util.zip.ZipFile$ZipFileInflaterInputStream::finalize (5 bytes)
Event: 10.662 Thread 0x00000000564b3800 nmethod 1980 0x0000000002e53190 code [0x0000000002e53300, 0x0000000002e539b8]
Event: 10.662 Thread 0x00000000564b3800 1988 %     4       com.android.dx.ssa.SsaConverter::placePhiFunctions @ 131 (394 bytes)
Event: 10.663 Thread 0x00000000564b4800 nmethod 1991 0x0000000002e52510 code [0x0000000002e52680, 0x0000000002e527e8]
Event: 10.663 Thread 0x00000000564b4800 1992       2       java.util.zip.ZipFile$ZipFileInputStream::finalize (5 bytes)
Event: 10.663 Thread 0x00000000564b4800 nmethod 1992 0x0000000002e52dd0 code [0x0000000002e52f40, 0x0000000002e530a8]
Event: 10.716 Thread 0x00000000564b1800 nmethod 1970 0x0000000002e58d10 code [0x0000000002e58f20, 0x0000000002e5a630]
Event: 10.716 Thread 0x00000000564b1800 1999       4       com.android.dx.ssa.SsaMethod::mapRegisters (87 bytes)

GC Heap History (10 events):
Event: 3.394 GC heap before
{Heap before GC invocations=3 (full 0):
 PSYoungGen      total 35328K, used 35319K [0x00000000eab00000, 0x00000000ed000000, 0x0000000100000000)
  eden space 32768K, 100% used [0x00000000eab00000,0x00000000ecb00000,0x00000000ecb00000)
  from space 2560K, 99% used [0x00000000ecd80000,0x00000000ecffde70,0x00000000ed000000)
  to   space 2560K, 0% used [0x00000000ecb00000,0x00000000ecb00000,0x00000000ecd80000)
 ParOldGen       total 44032K, used 4423K [0x00000000c0000000, 0x00000000c2b00000, 0x00000000eab00000)
  object space 44032K, 10% used [0x00000000c0000000,0x00000000c0451df0,0x00000000c2b00000)
 Metaspace       used 6045K, capacity 7088K, committed 7296K, reserved 1056768K
  class space    used 595K, capacity 616K, committed 640K, reserved 1048576K
Event: 3.636 GC heap after
Heap after GC invocations=3 (full 0):
 PSYoungGen      total 35328K, used 2549K [0x00000000eab00000, 0x00000000ef000000, 0x0000000100000000)
  eden space 32768K, 0% used [0x00000000eab00000,0x00000000eab00000,0x00000000ecb00000)
  from space 2560K, 99% used [0x00000000ecb00000,0x00000000ecd7d798,0x00000000ecd80000)
  to   space 2560K, 0% used [0x00000000eed80000,0x00000000eed80000,0x00000000ef000000)
 ParOldGen       total 44032K, used 9080K [0x00000000c0000000, 0x00000000c2b00000, 0x00000000eab00000)
  object space 44032K, 20% used [0x00000000c0000000,0x00000000c08de3b8,0x00000000c2b00000)
 Metaspace       used 6045K, capacity 7088K, committed 7296K, reserved 1056768K
  class space    used 595K, capacity 616K, committed 640K, reserved 1048576K
}
Event: 4.456 GC heap before
{Heap before GC invocations=4 (full 0):
 PSYoungGen      total 35328K, used 35317K [0x00000000eab00000, 0x00000000ef000000, 0x0000000100000000)
  eden space 32768K, 100% used [0x00000000eab00000,0x00000000ecb00000,0x00000000ecb00000)
  from space 2560K, 99% used [0x00000000ecb00000,0x00000000ecd7d798,0x00000000ecd80000)
  to   space 2560K, 0% used [0x00000000eed80000,0x00000000eed80000,0x00000000ef000000)
 ParOldGen       total 44032K, used 9080K [0x00000000c0000000, 0x00000000c2b00000, 0x00000000eab00000)
  object space 44032K, 20% used [0x00000000c0000000,0x00000000c08de3b8,0x00000000c2b00000)
 Metaspace       used 6111K, capacity 7088K, committed 7296K, reserved 1056768K
  class space    used 595K, capacity 616K, committed 640K, reserved 1048576K
Event: 4.631 GC heap after
Heap after GC invocations=4 (full 0):
 PSYoungGen      total 68096K, used 2549K [0x00000000eab00000, 0x00000000ef000000, 0x0000000100000000)
  eden space 65536K, 0% used [0x00000000eab00000,0x00000000eab00000,0x00000000eeb00000)
  from space 2560K, 99% used [0x00000000eed80000,0x00000000eeffd7d8,0x00000000ef000000)
  to   space 2560K, 0% used [0x00000000eeb00000,0x00000000eeb00000,0x00000000eed80000)
 ParOldGen       total 44032K, used 14087K [0x00000000c0000000, 0x00000000c2b00000, 0x00000000eab00000)
  object space 44032K, 31% used [0x00000000c0000000,0x00000000c0dc1cc0,0x00000000c2b00000)
 Metaspace       used 6111K, capacity 7088K, committed 7296K, reserved 1056768K
  class space    used 595K, capacity 616K, committed 640K, reserved 1048576K
}
Event: 5.734 GC heap before
{Heap before GC invocations=5 (full 0):
 PSYoungGen      total 68096K, used 68085K [0x00000000eab00000, 0x00000000ef000000, 0x0000000100000000)
  eden space 65536K, 100% used [0x00000000eab00000,0x00000000eeb00000,0x00000000eeb00000)
  from space 2560K, 99% used [0x00000000eed80000,0x00000000eeffd7d8,0x00000000ef000000)
  to   space 2560K, 0% used [0x00000000eeb00000,0x00000000eeb00000,0x00000000eed80000)
 ParOldGen       total 44032K, used 14087K [0x00000000c0000000, 0x00000000c2b00000, 0x00000000eab00000)
  object space 44032K, 31% used [0x00000000c0000000,0x00000000c0dc1cc0,0x00000000c2b00000)
 Metaspace       used 6117K, capacity 7088K, committed 7296K, reserved 1056768K
  class space    used 595K, capacity 616K, committed 640K, reserved 1048576K
Event: 5.968 GC heap after
Heap after GC invocations=5 (full 0):
 PSYoungGen      total 68096K, used 2557K [0x00000000eab00000, 0x00000000ef000000, 0x0000000100000000)
  eden space 65536K, 0% used [0x00000000eab00000,0x00000000eab00000,0x00000000eeb00000)
  from space 2560K, 99% used [0x00000000eeb00000,0x00000000eed7f628,0x00000000eed80000)
  to   space 2560K, 0% used [0x00000000eed80000,0x00000000eed80000,0x00000000ef000000)
 ParOldGen       total 44032K, used 24393K [0x00000000c0000000, 0x00000000c2b00000, 0x00000000eab00000)
  object space 44032K, 55% used [0x00000000c0000000,0x00000000c17d2618,0x00000000c2b00000)
 Metaspace       used 6117K, capacity 7088K, committed 7296K, reserved 1056768K
  class space    used 595K, capacity 616K, committed 640K, reserved 1048576K
}
Event: 9.301 GC heap before
{Heap before GC invocations=6 (full 0):
 PSYoungGen      total 68096K, used 68093K [0x00000000eab00000, 0x00000000ef000000, 0x0000000100000000)
  eden space 65536K, 100% used [0x00000000eab00000,0x00000000eeb00000,0x00000000eeb00000)
  from space 2560K, 99% used [0x00000000eeb00000,0x00000000eed7f628,0x00000000eed80000)
  to   space 2560K, 0% used [0x00000000eed80000,0x00000000eed80000,0x00000000ef000000)
 ParOldGen       total 44032K, used 24393K [0x00000000c0000000, 0x00000000c2b00000, 0x00000000eab00000)
  object space 44032K, 55% used [0x00000000c0000000,0x00000000c17d2618,0x00000000c2b00000)
 Metaspace       used 6290K, capacity 7192K, committed 7424K, reserved 1056768K
  class space    used 616K, capacity 656K, committed 768K, reserved 1048576K
Event: 9.406 GC heap after
Heap after GC invocations=6 (full 0):
 PSYoungGen      total 56320K, used 2557K [0x00000000eab00000, 0x00000000f4700000, 0x0000000100000000)
  eden space 53760K, 0% used [0x00000000eab00000,0x00000000eab00000,0x00000000edf80000)
  from space 2560K, 99% used [0x00000000eed80000,0x00000000eefff6b8,0x00000000ef000000)
  to   space 14336K, 0% used [0x00000000edf80000,0x00000000edf80000,0x00000000eed80000)
 ParOldGen       total 44032K, used 33366K [0x00000000c0000000, 0x00000000c2b00000, 0x00000000eab00000)
  object space 44032K, 75% used [0x00000000c0000000,0x00000000c2095a50,0x00000000c2b00000)
 Metaspace       used 6290K, capacity 7192K, committed 7424K, reserved 1056768K
  class space    used 616K, capacity 656K, committed 768K, reserved 1048576K
}
Event: 9.406 GC heap before
{Heap before GC invocations=7 (full 1):
 PSYoungGen      total 56320K, used 2557K [0x00000000eab00000, 0x00000000f4700000, 0x0000000100000000)
  eden space 53760K, 0% used [0x00000000eab00000,0x00000000eab00000,0x00000000edf80000)
  from space 2560K, 99% used [0x00000000eed80000,0x00000000eefff6b8,0x00000000ef000000)
  to   space 14336K, 0% used [0x00000000edf80000,0x00000000edf80000,0x00000000eed80000)
 ParOldGen       total 44032K, used 33366K [0x00000000c0000000, 0x00000000c2b00000, 0x00000000eab00000)
  object space 44032K, 75% used [0x00000000c0000000,0x00000000c2095a50,0x00000000c2b00000)
 Metaspace       used 6290K, capacity 7192K, committed 7424K, reserved 1056768K
  class space    used 616K, capacity 656K, committed 768K, reserved 1048576K
Event: 10.660 GC heap after
Heap after GC invocations=7 (full 1):
 PSYoungGen      total 56320K, used 0K [0x00000000eab00000, 0x00000000f4700000, 0x0000000100000000)
  eden space 53760K, 0% used [0x00000000eab00000,0x00000000eab00000,0x00000000edf80000)
  from space 2560K, 0% used [0x00000000eed80000,0x00000000eed80000,0x00000000ef000000)
  to   space 14336K, 0% used [0x00000000edf80000,0x00000000edf80000,0x00000000eed80000)
 ParOldGen       total 68096K, used 33147K [0x00000000c0000000, 0x00000000c4280000, 0x00000000eab00000)
  object space 68096K, 48% used [0x00000000c0000000,0x00000000c205eeb8,0x00000000c4280000)
 Metaspace       used 6290K, capacity 7192K, committed 7424K, reserved 1056768K
  class space    used 616K, capacity 656K, committed 768K, reserved 1048576K
}

Deoptimization events (10 events):
Event: 6.040 Thread 0x000000005672d800 Uncommon trap: reason=unstable_if action=reinterpret pc=0x0000000002bcfdb8 method=java.util.HashMap.getNode(ILjava/lang/Object;)Ljava/util/HashMap$Node; @ 84
Event: 6.041 Thread 0x000000005672d800 Uncommon trap: reason=unstable_if action=reinterpret pc=0x0000000002c2b6c0 method=java.util.HashMap.getNode(ILjava/lang/Object;)Ljava/util/HashMap$Node; @ 84
Event: 6.041 Thread 0x000000005672d800 Uncommon trap: reason=unstable_if action=reinterpret pc=0x0000000002bcb8f0 method=java.util.HashMap.getNode(ILjava/lang/Object;)Ljava/util/HashMap$Node; @ 84
Event: 7.263 Thread 0x0000000056739000 Uncommon trap: reason=bimorphic action=maybe_recompile pc=0x0000000002cb911c method=com.android.dx.rop.code.RegisterSpec.withSimpleType()Lcom/android/dx/rop/code/RegisterSpec; @ 21
Event: 7.275 Thread 0x0000000056739000 Uncommon trap: reason=bimorphic action=maybe_recompile pc=0x0000000002cb911c method=com.android.dx.rop.code.RegisterSpec.withSimpleType()Lcom/android/dx/rop/code/RegisterSpec; @ 21
Event: 7.294 Thread 0x0000000056739000 Uncommon trap: reason=bimorphic action=maybe_recompile pc=0x0000000002cb911c method=com.android.dx.rop.code.RegisterSpec.withSimpleType()Lcom/android/dx/rop/code/RegisterSpec; @ 21
Event: 7.313 Thread 0x0000000056739000 Uncommon trap: reason=bimorphic action=maybe_recompile pc=0x0000000002cb911c method=com.android.dx.rop.code.RegisterSpec.withSimpleType()Lcom/android/dx/rop/code/RegisterSpec; @ 21
Event: 7.832 Thread 0x000000005672d800 Uncommon trap: reason=null_check action=make_not_entrant pc=0x0000000002d59f50 method=com.android.dx.cf.code.Ropper$CatchInfo.getSetup(Lcom/android/dx/rop/type/Type;)Lcom/android/dx/cf/code/Ropper$ExceptionHandlerSetup; @ 10
Event: 7.975 Thread 0x0000000056741000 Uncommon trap: reason=unstable_if action=reinterpret pc=0x0000000002dac13c method=java.util.HashMap.putVal(ILjava/lang/Object;Ljava/lang/Object;ZZ)Ljava/lang/Object; @ 109
Event: 7.986 Thread 0x0000000056741000 Uncommon trap: reason=unstable_if action=reinterpret pc=0x0000000002c50f60 method=com.android.dx.rop.cst.CstNat.equals(Ljava/lang/Object;)Z @ 25

Internal exceptions (8 events):
Event: 0.150 Thread 0x00000000021df800 Exception <a 'java/lang/NoSuchMethodError': Method sun.misc.Unsafe.defineClass(Ljava/lang/String;[BII)Ljava/lang/Class; name or signature does not match> (0x00000000eab0d948) thrown at [C:\re\workspace\8-2-build-windows-amd64-cygwin\jdk8u66\5298\hotspot\srràÔ√Å0√?
Event: 0.150 Thread 0x00000000021df800 Exception <a 'java/lang/NoSuchMethodError': Method sun.misc.Unsafe.prefetchRead(Ljava/lang/Object;J)V name or signature does not match> (0x00000000eab0dc30) thrown at [C:\re\workspace\8-2-build-windows-amd64-cygwin\jdk8u66\5298\hotspot\src\share\vm\prims\jºnà|üì¸?
Event: 1.786 Thread 0x000000005672d800 Implicit null exception at 0x00000000029e66d6 to 0x00000000029e87a1
Event: 1.999 Thread 0x0000000056739000 Implicit null exception at 0x00000000029c29d2 to 0x00000000029c2ac2
Event: 5.993 Thread 0x000000005672d800 Exception <a 'java/lang/ArrayIndexOutOfBoundsException': 18> (0x00000000eabded28) thrown at [C:\re\workspace\8-2-build-windows-amd64-cygwin\jdk8u66\5298\hotspot\src\share\vm\interpreter\interpreterRuntime.cpp, line 366]
Event: 5.993 Thread 0x000000005672d800 Exception <a 'java/lang/ArrayIndexOutOfBoundsException': 145> (0x00000000eabe08a8) thrown at [C:\re\workspace\8-2-build-windows-amd64-cygwin\jdk8u66\5298\hotspot\src\share\vm\interpreter\interpreterRuntime.cpp, line 366]
Event: 6.029 Thread 0x000000005672d800 Exception <a 'java/lang/ArrayIndexOutOfBoundsException': 40> (0x00000000eabe1b90) thrown at [C:\re\workspace\8-2-build-windows-amd64-cygwin\jdk8u66\5298\hotspot\src\share\vm\interpreter\interpreterRuntime.cpp, line 366]
Event: 7.832 Thread 0x000000005672d800 Implicit null exception at 0x0000000002d559b0 to 0x0000000002d59f09

Events (10 events):
Event: 8.207 Thread 0x00000000021df800 DEOPT PACKING pc=0x0000000002c81dfa sp=0x00000000022fec30
Event: 8.207 Thread 0x00000000021df800 DEOPT UNPACKING pc=0x00000000026d787f sp=0x00000000022fea40 mode 0
Event: 8.252 Thread 0x0000000056739000 DEOPT PACKING pc=0x0000000002c7ec69 sp=0x00000000579aef80
Event: 8.252 Thread 0x0000000056739000 DEOPT UNPACKING pc=0x00000000026d787f sp=0x00000000579aed88 mode 0
Event: 8.623 loading class com/android/dx/cf/iface/ParseObserver
Event: 8.623 loading class com/android/dx/cf/iface/ParseObserver done
Event: 9.294 Thread 0x000000005672d800 DEOPT PACKING pc=0x000000000296f324 sp=0x00000000576aedc0
Event: 9.294 Thread 0x000000005672d800 DEOPT UNPACKING pc=0x00000000026d787f sp=0x00000000576aead8 mode 0
Event: 9.301 Executing VM operation: ParallelGCFailedAllocation
Event: 10.660 Executing VM operation: ParallelGCFailedAllocation done


Dynamic libraries:
0x000000013fa10000 - 0x000000013fa47000 	C:\Program Files\Java\jdk1.8.0_66\bin\java.exe
0x0000000076fe0000 - 0x0000000077189000 	C:\windows\SYSTEM32\ntdll.dll
0x0000000076ec0000 - 0x0000000076fdf000 	C:\windows\system32\kernel32.dll
0x000007fefbc30000 - 0x000007fefbc9c000 	C:\windows\system32\KERNELBASE.dll
0x000007fefbe30000 - 0x000007fefbf0b000 	C:\windows\system32\ADVAPI32.dll
0x000007fefdc40000 - 0x000007fefdcdf000 	C:\windows\system32\msvcrt.dll
0x000007fefd0a0000 - 0x000007fefd0bf000 	C:\windows\SYSTEM32\sechost.dll
0x000007fefcf70000 - 0x000007fefd09d000 	C:\windows\system32\RPCRT4.dll
0x0000000076dc0000 - 0x0000000076eba000 	C:\windows\system32\USER32.dll
0x000007fefd0c0000 - 0x000007fefd127000 	C:\windows\system32\GDI32.dll
0x000007fefd8b0000 - 0x000007fefd8be000 	C:\windows\system32\LPK.dll
0x000007fefdd80000 - 0x000007fefde4a000 	C:\windows\system32\USP10.dll
0x000007fefa3a0000 - 0x000007fefa594000 	C:\windows\WinSxS\amd64_microsoft.windows.common-controls_6595b64144ccf1df_6.0.7601.18837_none_fa3b1e3d17594757\COMCTL32.dll
0x000007fefd700000 - 0x000007fefd771000 	C:\windows\system32\SHLWAPI.dll
0x000007fefd8c0000 - 0x000007fefd8ee000 	C:\windows\system32\IMM32.DLL
0x000007fefd130000 - 0x000007fefd239000 	C:\windows\system32\MSCTF.dll
0x000007fef5420000 - 0x000007fef54b1000 	C:\Program Files (x86)\AVG\AVG2015\avghooka.dll
0x0000000068610000 - 0x00000000686e2000 	C:\Program Files\Java\jdk1.8.0_66\jre\bin\msvcr100.dll
0x0000000059d70000 - 0x000000005a5f9000 	C:\Program Files\Java\jdk1.8.0_66\jre\bin\server\jvm.dll
0x000007fef8650000 - 0x000007fef8659000 	C:\windows\system32\WSOCK32.dll
0x000007fefd860000 - 0x000007fefd8ad000 	C:\windows\system32\WS2_32.dll
0x000007fefd6f0000 - 0x000007fefd6f8000 	C:\windows\system32\NSI.dll
0x000007fef9ed0000 - 0x000007fef9f0b000 	C:\windows\system32\WINMM.dll
0x000007fefada0000 - 0x000007fefadac000 	C:\windows\system32\VERSION.dll
0x00000000771b0000 - 0x00000000771b7000 	C:\windows\system32\PSAPI.DLL
0x000000006b8b0000 - 0x000000006b8bf000 	C:\Program Files\Java\jdk1.8.0_66\jre\bin\verify.dll
0x0000000065430000 - 0x0000000065459000 	C:\Program Files\Java\jdk1.8.0_66\jre\bin\java.dll
0x0000000065370000 - 0x0000000065386000 	C:\Program Files\Java\jdk1.8.0_66\jre\bin\zip.dll
0x000007fefc1e0000 - 0x000007fefcf69000 	C:\windows\system32\SHELL32.dll
0x000007fefbf10000 - 0x000007fefc113000 	C:\windows\system32\ole32.dll
0x000007fefba80000 - 0x000007fefba8f000 	C:\windows\system32\profapi.dll

VM Arguments:
jvm_args: -Djava.awt.headless=true -Xmx1024M -Dfile.encoding=windows-1252 -Duser.country=US -Duser.language=en -Duser.variant 
java_command: com.android.dx.command.Main --dex --num-threads=4 --output C:\Users\DABBY(3pleMinds)\AndroidStudioProjects\Wacos\app\build\intermediates\pre-dexed\debug\com.android.support-appcompat-v7-23.1.1_deb917520a6f621cd6e63868f060d1d2310f9a95.jar C:\Users\DABBY(3pleMinds)\AndroidStudioProjects\Wacos\app\build\intermediates\exploded-aar\com.android.support\appcompat-v7\23.1.1\jars\classes.jar
java_class_path (initial): C:\Android\sdk\SDK\sdk\build-tools\23.0.1\lib\dx.jar
Launcher Type: SUN_STANDARD

Environment Variables:
PATH=C:\ProgramData\Oracle\Java\javapath;C:\xampp\apache\bin;C:\xampp\mysql\bin;C:\Program Files\Java\jre1.8.0_66\bin; C:\Program Files\Java\jdk1.8.0_66\bin;C:\Program Files (x86)\PC Connectivity Solution\;C:\Program Files\Common Files\Microsoft Shared\WindowsLive; C:\windows\system32;C:\windows;C:\windows\System32\Wbem;C:\windows\System32\WindowsPowerShell\v1.0\;C:\Program Files (x86)\Common Files\Roxio Shared\DLLShared\;C:\Program Files (x86)\Common Files\Roxio Shared\OEM\DLLShared\;C:\Program Files (x86)\Common Files\Roxio Shared\OEM\DLLShared\;C:\Program Files (x86)\Common Files\Roxio Shared\OEM\12.0\DLLShared\;C:\Program Files (x86)\Roxio\OEM\AudioCore\;C:\Program Files (x86)\Intel\Services\IPT\; C:\Program Files (x86)\MySQL\sqlite-shell-win32-x86-3080500;C:\cygwin64\bin;C:\Program Files\nodejs\node.exe;C:\wamp\bin\php\php5.5.12;C:\ProgramData\ComposerSetup\bin;C:\windows\system32;%ANT_HOME%;%ANDROID_HOME%;%ANDROID_TOOL%;C:\\Users\DABBY(3pleMinds)\AppData\Roaming\Composer\vendor\bin
USERNAME=DABBY(3pleMinds)
OS=Windows_NT
PROCESSOR_IDENTIFIER=Intel64 Family 6 Model 42 Stepping 7, GenuineIntel



---------------  S Y S T E M  ---------------

OS: Windows 7 , 64 bit Build 7601 (6.1.7601.19110)

CPU:total 4 (2 cores per cpu, 2 threads per core) family 6 model 42 stepping 7, cmov, cx8, fxsr, mmx, sse, sse2, sse3, ssse3, sse4.1, sse4.2, popcnt, avx, aes, clmul, ht, tsc, tscinvbit

Memory: 4k page, physical 4127084k(185884k free), swap 9213808k(5064k free)

vm_info: Java HotSpot(TM) 64-Bit Server VM (25.66-b18) for windows-amd64 JRE (1.8.0_66-b18), built on Nov  9 2015 10:51:13 by "java_re" with MS VC++ 10.0 (VS2010)

time: Mon Jan 18 17:16:05 2016
elapsed time: 10 seconds (0d 0h 0m 10s)

